mode: set
github.com/aerol-ai/microvm/cmd/sandboxd/main.go:27.13,29.16 2 0
github.com/aerol-ai/microvm/cmd/sandboxd/main.go:29.16,30.13 1 0
github.com/aerol-ai/microvm/cmd/sandboxd/main.go:33.2,40.16 6 0
github.com/aerol-ai/microvm/cmd/sandboxd/main.go:40.16,43.3 2 0
github.com/aerol-ai/microvm/cmd/sandboxd/main.go:44.2,47.16 3 0
github.com/aerol-ai/microvm/cmd/sandboxd/main.go:47.16,50.3 2 0
github.com/aerol-ai/microvm/cmd/sandboxd/main.go:52.2,53.16 2 0
github.com/aerol-ai/microvm/cmd/sandboxd/main.go:53.16,56.3 2 0
github.com/aerol-ai/microvm/cmd/sandboxd/main.go:58.2,61.16 3 0
github.com/aerol-ai/microvm/cmd/sandboxd/main.go:61.16,64.3 2 0
github.com/aerol-ai/microvm/cmd/sandboxd/main.go:66.2,71.16 2 0
github.com/aerol-ai/microvm/cmd/sandboxd/main.go:71.16,74.3 2 0
github.com/aerol-ai/microvm/cmd/sandboxd/main.go:75.2,78.16 3 0
github.com/aerol-ai/microvm/cmd/sandboxd/main.go:78.16,84.3 1 0
github.com/aerol-ai/microvm/cmd/sandboxd/main.go:85.2,85.34 1 0
github.com/aerol-ai/microvm/cmd/sandboxd/main.go:85.34,87.3 1 0
github.com/aerol-ai/microvm/cmd/sandboxd/main.go:88.2,88.34 1 0
github.com/aerol-ai/microvm/cmd/sandboxd/main.go:88.34,90.3 1 0
github.com/aerol-ai/microvm/cmd/sandboxd/main.go:91.2,107.23 5 0
github.com/aerol-ai/microvm/cmd/sandboxd/main.go:107.23,108.44 1 0
github.com/aerol-ai/microvm/cmd/sandboxd/main.go:108.44,110.4 1 0
github.com/aerol-ai/microvm/cmd/sandboxd/main.go:111.3,111.30 1 0
github.com/aerol-ai/microvm/cmd/sandboxd/main.go:113.2,116.26 3 0
github.com/aerol-ai/microvm/cmd/sandboxd/main.go:116.26,122.17 2 0
github.com/aerol-ai/microvm/cmd/sandboxd/main.go:122.17,125.4 2 0
github.com/aerol-ai/microvm/cmd/sandboxd/main.go:126.3,126.13 1 0
github.com/aerol-ai/microvm/cmd/sandboxd/main.go:126.13,127.40 1 0
github.com/aerol-ai/microvm/cmd/sandboxd/main.go:127.40,129.5 1 0
github.com/aerol-ai/microvm/cmd/sandboxd/main.go:133.2,140.12 3 0
github.com/aerol-ai/microvm/cmd/sandboxd/main.go:140.12,141.94 1 0
github.com/aerol-ai/microvm/cmd/sandboxd/main.go:141.94,144.4 2 0
github.com/aerol-ai/microvm/cmd/sandboxd/main.go:147.2,152.57 5 0
github.com/aerol-ai/microvm/cmd/sandboxd/main.go:152.57,154.3 1 0
github.com/aerol-ai/microvm/cmd/toolboxd/exec_stream.go:33.46,33.61 1 0
github.com/aerol-ai/microvm/cmd/toolboxd/exec_stream.go:65.75,67.16 2 0
github.com/aerol-ai/microvm/cmd/toolboxd/exec_stream.go:67.16,71.3 2 0
github.com/aerol-ai/microvm/cmd/toolboxd/exec_stream.go:72.2,76.79 2 0
github.com/aerol-ai/microvm/cmd/toolboxd/exec_stream.go:76.79,78.3 1 0
github.com/aerol-ai/microvm/cmd/toolboxd/exec_stream.go:79.2,80.46 2 0
github.com/aerol-ai/microvm/cmd/toolboxd/exec_stream.go:80.46,83.3 2 0
github.com/aerol-ai/microvm/cmd/toolboxd/exec_stream.go:84.2,84.25 1 0
github.com/aerol-ai/microvm/cmd/toolboxd/exec_stream.go:84.25,87.3 2 0
github.com/aerol-ai/microvm/cmd/toolboxd/exec_stream.go:89.2,92.25 3 0
github.com/aerol-ai/microvm/cmd/toolboxd/exec_stream.go:92.25,94.3 1 0
github.com/aerol-ai/microvm/cmd/toolboxd/exec_stream.go:95.2,100.15 3 0
github.com/aerol-ai/microvm/cmd/toolboxd/exec_stream.go:100.15,102.3 1 0
github.com/aerol-ai/microvm/cmd/toolboxd/exec_stream.go:102.8,104.3 1 0
github.com/aerol-ai/microvm/cmd/toolboxd/exec_stream.go:107.93,109.15 2 0
github.com/aerol-ai/microvm/cmd/toolboxd/exec_stream.go:109.15,111.3 1 0
github.com/aerol-ai/microvm/cmd/toolboxd/exec_stream.go:112.2,112.15 1 0
github.com/aerol-ai/microvm/cmd/toolboxd/exec_stream.go:112.15,114.3 1 0
github.com/aerol-ai/microvm/cmd/toolboxd/exec_stream.go:116.2,117.16 2 0
github.com/aerol-ai/microvm/cmd/toolboxd/exec_stream.go:117.16,120.3 2 0
github.com/aerol-ai/microvm/cmd/toolboxd/exec_stream.go:121.2,126.12 3 0
github.com/aerol-ai/microvm/cmd/toolboxd/exec_stream.go:126.12,127.7 1 0
github.com/aerol-ai/microvm/cmd/toolboxd/exec_stream.go:127.7,129.18 2 0
github.com/aerol-ai/microvm/cmd/toolboxd/exec_stream.go:129.18,132.5 2 0
github.com/aerol-ai/microvm/cmd/toolboxd/exec_stream.go:133.4,133.19 1 0
github.com/aerol-ai/microvm/cmd/toolboxd/exec_stream.go:134.33,135.47 1 0
github.com/aerol-ai/microvm/cmd/toolboxd/exec_stream.go:135.47,137.6 1 0
github.com/aerol-ai/microvm/cmd/toolboxd/exec_stream.go:138.31,140.55 2 0
github.com/aerol-ai/microvm/cmd/toolboxd/exec_stream.go:140.55,141.14 1 0
github.com/aerol-ai/microvm/cmd/toolboxd/exec_stream.go:143.5,143.48 1 0
github.com/aerol-ai/microvm/cmd/toolboxd/exec_stream.go:149.2,149.99 1 0
github.com/aerol-ai/microvm/cmd/toolboxd/exec_stream.go:149.99,151.3 1 0
github.com/aerol-ai/microvm/cmd/toolboxd/exec_stream.go:153.2,155.98 3 0
github.com/aerol-ai/microvm/cmd/toolboxd/exec_stream.go:158.68,160.16 2 0
github.com/aerol-ai/microvm/cmd/toolboxd/exec_stream.go:160.16,163.3 2 0
github.com/aerol-ai/microvm/cmd/toolboxd/exec_stream.go:164.2,165.16 2 0
github.com/aerol-ai/microvm/cmd/toolboxd/exec_stream.go:165.16,168.3 2 0
github.com/aerol-ai/microvm/cmd/toolboxd/exec_stream.go:169.2,170.16 2 0
github.com/aerol-ai/microvm/cmd/toolboxd/exec_stream.go:170.16,173.3 2 0
github.com/aerol-ai/microvm/cmd/toolboxd/exec_stream.go:175.2,175.36 1 0
github.com/aerol-ai/microvm/cmd/toolboxd/exec_stream.go:175.36,178.3 2 0
github.com/aerol-ai/microvm/cmd/toolboxd/exec_stream.go:180.2,183.12 2 0
github.com/aerol-ai/microvm/cmd/toolboxd/exec_stream.go:183.12,184.7 1 0
github.com/aerol-ai/microvm/cmd/toolboxd/exec_stream.go:184.7,186.18 2 0
github.com/aerol-ai/microvm/cmd/toolboxd/exec_stream.go:186.18,189.5 2 0
github.com/aerol-ai/microvm/cmd/toolboxd/exec_stream.go:190.4,190.19 1 0
github.com/aerol-ai/microvm/cmd/toolboxd/exec_stream.go:191.33,192.52 1 0
github.com/aerol-ai/microvm/cmd/toolboxd/exec_stream.go:192.52,194.6 1 0
github.com/aerol-ai/microvm/cmd/toolboxd/exec_stream.go:195.31,197.55 2 0
github.com/aerol-ai/microvm/cmd/toolboxd/exec_stream.go:197.55,198.14 1 0
github.com/aerol-ai/microvm/cmd/toolboxd/exec_stream.go:200.5,200.30 1 0
github.com/aerol-ai/microvm/cmd/toolboxd/exec_stream.go:200.30,202.6 1 0
github.com/aerol-ai/microvm/cmd/toolboxd/exec_stream.go:208.2,209.12 2 0
github.com/aerol-ai/microvm/cmd/toolboxd/exec_stream.go:209.12,212.3 2 0
github.com/aerol-ai/microvm/cmd/toolboxd/exec_stream.go:215.2,216.12 2 0
github.com/aerol-ai/microvm/cmd/toolboxd/exec_stream.go:216.12,219.3 2 0
github.com/aerol-ai/microvm/cmd/toolboxd/exec_stream.go:221.2,227.92 6 0
github.com/aerol-ai/microvm/cmd/toolboxd/exec_stream.go:230.100,231.19 1 0
github.com/aerol-ai/microvm/cmd/toolboxd/exec_stream.go:232.16,233.39 1 0
github.com/aerol-ai/microvm/cmd/toolboxd/exec_stream.go:233.39,235.4 1 0
github.com/aerol-ai/microvm/cmd/toolboxd/exec_stream.go:236.3,236.107 1 0
github.com/aerol-ai/microvm/cmd/toolboxd/exec_stream.go:236.107,238.4 1 0
github.com/aerol-ai/microvm/cmd/toolboxd/exec_stream.go:239.16,240.36 1 0
github.com/aerol-ai/microvm/cmd/toolboxd/exec_stream.go:241.15,241.15 0 0
github.com/aerol-ai/microvm/cmd/toolboxd/exec_stream.go:246.50,247.38 1 0
github.com/aerol-ai/microvm/cmd/toolboxd/exec_stream.go:247.38,249.3 1 0
github.com/aerol-ai/microvm/cmd/toolboxd/exec_stream.go:250.2,251.16 2 0
github.com/aerol-ai/microvm/cmd/toolboxd/exec_stream.go:251.16,253.3 1 0
github.com/aerol-ai/microvm/cmd/toolboxd/exec_stream.go:255.2,255.58 1 0
github.com/aerol-ai/microvm/cmd/toolboxd/exec_stream.go:260.71,264.6 4 0
github.com/aerol-ai/microvm/cmd/toolboxd/exec_stream.go:264.6,266.12 2 0
github.com/aerol-ai/microvm/cmd/toolboxd/exec_stream.go:266.12,268.76 2 0
github.com/aerol-ai/microvm/cmd/toolboxd/exec_stream.go:268.76,270.5 1 0
github.com/aerol-ai/microvm/cmd/toolboxd/exec_stream.go:272.3,272.17 1 0
github.com/aerol-ai/microvm/cmd/toolboxd/exec_stream.go:272.17,274.4 1 0
github.com/aerol-ai/microvm/cmd/toolboxd/exec_stream.go:278.93,281.6 3 0
github.com/aerol-ai/microvm/cmd/toolboxd/exec_stream.go:281.6,283.12 2 0
github.com/aerol-ai/microvm/cmd/toolboxd/exec_stream.go:283.12,289.19 6 0
github.com/aerol-ai/microvm/cmd/toolboxd/exec_stream.go:289.19,291.5 1 0
github.com/aerol-ai/microvm/cmd/toolboxd/exec_stream.go:293.3,293.17 1 0
github.com/aerol-ai/microvm/cmd/toolboxd/exec_stream.go:293.17,295.4 1 0
github.com/aerol-ai/microvm/cmd/toolboxd/exec_stream.go:299.73,301.2 1 0
github.com/aerol-ai/microvm/cmd/toolboxd/exec_stream.go:303.50,305.16 2 0
github.com/aerol-ai/microvm/cmd/toolboxd/exec_stream.go:305.16,307.3 1 0
github.com/aerol-ai/microvm/cmd/toolboxd/exec_stream.go:308.2,309.25 2 0
github.com/aerol-ai/microvm/cmd/toolboxd/exec_stream.go:309.25,310.54 1 0
github.com/aerol-ai/microvm/cmd/toolboxd/exec_stream.go:310.54,311.25 1 0
github.com/aerol-ai/microvm/cmd/toolboxd/exec_stream.go:311.25,313.5 1 0
github.com/aerol-ai/microvm/cmd/toolboxd/exec_stream.go:314.4,314.34 1 0
github.com/aerol-ai/microvm/cmd/toolboxd/exec_stream.go:316.3,316.27 1 0
github.com/aerol-ai/microvm/cmd/toolboxd/exec_stream.go:318.2,318.24 1 0
github.com/aerol-ai/microvm/cmd/toolboxd/exec_stream.go:321.56,324.26 2 0
github.com/aerol-ai/microvm/cmd/toolboxd/exec_stream.go:324.26,326.3 1 0
github.com/aerol-ai/microvm/cmd/toolboxd/exec_stream.go:327.2,327.13 1 0
github.com/aerol-ai/microvm/cmd/toolboxd/exec_stream.go:330.39,331.14 1 0
github.com/aerol-ai/microvm/cmd/toolboxd/exec_stream.go:332.23,333.24 1 0
github.com/aerol-ai/microvm/cmd/toolboxd/exec_stream.go:334.25,335.25 1 0
github.com/aerol-ai/microvm/cmd/toolboxd/exec_stream.go:336.25,337.25 1 0
github.com/aerol-ai/microvm/cmd/toolboxd/exec_stream.go:338.23,339.24 1 0
github.com/aerol-ai/microvm/cmd/toolboxd/exec_stream.go:340.25,341.25 1 0
github.com/aerol-ai/microvm/cmd/toolboxd/exec_stream.go:343.2,343.12 1 0
github.com/aerol-ai/microvm/cmd/toolboxd/main.go:43.47,45.26 2 0
github.com/aerol-ai/microvm/cmd/toolboxd/main.go:45.26,46.26 1 0
github.com/aerol-ai/microvm/cmd/toolboxd/main.go:46.26,48.4 1 0
github.com/aerol-ai/microvm/cmd/toolboxd/main.go:50.2,52.15 3 0
github.com/aerol-ai/microvm/cmd/toolboxd/main.go:55.45,60.2 4 0
github.com/aerol-ai/microvm/cmd/toolboxd/main.go:62.13,81.16 5 0
github.com/aerol-ai/microvm/cmd/toolboxd/main.go:81.16,83.3 1 0
github.com/aerol-ai/microvm/cmd/toolboxd/main.go:83.8,86.3 2 0
github.com/aerol-ai/microvm/cmd/toolboxd/main.go:88.2,88.22 1 0
github.com/aerol-ai/microvm/cmd/toolboxd/main.go:88.22,90.3 1 0
github.com/aerol-ai/microvm/cmd/toolboxd/main.go:92.2,102.93 5 0
github.com/aerol-ai/microvm/cmd/toolboxd/main.go:102.93,105.3 2 0
github.com/aerol-ai/microvm/cmd/toolboxd/main.go:108.59,114.36 6 0
github.com/aerol-ai/microvm/cmd/toolboxd/main.go:114.36,117.3 2 0
github.com/aerol-ai/microvm/cmd/toolboxd/main.go:118.2,119.46 2 0
github.com/aerol-ai/microvm/cmd/toolboxd/main.go:119.46,121.3 1 0
github.com/aerol-ai/microvm/cmd/toolboxd/main.go:122.2,122.74 1 0
github.com/aerol-ai/microvm/cmd/toolboxd/main.go:129.68,135.24 5 0
github.com/aerol-ai/microvm/cmd/toolboxd/main.go:135.24,138.77 1 0
github.com/aerol-ai/microvm/cmd/toolboxd/main.go:138.77,140.4 1 0
github.com/aerol-ai/microvm/cmd/toolboxd/main.go:143.2,145.50 3 0
github.com/aerol-ai/microvm/cmd/toolboxd/main.go:145.50,147.3 1 0
github.com/aerol-ai/microvm/cmd/toolboxd/main.go:150.39,153.12 3 0
github.com/aerol-ai/microvm/cmd/toolboxd/main.go:153.12,154.18 1 0
github.com/aerol-ai/microvm/cmd/toolboxd/main.go:154.18,155.8 1 0
github.com/aerol-ai/microvm/cmd/toolboxd/main.go:155.8,158.31 3 0
github.com/aerol-ai/microvm/cmd/toolboxd/main.go:158.31,159.11 1 0
github.com/aerol-ai/microvm/cmd/toolboxd/main.go:161.5,161.12 1 0
github.com/aerol-ai/microvm/cmd/toolboxd/main.go:162.51,163.81 1 0
github.com/aerol-ai/microvm/cmd/toolboxd/main.go:164.53,165.79 1 0
github.com/aerol-ai/microvm/cmd/toolboxd/main.go:166.13,167.47 1 0
github.com/aerol-ai/microvm/cmd/toolboxd/main.go:174.40,175.71 1 0
github.com/aerol-ai/microvm/cmd/toolboxd/main.go:175.71,178.10 2 0
github.com/aerol-ai/microvm/cmd/toolboxd/main.go:179.56,183.6 1 0
github.com/aerol-ai/microvm/cmd/toolboxd/main.go:184.62,185.91 1 0
github.com/aerol-ai/microvm/cmd/toolboxd/main.go:186.63,187.75 1 0
github.com/aerol-ai/microvm/cmd/toolboxd/main.go:188.49,189.23 1 0
github.com/aerol-ai/microvm/cmd/toolboxd/main.go:190.72,191.28 1 0
github.com/aerol-ai/microvm/cmd/toolboxd/main.go:191.28,193.5 1 0
github.com/aerol-ai/microvm/cmd/toolboxd/main.go:194.4,194.22 1 0
github.com/aerol-ai/microvm/cmd/toolboxd/main.go:195.69,196.28 1 0
github.com/aerol-ai/microvm/cmd/toolboxd/main.go:196.28,198.5 1 0
github.com/aerol-ai/microvm/cmd/toolboxd/main.go:199.4,199.24 1 0
github.com/aerol-ai/microvm/cmd/toolboxd/main.go:200.70,201.28 1 0
github.com/aerol-ai/microvm/cmd/toolboxd/main.go:201.28,203.5 1 0
github.com/aerol-ai/microvm/cmd/toolboxd/main.go:204.4,204.26 1 0
github.com/aerol-ai/microvm/cmd/toolboxd/main.go:205.76,206.28 1 0
github.com/aerol-ai/microvm/cmd/toolboxd/main.go:206.28,208.5 1 0
github.com/aerol-ai/microvm/cmd/toolboxd/main.go:209.4,209.33 1 0
github.com/aerol-ai/microvm/cmd/toolboxd/main.go:210.75,211.28 1 0
github.com/aerol-ai/microvm/cmd/toolboxd/main.go:211.28,213.5 1 0
github.com/aerol-ai/microvm/cmd/toolboxd/main.go:214.4,214.28 1 0
github.com/aerol-ai/microvm/cmd/toolboxd/main.go:215.51,216.28 1 0
github.com/aerol-ai/microvm/cmd/toolboxd/main.go:216.28,218.5 1 0
github.com/aerol-ai/microvm/cmd/toolboxd/main.go:219.4,219.36 1 0
github.com/aerol-ai/microvm/cmd/toolboxd/main.go:219.36,221.5 1 0
github.com/aerol-ai/microvm/cmd/toolboxd/main.go:222.11,223.51 1 0
github.com/aerol-ai/microvm/cmd/toolboxd/main.go:228.68,231.2 2 0
github.com/aerol-ai/microvm/cmd/toolboxd/main.go:233.29,235.16 2 0
github.com/aerol-ai/microvm/cmd/toolboxd/main.go:235.16,237.3 1 0
github.com/aerol-ai/microvm/cmd/toolboxd/main.go:238.2,238.37 1 0
github.com/aerol-ai/microvm/cmd/toolboxd/main.go:241.49,243.2 1 1
github.com/aerol-ai/microvm/cmd/toolboxd/main.go:245.58,246.16 1 1
github.com/aerol-ai/microvm/cmd/toolboxd/main.go:246.16,248.3 1 0
github.com/aerol-ai/microvm/cmd/toolboxd/main.go:250.2,250.21 1 1
github.com/aerol-ai/microvm/cmd/toolboxd/main.go:250.21,252.43 2 1
github.com/aerol-ai/microvm/cmd/toolboxd/main.go:252.43,254.4 1 1
github.com/aerol-ai/microvm/cmd/toolboxd/main.go:255.3,255.42 1 1
github.com/aerol-ai/microvm/cmd/toolboxd/main.go:255.42,257.21 2 1
github.com/aerol-ai/microvm/cmd/toolboxd/main.go:257.21,259.5 1 0
github.com/aerol-ai/microvm/cmd/toolboxd/main.go:260.4,260.18 1 1
github.com/aerol-ai/microvm/cmd/toolboxd/main.go:264.2,265.19 2 1
github.com/aerol-ai/microvm/cmd/toolboxd/main.go:265.19,267.3 1 0
github.com/aerol-ai/microvm/cmd/toolboxd/main.go:269.2,270.12 2 1
github.com/aerol-ai/microvm/cmd/toolboxd/main.go:270.12,271.38 1 0
github.com/aerol-ai/microvm/cmd/toolboxd/main.go:271.38,273.4 1 0
github.com/aerol-ai/microvm/cmd/toolboxd/main.go:274.3,274.13 1 0
github.com/aerol-ai/microvm/cmd/toolboxd/main.go:277.2,277.17 1 1
github.com/aerol-ai/microvm/cmd/toolboxd/main.go:277.17,279.3 1 0
github.com/aerol-ai/microvm/cmd/toolboxd/main.go:281.2,282.35 2 1
github.com/aerol-ai/microvm/cmd/toolboxd/main.go:282.35,284.3 1 1
github.com/aerol-ai/microvm/cmd/toolboxd/main.go:286.2,286.13 1 1
github.com/aerol-ai/microvm/cmd/toolboxd/main.go:289.43,290.9 1 1
github.com/aerol-ai/microvm/cmd/toolboxd/main.go:291.19,292.14 1 1
github.com/aerol-ai/microvm/cmd/toolboxd/main.go:293.25,294.14 1 0
github.com/aerol-ai/microvm/cmd/toolboxd/main.go:295.26,296.14 1 0
github.com/aerol-ai/microvm/cmd/toolboxd/main.go:297.44,298.14 1 0
github.com/aerol-ai/microvm/cmd/toolboxd/main.go:299.42,300.14 1 0
github.com/aerol-ai/microvm/cmd/toolboxd/main.go:301.42,302.14 1 1
github.com/aerol-ai/microvm/cmd/toolboxd/main.go:303.68,304.14 1 0
github.com/aerol-ai/microvm/cmd/toolboxd/main.go:305.10,306.15 1 1
github.com/aerol-ai/microvm/cmd/toolboxd/main.go:310.75,311.23 1 0
github.com/aerol-ai/microvm/cmd/toolboxd/main.go:311.23,313.3 1 0
github.com/aerol-ai/microvm/cmd/toolboxd/main.go:314.2,316.107 3 0
github.com/aerol-ai/microvm/cmd/toolboxd/main.go:316.107,319.3 2 0
github.com/aerol-ai/microvm/cmd/toolboxd/main.go:320.2,320.13 1 0
github.com/aerol-ai/microvm/cmd/toolboxd/main.go:323.69,325.61 2 0
github.com/aerol-ai/microvm/cmd/toolboxd/main.go:325.61,328.3 2 0
github.com/aerol-ai/microvm/cmd/toolboxd/main.go:329.2,329.42 1 0
github.com/aerol-ai/microvm/cmd/toolboxd/main.go:329.42,332.3 2 0
github.com/aerol-ai/microvm/cmd/toolboxd/main.go:334.2,335.18 2 0
github.com/aerol-ai/microvm/cmd/toolboxd/main.go:335.18,337.3 1 0
github.com/aerol-ai/microvm/cmd/toolboxd/main.go:339.2,343.16 4 0
github.com/aerol-ai/microvm/cmd/toolboxd/main.go:343.16,346.3 2 0
github.com/aerol-ai/microvm/cmd/toolboxd/main.go:348.2,351.23 4 0
github.com/aerol-ai/microvm/cmd/toolboxd/main.go:351.23,353.3 1 0
github.com/aerol-ai/microvm/cmd/toolboxd/main.go:355.2,356.16 2 0
github.com/aerol-ai/microvm/cmd/toolboxd/main.go:356.16,359.3 2 0
github.com/aerol-ai/microvm/cmd/toolboxd/main.go:360.2,361.16 2 0
github.com/aerol-ai/microvm/cmd/toolboxd/main.go:361.16,364.3 2 0
github.com/aerol-ai/microvm/cmd/toolboxd/main.go:366.2,366.36 1 0
github.com/aerol-ai/microvm/cmd/toolboxd/main.go:366.36,369.3 2 0
github.com/aerol-ai/microvm/cmd/toolboxd/main.go:371.2,381.20 5 0
github.com/aerol-ai/microvm/cmd/toolboxd/main.go:381.20,383.35 2 0
github.com/aerol-ai/microvm/cmd/toolboxd/main.go:383.35,385.4 1 0
github.com/aerol-ai/microvm/cmd/toolboxd/main.go:385.9,388.4 2 0
github.com/aerol-ai/microvm/cmd/toolboxd/main.go:389.8,391.3 1 0
github.com/aerol-ai/microvm/cmd/toolboxd/main.go:393.2,393.37 1 0
github.com/aerol-ai/microvm/cmd/toolboxd/main.go:396.71,399.55 3 0
github.com/aerol-ai/microvm/cmd/toolboxd/main.go:399.55,402.3 2 0
github.com/aerol-ai/microvm/cmd/toolboxd/main.go:404.2,405.22 2 0
github.com/aerol-ai/microvm/cmd/toolboxd/main.go:405.22,407.3 1 0
github.com/aerol-ai/microvm/cmd/toolboxd/main.go:408.2,408.22 1 0
github.com/aerol-ai/microvm/cmd/toolboxd/main.go:408.22,411.3 2 0
github.com/aerol-ai/microvm/cmd/toolboxd/main.go:413.2,414.16 2 0
github.com/aerol-ai/microvm/cmd/toolboxd/main.go:414.16,417.3 2 0
github.com/aerol-ai/microvm/cmd/toolboxd/main.go:418.2,420.69 2 0
github.com/aerol-ai/microvm/cmd/toolboxd/main.go:420.69,423.3 2 0
github.com/aerol-ai/microvm/cmd/toolboxd/main.go:425.2,425.61 1 0
github.com/aerol-ai/microvm/cmd/toolboxd/main.go:425.61,428.3 2 0
github.com/aerol-ai/microvm/cmd/toolboxd/main.go:430.2,433.4 1 0
github.com/aerol-ai/microvm/cmd/toolboxd/main.go:436.73,438.22 2 0
github.com/aerol-ai/microvm/cmd/toolboxd/main.go:438.22,441.3 2 0
github.com/aerol-ai/microvm/cmd/toolboxd/main.go:443.2,444.16 2 0
github.com/aerol-ai/microvm/cmd/toolboxd/main.go:444.16,446.37 2 0
github.com/aerol-ai/microvm/cmd/toolboxd/main.go:446.37,448.4 1 0
github.com/aerol-ai/microvm/cmd/toolboxd/main.go:449.3,450.9 2 0
github.com/aerol-ai/microvm/cmd/toolboxd/main.go:453.2,456.22 4 0
github.com/aerol-ai/microvm/cmd/toolboxd/main.go:459.80,463.62 2 0
github.com/aerol-ai/microvm/cmd/toolboxd/main.go:463.62,466.3 2 0
github.com/aerol-ai/microvm/cmd/toolboxd/main.go:467.2,469.82 3 0
github.com/aerol-ai/microvm/cmd/toolboxd/main.go:472.70,474.64 2 0
github.com/aerol-ai/microvm/cmd/toolboxd/main.go:474.64,477.3 2 0
github.com/aerol-ai/microvm/cmd/toolboxd/main.go:479.2,480.45 2 0
github.com/aerol-ai/microvm/cmd/toolboxd/main.go:480.45,483.3 2 0
github.com/aerol-ai/microvm/cmd/toolboxd/main.go:485.2,485.26 1 0
github.com/aerol-ai/microvm/cmd/toolboxd/main.go:485.26,488.3 2 0
github.com/aerol-ai/microvm/cmd/toolboxd/main.go:490.2,491.16 2 0
github.com/aerol-ai/microvm/cmd/toolboxd/main.go:491.16,494.3 2 0
github.com/aerol-ai/microvm/cmd/toolboxd/main.go:496.2,497.23 2 0
github.com/aerol-ai/microvm/cmd/toolboxd/main.go:497.23,499.3 1 0
github.com/aerol-ai/microvm/cmd/toolboxd/main.go:501.2,503.43 3 0
github.com/aerol-ai/microvm/cmd/toolboxd/main.go:503.43,507.3 3 0
github.com/aerol-ai/microvm/cmd/toolboxd/main.go:508.2,508.79 1 0
github.com/aerol-ai/microvm/cmd/toolboxd/main.go:508.79,510.3 1 0
github.com/aerol-ai/microvm/cmd/toolboxd/main.go:511.2,511.23 1 0
github.com/aerol-ai/microvm/cmd/toolboxd/main.go:514.36,515.46 1 0
github.com/aerol-ai/microvm/cmd/toolboxd/main.go:515.46,517.3 1 0
github.com/aerol-ai/microvm/cmd/toolboxd/main.go:518.2,519.16 2 0
github.com/aerol-ai/microvm/cmd/toolboxd/main.go:519.16,521.3 1 0
github.com/aerol-ai/microvm/cmd/toolboxd/main.go:522.2,522.54 1 0
github.com/aerol-ai/microvm/cmd/toolboxd/main.go:525.55,526.22 1 0
github.com/aerol-ai/microvm/cmd/toolboxd/main.go:526.22,528.3 1 0
github.com/aerol-ai/microvm/cmd/toolboxd/main.go:530.2,531.33 2 0
github.com/aerol-ai/microvm/cmd/toolboxd/main.go:531.33,533.3 1 0
github.com/aerol-ai/microvm/cmd/toolboxd/main.go:534.2,534.15 1 0
github.com/aerol-ai/microvm/cmd/toolboxd/main.go:537.65,539.16 2 0
github.com/aerol-ai/microvm/cmd/toolboxd/main.go:539.16,541.3 1 0
github.com/aerol-ai/microvm/cmd/toolboxd/main.go:542.2,544.12 3 0
github.com/aerol-ai/microvm/cmd/toolboxd/main.go:547.43,549.17 2 0
github.com/aerol-ai/microvm/cmd/toolboxd/main.go:549.17,551.3 1 0
github.com/aerol-ai/microvm/cmd/toolboxd/main.go:552.2,553.16 2 0
github.com/aerol-ai/microvm/cmd/toolboxd/main.go:553.16,555.3 1 0
github.com/aerol-ai/microvm/cmd/toolboxd/main.go:556.2,556.15 1 0
github.com/aerol-ai/microvm/cmd/toolboxd/main.go:559.49,561.17 2 0
github.com/aerol-ai/microvm/cmd/toolboxd/main.go:561.17,563.3 1 0
github.com/aerol-ai/microvm/cmd/toolboxd/main.go:564.2,565.16 2 0
github.com/aerol-ai/microvm/cmd/toolboxd/main.go:565.16,567.3 1 0
github.com/aerol-ai/microvm/cmd/toolboxd/main.go:568.2,568.15 1 0
github.com/aerol-ai/microvm/cmd/toolboxd/main.go:571.45,573.17 2 0
github.com/aerol-ai/microvm/cmd/toolboxd/main.go:573.17,575.3 1 0
github.com/aerol-ai/microvm/cmd/toolboxd/main.go:576.2,576.14 1 0
github.com/aerol-ai/microvm/cmd/toolboxd/main.go:579.68,581.17 2 0
github.com/aerol-ai/microvm/cmd/toolboxd/main.go:581.17,583.3 1 0
github.com/aerol-ai/microvm/cmd/toolboxd/main.go:584.2,585.16 2 0
github.com/aerol-ai/microvm/cmd/toolboxd/main.go:585.16,587.3 1 0
github.com/aerol-ai/microvm/cmd/toolboxd/main.go:588.2,588.15 1 0
github.com/aerol-ai/microvm/cmd/toolboxd/main.go:591.62,595.2 3 0
github.com/aerol-ai/microvm/cmd/toolboxd/main.go:597.68,599.2 1 0
github.com/aerol-ai/microvm/cmd/toolboxd/sessions_handler.go:42.46,42.61 1 0
github.com/aerol-ai/microvm/cmd/toolboxd/sessions_handler.go:62.79,63.23 1 0
github.com/aerol-ai/microvm/cmd/toolboxd/sessions_handler.go:63.23,66.3 2 0
github.com/aerol-ai/microvm/cmd/toolboxd/sessions_handler.go:67.2,68.61 2 0
github.com/aerol-ai/microvm/cmd/toolboxd/sessions_handler.go:68.61,71.3 2 0
github.com/aerol-ai/microvm/cmd/toolboxd/sessions_handler.go:72.2,73.16 2 0
github.com/aerol-ai/microvm/cmd/toolboxd/sessions_handler.go:73.16,76.3 2 0
github.com/aerol-ai/microvm/cmd/toolboxd/sessions_handler.go:77.2,77.51 1 0
github.com/aerol-ai/microvm/cmd/toolboxd/sessions_handler.go:80.77,81.23 1 0
github.com/aerol-ai/microvm/cmd/toolboxd/sessions_handler.go:81.23,84.3 2 0
github.com/aerol-ai/microvm/cmd/toolboxd/sessions_handler.go:85.2,85.78 1 0
github.com/aerol-ai/microvm/cmd/toolboxd/sessions_handler.go:88.86,89.23 1 0
github.com/aerol-ai/microvm/cmd/toolboxd/sessions_handler.go:89.23,92.3 2 0
github.com/aerol-ai/microvm/cmd/toolboxd/sessions_handler.go:93.2,94.16 2 0
github.com/aerol-ai/microvm/cmd/toolboxd/sessions_handler.go:94.16,97.3 2 0
github.com/aerol-ai/microvm/cmd/toolboxd/sessions_handler.go:98.2,98.46 1 0
github.com/aerol-ai/microvm/cmd/toolboxd/sessions_handler.go:101.89,102.23 1 0
github.com/aerol-ai/microvm/cmd/toolboxd/sessions_handler.go:102.23,105.3 2 0
github.com/aerol-ai/microvm/cmd/toolboxd/sessions_handler.go:106.2,106.46 1 0
github.com/aerol-ai/microvm/cmd/toolboxd/sessions_handler.go:106.46,109.3 2 0
github.com/aerol-ai/microvm/cmd/toolboxd/sessions_handler.go:110.2,110.37 1 0
github.com/aerol-ai/microvm/cmd/toolboxd/sessions_handler.go:113.89,114.23 1 0
github.com/aerol-ai/microvm/cmd/toolboxd/sessions_handler.go:114.23,117.3 2 0
github.com/aerol-ai/microvm/cmd/toolboxd/sessions_handler.go:118.2,119.16 2 0
github.com/aerol-ai/microvm/cmd/toolboxd/sessions_handler.go:119.16,122.3 2 0
github.com/aerol-ai/microvm/cmd/toolboxd/sessions_handler.go:123.2,124.62 2 0
github.com/aerol-ai/microvm/cmd/toolboxd/sessions_handler.go:124.62,127.3 2 0
github.com/aerol-ai/microvm/cmd/toolboxd/sessions_handler.go:128.2,128.49 1 0
github.com/aerol-ai/microvm/cmd/toolboxd/sessions_handler.go:128.49,131.3 2 0
github.com/aerol-ai/microvm/cmd/toolboxd/sessions_handler.go:132.2,132.64 1 0
github.com/aerol-ai/microvm/cmd/toolboxd/sessions_handler.go:135.89,136.23 1 0
github.com/aerol-ai/microvm/cmd/toolboxd/sessions_handler.go:136.23,139.3 2 0
github.com/aerol-ai/microvm/cmd/toolboxd/sessions_handler.go:140.2,141.16 2 0
github.com/aerol-ai/microvm/cmd/toolboxd/sessions_handler.go:141.16,144.3 2 0
github.com/aerol-ai/microvm/cmd/toolboxd/sessions_handler.go:145.2,146.62 2 0
github.com/aerol-ai/microvm/cmd/toolboxd/sessions_handler.go:146.62,149.3 2 0
github.com/aerol-ai/microvm/cmd/toolboxd/sessions_handler.go:150.2,150.58 1 0
github.com/aerol-ai/microvm/cmd/toolboxd/sessions_handler.go:150.58,153.3 2 0
github.com/aerol-ai/microvm/cmd/toolboxd/sessions_handler.go:154.2,154.64 1 0
github.com/aerol-ai/microvm/cmd/toolboxd/sessions_handler.go:157.86,158.23 1 0
github.com/aerol-ai/microvm/cmd/toolboxd/sessions_handler.go:158.23,161.3 2 0
github.com/aerol-ai/microvm/cmd/toolboxd/sessions_handler.go:162.2,163.16 2 0
github.com/aerol-ai/microvm/cmd/toolboxd/sessions_handler.go:163.16,166.3 2 0
github.com/aerol-ai/microvm/cmd/toolboxd/sessions_handler.go:167.2,169.31 3 0
github.com/aerol-ai/microvm/cmd/toolboxd/sessions_handler.go:172.92,173.23 1 0
github.com/aerol-ai/microvm/cmd/toolboxd/sessions_handler.go:173.23,176.3 2 0
github.com/aerol-ai/microvm/cmd/toolboxd/sessions_handler.go:177.2,178.16 2 0
github.com/aerol-ai/microvm/cmd/toolboxd/sessions_handler.go:178.16,181.3 2 0
github.com/aerol-ai/microvm/cmd/toolboxd/sessions_handler.go:182.2,183.16 2 0
github.com/aerol-ai/microvm/cmd/toolboxd/sessions_handler.go:183.16,186.3 2 0
github.com/aerol-ai/microvm/cmd/toolboxd/sessions_handler.go:187.2,188.16 2 0
github.com/aerol-ai/microvm/cmd/toolboxd/sessions_handler.go:188.16,191.3 2 0
github.com/aerol-ai/microvm/cmd/toolboxd/sessions_handler.go:192.2,196.29 5 0
github.com/aerol-ai/microvm/cmd/toolboxd/sessions_handler.go:201.71,204.6 3 0
github.com/aerol-ai/microvm/cmd/toolboxd/sessions_handler.go:204.6,206.12 2 0
github.com/aerol-ai/microvm/cmd/toolboxd/sessions_handler.go:206.12,207.48 1 0
github.com/aerol-ai/microvm/cmd/toolboxd/sessions_handler.go:207.48,209.5 1 0
github.com/aerol-ai/microvm/cmd/toolboxd/sessions_handler.go:210.4,211.43 2 0
github.com/aerol-ai/microvm/cmd/toolboxd/sessions_handler.go:211.43,213.5 1 0
github.com/aerol-ai/microvm/cmd/toolboxd/sessions_handler.go:215.3,215.17 1 0
github.com/aerol-ai/microvm/cmd/toolboxd/sessions_handler.go:215.17,216.30 1 0
github.com/aerol-ai/microvm/cmd/toolboxd/sessions_handler.go:216.30,218.5 1 0
github.com/aerol-ai/microvm/cmd/toolboxd/sessions_handler.go:219.4,219.21 1 0
github.com/aerol-ai/microvm/cmd/toolboxd/sessions_handler.go:226.89,227.23 1 0
github.com/aerol-ai/microvm/cmd/toolboxd/sessions_handler.go:227.23,230.3 2 0
github.com/aerol-ai/microvm/cmd/toolboxd/sessions_handler.go:231.2,232.16 2 0
github.com/aerol-ai/microvm/cmd/toolboxd/sessions_handler.go:232.16,235.3 2 0
github.com/aerol-ai/microvm/cmd/toolboxd/sessions_handler.go:237.2,238.16 2 0
github.com/aerol-ai/microvm/cmd/toolboxd/sessions_handler.go:238.16,241.3 2 0
github.com/aerol-ai/microvm/cmd/toolboxd/sessions_handler.go:242.2,244.28 2 0
github.com/aerol-ai/microvm/cmd/toolboxd/sessions_handler.go:247.75,253.12 4 0
github.com/aerol-ai/microvm/cmd/toolboxd/sessions_handler.go:253.12,255.7 2 0
github.com/aerol-ai/microvm/cmd/toolboxd/sessions_handler.go:255.7,257.18 2 0
github.com/aerol-ai/microvm/cmd/toolboxd/sessions_handler.go:257.18,259.5 1 0
github.com/aerol-ai/microvm/cmd/toolboxd/sessions_handler.go:260.4,260.19 1 0
github.com/aerol-ai/microvm/cmd/toolboxd/sessions_handler.go:261.33,262.47 1 0
github.com/aerol-ai/microvm/cmd/toolboxd/sessions_handler.go:262.47,264.6 1 0
github.com/aerol-ai/microvm/cmd/toolboxd/sessions_handler.go:265.31,267.55 2 0
github.com/aerol-ai/microvm/cmd/toolboxd/sessions_handler.go:267.55,268.14 1 0
github.com/aerol-ai/microvm/cmd/toolboxd/sessions_handler.go:270.5,270.22 1 0
github.com/aerol-ai/microvm/cmd/toolboxd/sessions_handler.go:271.19,272.43 1 0
github.com/aerol-ai/microvm/cmd/toolboxd/sessions_handler.go:273.19,274.34 1 0
github.com/aerol-ai/microvm/cmd/toolboxd/sessions_handler.go:275.18,276.12 1 0
github.com/aerol-ai/microvm/cmd/toolboxd/sessions_handler.go:283.2,283.6 1 0
github.com/aerol-ai/microvm/cmd/toolboxd/sessions_handler.go:283.6,284.10 1 0
github.com/aerol-ai/microvm/cmd/toolboxd/sessions_handler.go:285.17,286.10 1 0
github.com/aerol-ai/microvm/cmd/toolboxd/sessions_handler.go:287.22,292.10 4 0
github.com/aerol-ai/microvm/cmd/toolboxd/sessions_handler.go:293.30,294.11 1 0
github.com/aerol-ai/microvm/cmd/toolboxd/sessions_handler.go:294.11,298.5 3 0
github.com/aerol-ai/microvm/cmd/toolboxd/sessions_handler.go:299.4,300.45 2 0
github.com/aerol-ai/microvm/cmd/toolboxd/sessions_handler.go:300.45,302.5 1 0
github.com/aerol-ai/microvm/cmd/toolboxd/sessions_handler.go:303.4,303.108 1 0
github.com/aerol-ai/microvm/cmd/toolboxd/sessions_handler.go:303.108,305.5 1 0
github.com/aerol-ai/microvm/cmd/toolboxd/sessions_handler.go:310.64,312.6 2 0
github.com/aerol-ai/microvm/cmd/toolboxd/sessions_handler.go:312.6,313.10 1 0
github.com/aerol-ai/microvm/cmd/toolboxd/sessions_handler.go:314.30,315.11 1 0
github.com/aerol-ai/microvm/cmd/toolboxd/sessions_handler.go:315.11,317.5 1 0
github.com/aerol-ai/microvm/cmd/toolboxd/sessions_handler.go:318.4,319.45 2 0
github.com/aerol-ai/microvm/cmd/toolboxd/sessions_handler.go:319.45,321.5 1 0
github.com/aerol-ai/microvm/cmd/toolboxd/sessions_handler.go:322.4,322.89 1 0
github.com/aerol-ai/microvm/cmd/toolboxd/sessions_handler.go:323.11,324.34 1 0
github.com/aerol-ai/microvm/cmd/toolboxd/sessions_handler.go:324.34,326.5 1 0
github.com/aerol-ai/microvm/cmd/toolboxd/sessions_handler.go:327.4,327.37 1 0
github.com/aerol-ai/microvm/cmd/toolboxd/sessions_handler.go:334.83,336.25 2 0
github.com/aerol-ai/microvm/cmd/toolboxd/sessions_handler.go:336.25,337.19 1 0
github.com/aerol-ai/microvm/cmd/toolboxd/sessions_handler.go:338.24,339.32 1 0
github.com/aerol-ai/microvm/cmd/toolboxd/sessions_handler.go:340.23,341.30 1 0
github.com/aerol-ai/microvm/cmd/toolboxd/sessions_handler.go:342.11,343.68 1 0
github.com/aerol-ai/microvm/cmd/toolboxd/sessions_handler.go:345.3,345.14 1 0
github.com/aerol-ai/microvm/cmd/toolboxd/sessions_handler.go:347.2,348.38 2 0
github.com/aerol-ai/microvm/cmd/toolboxd/sessions_handler.go:348.38,350.3 1 0
github.com/aerol-ai/microvm/cmd/toolboxd/sessions_handler.go:351.2,353.14 3 0
github.com/aerol-ai/microvm/cmd/toolboxd/sessions_handler.go:353.14,356.3 2 0
github.com/aerol-ai/microvm/cmd/toolboxd/sessions_handler.go:357.2,357.16 1 0
github.com/aerol-ai/microvm/cmd/toolboxd/sessions_handler.go:358.10,359.19 1 0
github.com/aerol-ai/microvm/cmd/toolboxd/sessions_handler.go:360.23,361.32 1 0
github.com/aerol-ai/microvm/cmd/toolboxd/sessions_handler.go:362.26,363.35 1 0
github.com/aerol-ai/microvm/cmd/toolboxd/sessions_handler.go:364.11,365.68 1 0
github.com/aerol-ai/microvm/cmd/toolboxd/sessions_handler.go:367.16,368.34 1 0
github.com/aerol-ai/microvm/cmd/toolboxd/sessions_handler.go:368.34,371.4 2 0
github.com/aerol-ai/microvm/cmd/toolboxd/sessions_handler.go:372.3,372.34 1 0
github.com/aerol-ai/microvm/cmd/toolboxd/sessions_handler.go:373.16,374.34 1 0
github.com/aerol-ai/microvm/cmd/toolboxd/sessions_handler.go:374.34,377.4 2 0
github.com/aerol-ai/microvm/cmd/toolboxd/sessions_handler.go:378.3,378.34 1 0
github.com/aerol-ai/microvm/cmd/toolboxd/sessions_handler.go:379.13,380.33 1 0
github.com/aerol-ai/microvm/cmd/toolboxd/sessions_handler.go:380.33,383.4 2 0
github.com/aerol-ai/microvm/cmd/toolboxd/sessions_handler.go:384.3,384.31 1 0
github.com/aerol-ai/microvm/cmd/toolboxd/sessions_handler.go:385.19,386.33 1 0
github.com/aerol-ai/microvm/cmd/toolboxd/sessions_handler.go:386.33,389.4 2 0
github.com/aerol-ai/microvm/cmd/toolboxd/sessions_handler.go:390.3,390.37 1 0
github.com/aerol-ai/microvm/cmd/toolboxd/sessions_handler.go:391.16,392.33 1 0
github.com/aerol-ai/microvm/cmd/toolboxd/sessions_handler.go:392.33,395.4 2 0
github.com/aerol-ai/microvm/cmd/toolboxd/sessions_handler.go:396.3,396.34 1 0
github.com/aerol-ai/microvm/cmd/toolboxd/sessions_handler.go:397.10,398.50 1 0
github.com/aerol-ai/microvm/cmd/toolboxd/sessions_handler.go:400.2,400.13 1 0
github.com/aerol-ai/microvm/internal/config/config.go:68.29,116.24 4 1
github.com/aerol-ai/microvm/internal/config/config.go:116.24,118.3 1 1
github.com/aerol-ai/microvm/internal/config/config.go:120.2,120.22 1 1
github.com/aerol-ai/microvm/internal/config/config.go:120.22,122.3 1 0
github.com/aerol-ai/microvm/internal/config/config.go:124.2,124.81 1 1
github.com/aerol-ai/microvm/internal/config/config.go:124.81,126.3 1 1
github.com/aerol-ai/microvm/internal/config/config.go:128.2,128.46 1 1
github.com/aerol-ai/microvm/internal/config/config.go:128.46,130.3 1 0
github.com/aerol-ai/microvm/internal/config/config.go:132.2,132.17 1 1
github.com/aerol-ai/microvm/internal/config/config.go:135.37,137.2 1 1
github.com/aerol-ai/microvm/internal/config/config.go:139.35,141.2 1 1
github.com/aerol-ai/microvm/internal/config/config.go:143.45,144.31 1 1
github.com/aerol-ai/microvm/internal/config/config.go:144.31,146.3 1 1
github.com/aerol-ai/microvm/internal/config/config.go:147.2,147.58 1 1
github.com/aerol-ai/microvm/internal/config/config.go:150.42,152.17 2 1
github.com/aerol-ai/microvm/internal/config/config.go:152.17,154.3 1 1
github.com/aerol-ai/microvm/internal/config/config.go:155.2,155.14 1 1
github.com/aerol-ai/microvm/internal/config/config.go:158.46,160.17 2 1
github.com/aerol-ai/microvm/internal/config/config.go:160.17,162.3 1 1
github.com/aerol-ai/microvm/internal/config/config.go:163.2,164.16 2 1
github.com/aerol-ai/microvm/internal/config/config.go:164.16,166.3 1 1
github.com/aerol-ai/microvm/internal/config/config.go:167.2,167.15 1 1
github.com/aerol-ai/microvm/internal/config/config.go:170.49,172.17 2 1
github.com/aerol-ai/microvm/internal/config/config.go:172.17,174.3 1 1
github.com/aerol-ai/microvm/internal/config/config.go:175.2,176.16 2 1
github.com/aerol-ai/microvm/internal/config/config.go:176.16,178.3 1 1
github.com/aerol-ai/microvm/internal/config/config.go:179.2,179.15 1 1
github.com/aerol-ai/microvm/internal/config/config.go:182.56,184.17 2 1
github.com/aerol-ai/microvm/internal/config/config.go:184.17,186.3 1 1
github.com/aerol-ai/microvm/internal/config/config.go:187.2,188.16 2 0
github.com/aerol-ai/microvm/internal/config/config.go:188.16,190.3 1 0
github.com/aerol-ai/microvm/internal/config/config.go:191.2,191.15 1 0
github.com/aerol-ai/microvm/internal/config/config.go:194.71,196.17 2 1
github.com/aerol-ai/microvm/internal/config/config.go:196.17,198.3 1 1
github.com/aerol-ai/microvm/internal/config/config.go:199.2,200.16 2 1
github.com/aerol-ai/microvm/internal/config/config.go:200.16,202.3 1 1
github.com/aerol-ai/microvm/internal/config/config.go:203.2,203.15 1 1
github.com/aerol-ai/microvm/internal/config/config.go:206.41,208.2 1 1
github.com/aerol-ai/microvm/pkg/docker/netrules/manager.go:16.42,17.41 1 0
github.com/aerol-ai/microvm/pkg/docker/netrules/manager.go:17.41,19.3 1 0
github.com/aerol-ai/microvm/pkg/docker/netrules/manager.go:21.2,22.16 2 0
github.com/aerol-ai/microvm/pkg/docker/netrules/manager.go:22.16,24.3 1 0
github.com/aerol-ai/microvm/pkg/docker/netrules/manager.go:26.2,29.8 1 0
github.com/aerol-ai/microvm/pkg/docker/netrules/manager.go:32.34,34.2 1 0
github.com/aerol-ai/microvm/pkg/docker/netrules/manager.go:43.60,44.39 1 0
github.com/aerol-ai/microvm/pkg/docker/netrules/manager.go:44.39,46.3 1 0
github.com/aerol-ai/microvm/pkg/docker/netrules/manager.go:48.2,49.16 2 0
github.com/aerol-ai/microvm/pkg/docker/netrules/manager.go:49.16,51.3 1 0
github.com/aerol-ai/microvm/pkg/docker/netrules/manager.go:52.2,52.12 1 0
github.com/aerol-ai/microvm/pkg/docker/netrules/manager.go:52.12,54.3 1 0
github.com/aerol-ai/microvm/pkg/docker/netrules/manager.go:56.2,56.98 1 0
github.com/aerol-ai/microvm/pkg/docker/netrules/manager.go:56.98,58.3 1 0
github.com/aerol-ai/microvm/pkg/docker/netrules/manager.go:60.2,60.12 1 0
github.com/aerol-ai/microvm/pkg/docker/netrules/manager.go:63.65,64.39 1 0
github.com/aerol-ai/microvm/pkg/docker/netrules/manager.go:64.39,66.3 1 0
github.com/aerol-ai/microvm/pkg/docker/netrules/manager.go:68.2,69.75 2 0
github.com/aerol-ai/microvm/pkg/docker/netrules/manager.go:69.75,71.3 1 0
github.com/aerol-ai/microvm/pkg/docker/netrules/manager.go:73.2,73.12 1 0
github.com/aerol-ai/microvm/pkg/mounts/adapters/adapter.go:44.46,51.2 1 0
github.com/aerol-ai/microvm/pkg/mounts/adapters/nfs.go:13.112,15.16 2 0
github.com/aerol-ai/microvm/pkg/mounts/adapters/nfs.go:15.16,16.20 1 0
github.com/aerol-ai/microvm/pkg/mounts/adapters/nfs.go:16.20,18.4 1 0
github.com/aerol-ai/microvm/pkg/mounts/adapters/nfs.go:18.9,20.4 1 0
github.com/aerol-ai/microvm/pkg/mounts/adapters/nfs.go:21.8,21.26 1 0
github.com/aerol-ai/microvm/pkg/mounts/adapters/nfs.go:21.26,23.3 1 0
github.com/aerol-ai/microvm/pkg/mounts/adapters/nfs.go:25.2,30.8 2 0
github.com/aerol-ai/microvm/pkg/mounts/adapters/rclone.go:16.115,18.16 2 0
github.com/aerol-ai/microvm/pkg/mounts/adapters/rclone.go:18.16,20.3 1 0
github.com/aerol-ai/microvm/pkg/mounts/adapters/rclone.go:22.2,30.19 3 0
github.com/aerol-ai/microvm/pkg/mounts/adapters/rclone.go:30.19,32.3 1 0
github.com/aerol-ai/microvm/pkg/mounts/adapters/rclone.go:34.2,39.8 1 0
github.com/aerol-ai/microvm/pkg/mounts/adapters/rclone.go:42.41,43.13 1 0
github.com/aerol-ai/microvm/pkg/mounts/adapters/rclone.go:43.13,45.3 1 0
github.com/aerol-ai/microvm/pkg/mounts/adapters/rclone.go:46.2,46.10 1 0
github.com/aerol-ai/microvm/pkg/mounts/adapters/s3.go:16.111,18.18 2 0
github.com/aerol-ai/microvm/pkg/mounts/adapters/s3.go:18.18,20.3 1 0
github.com/aerol-ai/microvm/pkg/mounts/adapters/s3.go:22.2,26.18 4 0
github.com/aerol-ai/microvm/pkg/mounts/adapters/s3.go:26.18,28.3 1 0
github.com/aerol-ai/microvm/pkg/mounts/adapters/s3.go:29.2,29.52 1 0
github.com/aerol-ai/microvm/pkg/mounts/adapters/s3.go:29.52,31.3 1 0
github.com/aerol-ai/microvm/pkg/mounts/adapters/s3.go:32.2,32.58 1 0
github.com/aerol-ai/microvm/pkg/mounts/adapters/s3.go:32.58,34.3 1 0
github.com/aerol-ai/microvm/pkg/mounts/adapters/s3.go:35.2,35.19 1 0
github.com/aerol-ai/microvm/pkg/mounts/adapters/s3.go:35.19,37.3 1 0
github.com/aerol-ai/microvm/pkg/mounts/adapters/s3.go:38.2,38.54 1 0
github.com/aerol-ai/microvm/pkg/mounts/adapters/s3.go:38.54,42.3 1 0
github.com/aerol-ai/microvm/pkg/mounts/adapters/s3.go:44.2,55.8 2 0
github.com/aerol-ai/microvm/pkg/mounts/adapters/s3.go:58.59,61.45 3 0
github.com/aerol-ai/microvm/pkg/mounts/adapters/s3.go:61.45,63.3 1 0
github.com/aerol-ai/microvm/pkg/mounts/adapters/s3.go:64.2,64.19 1 0
github.com/aerol-ai/microvm/pkg/mounts/adapters/s3.go:67.62,70.42 3 0
github.com/aerol-ai/microvm/pkg/mounts/adapters/s3.go:70.42,72.3 1 0
github.com/aerol-ai/microvm/pkg/mounts/adapters/s3.go:73.2,73.46 1 0
github.com/aerol-ai/microvm/pkg/mounts/adapters/s3.go:73.46,75.3 1 0
github.com/aerol-ai/microvm/pkg/mounts/adapters/s3.go:76.2,76.42 1 0
github.com/aerol-ai/microvm/pkg/mounts/adapters/s3.go:76.42,78.3 1 0
github.com/aerol-ai/microvm/pkg/mounts/adapters/s3.go:79.2,79.27 1 0
github.com/aerol-ai/microvm/pkg/mounts/adapters/sshfs.go:17.114,19.15 2 0
github.com/aerol-ai/microvm/pkg/mounts/adapters/sshfs.go:19.15,21.3 1 0
github.com/aerol-ai/microvm/pkg/mounts/adapters/sshfs.go:23.2,28.19 3 0
github.com/aerol-ai/microvm/pkg/mounts/adapters/sshfs.go:28.19,30.3 1 0
github.com/aerol-ai/microvm/pkg/mounts/adapters/sshfs.go:32.2,39.8 2 0
github.com/aerol-ai/microvm/cmd/toolboxd/sessions/manager.go:51.61,52.19 1 1
github.com/aerol-ai/microvm/cmd/toolboxd/sessions/manager.go:52.19,54.3 1 0
github.com/aerol-ai/microvm/cmd/toolboxd/sessions/manager.go:55.2,55.28 1 1
github.com/aerol-ai/microvm/cmd/toolboxd/sessions/manager.go:55.28,57.3 1 0
github.com/aerol-ai/microvm/cmd/toolboxd/sessions/manager.go:58.2,58.26 1 1
github.com/aerol-ai/microvm/cmd/toolboxd/sessions/manager.go:58.26,60.3 1 0
github.com/aerol-ai/microvm/cmd/toolboxd/sessions/manager.go:61.2,61.28 1 1
github.com/aerol-ai/microvm/cmd/toolboxd/sessions/manager.go:61.28,63.3 1 1
github.com/aerol-ai/microvm/cmd/toolboxd/sessions/manager.go:64.2,64.39 1 1
github.com/aerol-ai/microvm/cmd/toolboxd/sessions/manager.go:64.39,66.3 1 0
github.com/aerol-ai/microvm/cmd/toolboxd/sessions/manager.go:67.2,67.91 1 1
github.com/aerol-ai/microvm/cmd/toolboxd/sessions/manager.go:67.91,69.3 1 0
github.com/aerol-ai/microvm/cmd/toolboxd/sessions/manager.go:71.2,79.15 3 1
github.com/aerol-ai/microvm/cmd/toolboxd/sessions/manager.go:83.27,84.9 1 1
github.com/aerol-ai/microvm/cmd/toolboxd/sessions/manager.go:85.19,85.19 0 0
github.com/aerol-ai/microvm/cmd/toolboxd/sessions/manager.go:86.10,87.19 1 1
github.com/aerol-ai/microvm/cmd/toolboxd/sessions/manager.go:89.2,91.27 3 1
github.com/aerol-ai/microvm/cmd/toolboxd/sessions/manager.go:91.27,93.3 1 1
github.com/aerol-ai/microvm/cmd/toolboxd/sessions/manager.go:94.2,95.29 2 1
github.com/aerol-ai/microvm/cmd/toolboxd/sessions/manager.go:95.29,97.3 1 1
github.com/aerol-ai/microvm/cmd/toolboxd/sessions/manager.go:102.43,105.27 3 1
github.com/aerol-ai/microvm/cmd/toolboxd/sessions/manager.go:105.27,107.3 1 1
github.com/aerol-ai/microvm/cmd/toolboxd/sessions/manager.go:108.2,109.38 2 1
github.com/aerol-ai/microvm/cmd/toolboxd/sessions/manager.go:109.38,109.90 1 1
github.com/aerol-ai/microvm/cmd/toolboxd/sessions/manager.go:110.2,110.12 1 1
github.com/aerol-ai/microvm/cmd/toolboxd/sessions/manager.go:114.52,118.14 4 1
github.com/aerol-ai/microvm/cmd/toolboxd/sessions/manager.go:118.14,120.3 1 1
github.com/aerol-ai/microvm/cmd/toolboxd/sessions/manager.go:121.2,121.15 1 0
github.com/aerol-ai/microvm/cmd/toolboxd/sessions/manager.go:127.109,129.16 2 1
github.com/aerol-ai/microvm/cmd/toolboxd/sessions/manager.go:129.16,131.3 1 0
github.com/aerol-ai/microvm/cmd/toolboxd/sessions/manager.go:133.2,134.67 2 1
github.com/aerol-ai/microvm/cmd/toolboxd/sessions/manager.go:134.67,137.3 2 1
github.com/aerol-ai/microvm/cmd/toolboxd/sessions/manager.go:138.2,141.16 3 1
github.com/aerol-ai/microvm/cmd/toolboxd/sessions/manager.go:141.16,143.3 1 0
github.com/aerol-ai/microvm/cmd/toolboxd/sessions/manager.go:144.2,144.27 1 1
github.com/aerol-ai/microvm/cmd/toolboxd/sessions/manager.go:148.98,150.16 2 1
github.com/aerol-ai/microvm/cmd/toolboxd/sessions/manager.go:150.16,152.3 1 0
github.com/aerol-ai/microvm/cmd/toolboxd/sessions/manager.go:153.2,154.16 2 1
github.com/aerol-ai/microvm/cmd/toolboxd/sessions/manager.go:154.16,156.3 1 0
github.com/aerol-ai/microvm/cmd/toolboxd/sessions/manager.go:157.2,158.16 2 1
github.com/aerol-ai/microvm/cmd/toolboxd/sessions/manager.go:158.16,160.3 1 0
github.com/aerol-ai/microvm/cmd/toolboxd/sessions/manager.go:162.2,163.23 2 1
github.com/aerol-ai/microvm/cmd/toolboxd/sessions/manager.go:163.23,165.3 1 0
github.com/aerol-ai/microvm/cmd/toolboxd/sessions/manager.go:166.2,192.16 5 1
github.com/aerol-ai/microvm/cmd/toolboxd/sessions/manager.go:192.16,194.3 1 0
github.com/aerol-ai/microvm/cmd/toolboxd/sessions/manager.go:194.8,196.3 1 1
github.com/aerol-ai/microvm/cmd/toolboxd/sessions/manager.go:198.2,198.13 1 1
github.com/aerol-ai/microvm/cmd/toolboxd/sessions/manager.go:198.13,200.17 2 0
github.com/aerol-ai/microvm/cmd/toolboxd/sessions/manager.go:200.17,204.4 3 0
github.com/aerol-ai/microvm/cmd/toolboxd/sessions/manager.go:205.3,208.35 4 0
github.com/aerol-ai/microvm/cmd/toolboxd/sessions/manager.go:209.8,211.17 2 1
github.com/aerol-ai/microvm/cmd/toolboxd/sessions/manager.go:211.17,213.4 1 0
github.com/aerol-ai/microvm/cmd/toolboxd/sessions/manager.go:214.3,215.17 2 1
github.com/aerol-ai/microvm/cmd/toolboxd/sessions/manager.go:215.17,218.4 2 0
github.com/aerol-ai/microvm/cmd/toolboxd/sessions/manager.go:219.3,220.17 2 1
github.com/aerol-ai/microvm/cmd/toolboxd/sessions/manager.go:220.17,223.4 2 0
github.com/aerol-ai/microvm/cmd/toolboxd/sessions/manager.go:224.3,224.37 1 1
github.com/aerol-ai/microvm/cmd/toolboxd/sessions/manager.go:224.37,229.4 4 0
github.com/aerol-ai/microvm/cmd/toolboxd/sessions/manager.go:230.3,234.37 5 1
github.com/aerol-ai/microvm/cmd/toolboxd/sessions/manager.go:237.2,242.12 5 1
github.com/aerol-ai/microvm/cmd/toolboxd/sessions/manager.go:242.12,247.26 3 1
github.com/aerol-ai/microvm/cmd/toolboxd/sessions/manager.go:247.26,249.4 1 1
github.com/aerol-ai/microvm/cmd/toolboxd/sessions/manager.go:250.3,256.4 2 1
github.com/aerol-ai/microvm/cmd/toolboxd/sessions/manager.go:259.2,265.15 2 1
github.com/aerol-ai/microvm/cmd/toolboxd/sessions/manager.go:270.43,273.9 3 1
github.com/aerol-ai/microvm/cmd/toolboxd/sessions/manager.go:273.9,276.3 2 0
github.com/aerol-ai/microvm/cmd/toolboxd/sessions/manager.go:277.2,278.27 2 1
github.com/aerol-ai/microvm/cmd/toolboxd/sessions/manager.go:278.27,280.3 1 1
github.com/aerol-ai/microvm/cmd/toolboxd/sessions/manager.go:281.2,283.12 3 1
github.com/aerol-ai/microvm/cmd/toolboxd/sessions/manager.go:288.32,289.35 1 1
github.com/aerol-ai/microvm/cmd/toolboxd/sessions/manager.go:289.35,291.3 1 1
github.com/aerol-ai/microvm/cmd/toolboxd/sessions/manager.go:292.2,296.6 4 0
github.com/aerol-ai/microvm/cmd/toolboxd/sessions/manager.go:296.6,297.10 1 0
github.com/aerol-ai/microvm/cmd/toolboxd/sessions/manager.go:298.20,299.10 1 0
github.com/aerol-ai/microvm/cmd/toolboxd/sessions/manager.go:300.19,301.17 1 0
github.com/aerol-ai/microvm/cmd/toolboxd/sessions/manager.go:306.31,309.16 3 0
github.com/aerol-ai/microvm/cmd/toolboxd/sessions/manager.go:309.16,311.3 1 0
github.com/aerol-ai/microvm/cmd/toolboxd/sessions/manager.go:312.2,315.25 4 0
github.com/aerol-ai/microvm/cmd/toolboxd/sessions/manager.go:315.25,317.3 1 0
github.com/aerol-ai/microvm/cmd/toolboxd/sessions/manager.go:318.2,320.28 2 0
github.com/aerol-ai/microvm/cmd/toolboxd/sessions/manager.go:320.28,321.16 1 0
github.com/aerol-ai/microvm/cmd/toolboxd/sessions/manager.go:321.16,322.12 1 0
github.com/aerol-ai/microvm/cmd/toolboxd/sessions/manager.go:324.3,324.44 1 0
github.com/aerol-ai/microvm/cmd/toolboxd/sessions/manager.go:324.44,325.12 1 0
github.com/aerol-ai/microvm/cmd/toolboxd/sessions/manager.go:329.3,329.34 1 0
github.com/aerol-ai/microvm/cmd/toolboxd/sessions/manager.go:329.34,330.12 1 0
github.com/aerol-ai/microvm/cmd/toolboxd/sessions/manager.go:332.3,333.17 2 0
github.com/aerol-ai/microvm/cmd/toolboxd/sessions/manager.go:333.17,334.12 1 0
github.com/aerol-ai/microvm/cmd/toolboxd/sessions/manager.go:336.3,336.36 1 0
github.com/aerol-ai/microvm/cmd/toolboxd/sessions/manager.go:336.36,338.42 2 0
github.com/aerol-ai/microvm/cmd/toolboxd/sessions/manager.go:338.42,340.5 1 0
github.com/aerol-ai/microvm/cmd/toolboxd/sessions/manager.go:348.37,350.42 2 1
github.com/aerol-ai/microvm/cmd/toolboxd/sessions/manager.go:350.42,352.3 1 0
github.com/aerol-ai/microvm/cmd/toolboxd/sessions/manager.go:353.2,353.46 1 1
github.com/aerol-ai/microvm/cmd/toolboxd/sessions/manager.go:356.49,358.26 2 1
github.com/aerol-ai/microvm/cmd/toolboxd/sessions/manager.go:358.26,360.3 1 0
github.com/aerol-ai/microvm/cmd/toolboxd/sessions/manager.go:361.2,361.13 1 1
github.com/aerol-ai/microvm/cmd/toolboxd/sessions/manager.go:364.37,365.12 1 1
github.com/aerol-ai/microvm/cmd/toolboxd/sessions/manager.go:365.12,367.3 1 1
github.com/aerol-ai/microvm/cmd/toolboxd/sessions/manager.go:368.2,368.10 1 0
github.com/aerol-ai/microvm/cmd/toolboxd/sessions/manager.go:373.67,374.23 1 1
github.com/aerol-ai/microvm/cmd/toolboxd/sessions/manager.go:374.23,376.3 1 0
github.com/aerol-ai/microvm/cmd/toolboxd/sessions/manager.go:377.2,377.54 1 1
github.com/aerol-ai/microvm/cmd/toolboxd/sessions/manager.go:377.54,380.3 2 1
github.com/aerol-ai/microvm/cmd/toolboxd/sessions/manager.go:382.2,383.36 2 0
github.com/aerol-ai/microvm/cmd/toolboxd/sessions/manager.go:383.36,385.3 1 0
github.com/aerol-ai/microvm/cmd/toolboxd/sessions/manager.go:386.2,386.35 1 0
github.com/aerol-ai/microvm/cmd/toolboxd/sessions/manager.go:389.27,390.52 1 1
github.com/aerol-ai/microvm/cmd/toolboxd/sessions/manager.go:390.52,392.3 1 1
github.com/aerol-ai/microvm/cmd/toolboxd/sessions/manager.go:393.2,393.50 1 0
github.com/aerol-ai/microvm/cmd/toolboxd/sessions/manager.go:393.50,395.3 1 0
github.com/aerol-ai/microvm/cmd/toolboxd/sessions/manager.go:396.2,396.18 1 0
github.com/aerol-ai/microvm/cmd/toolboxd/sessions/recorder.go:33.80,34.15 1 1
github.com/aerol-ai/microvm/cmd/toolboxd/sessions/recorder.go:34.15,36.3 1 0
github.com/aerol-ai/microvm/cmd/toolboxd/sessions/recorder.go:37.2,37.15 1 1
github.com/aerol-ai/microvm/cmd/toolboxd/sessions/recorder.go:37.15,39.3 1 0
github.com/aerol-ai/microvm/cmd/toolboxd/sessions/recorder.go:40.2,40.63 1 1
github.com/aerol-ai/microvm/cmd/toolboxd/sessions/recorder.go:40.63,42.3 1 0
github.com/aerol-ai/microvm/cmd/toolboxd/sessions/recorder.go:43.2,44.16 2 1
github.com/aerol-ai/microvm/cmd/toolboxd/sessions/recorder.go:44.16,46.3 1 0
github.com/aerol-ai/microvm/cmd/toolboxd/sessions/recorder.go:47.2,57.16 4 1
github.com/aerol-ai/microvm/cmd/toolboxd/sessions/recorder.go:57.16,60.3 2 0
github.com/aerol-ai/microvm/cmd/toolboxd/sessions/recorder.go:61.2,61.58 1 1
github.com/aerol-ai/microvm/cmd/toolboxd/sessions/recorder.go:61.58,64.3 2 0
github.com/aerol-ai/microvm/cmd/toolboxd/sessions/recorder.go:65.2,65.53 1 1
github.com/aerol-ai/microvm/cmd/toolboxd/sessions/recorder.go:69.42,70.14 1 1
github.com/aerol-ai/microvm/cmd/toolboxd/sessions/recorder.go:70.14,72.3 1 0
github.com/aerol-ai/microvm/cmd/toolboxd/sessions/recorder.go:73.2,75.16 3 1
github.com/aerol-ai/microvm/cmd/toolboxd/sessions/recorder.go:75.16,77.3 1 0
github.com/aerol-ai/microvm/cmd/toolboxd/sessions/recorder.go:78.2,80.53 3 1
github.com/aerol-ai/microvm/cmd/toolboxd/sessions/recorder.go:80.53,82.3 1 1
github.com/aerol-ai/microvm/cmd/toolboxd/sessions/recorder.go:87.41,88.14 1 0
github.com/aerol-ai/microvm/cmd/toolboxd/sessions/recorder.go:88.14,90.3 1 0
github.com/aerol-ai/microvm/cmd/toolboxd/sessions/recorder.go:91.2,93.16 3 0
github.com/aerol-ai/microvm/cmd/toolboxd/sessions/recorder.go:93.16,95.3 1 0
github.com/aerol-ai/microvm/cmd/toolboxd/sessions/recorder.go:96.2,98.53 3 0
github.com/aerol-ai/microvm/cmd/toolboxd/sessions/recorder.go:98.53,100.3 1 0
github.com/aerol-ai/microvm/cmd/toolboxd/sessions/recorder.go:104.34,105.14 1 1
github.com/aerol-ai/microvm/cmd/toolboxd/sessions/recorder.go:105.14,107.3 1 0
github.com/aerol-ai/microvm/cmd/toolboxd/sessions/recorder.go:108.2,110.16 3 1
github.com/aerol-ai/microvm/cmd/toolboxd/sessions/recorder.go:110.16,112.3 1 0
github.com/aerol-ai/microvm/cmd/toolboxd/sessions/recorder.go:113.2,115.12 3 1
github.com/aerol-ai/microvm/cmd/toolboxd/sessions/recorder.go:119.34,120.14 1 1
github.com/aerol-ai/microvm/cmd/toolboxd/sessions/recorder.go:120.14,122.3 1 0
github.com/aerol-ai/microvm/cmd/toolboxd/sessions/recorder.go:123.2,123.15 1 1
github.com/aerol-ai/microvm/cmd/toolboxd/sessions/ring.go:17.29,18.14 1 1
github.com/aerol-ai/microvm/cmd/toolboxd/sessions/ring.go:18.14,20.3 1 0
github.com/aerol-ai/microvm/cmd/toolboxd/sessions/ring.go:21.2,21.48 1 1
github.com/aerol-ai/microvm/cmd/toolboxd/sessions/ring.go:25.45,30.16 4 1
github.com/aerol-ai/microvm/cmd/toolboxd/sessions/ring.go:30.16,36.3 4 1
github.com/aerol-ai/microvm/cmd/toolboxd/sessions/ring.go:38.2,40.15 3 1
github.com/aerol-ai/microvm/cmd/toolboxd/sessions/ring.go:40.15,42.3 1 1
github.com/aerol-ai/microvm/cmd/toolboxd/sessions/ring.go:43.2,44.31 2 1
github.com/aerol-ai/microvm/cmd/toolboxd/sessions/ring.go:44.31,46.3 1 0
github.com/aerol-ai/microvm/cmd/toolboxd/sessions/ring.go:48.2,48.22 1 1
github.com/aerol-ai/microvm/cmd/toolboxd/sessions/ring.go:48.22,52.3 3 1
github.com/aerol-ai/microvm/cmd/toolboxd/sessions/ring.go:52.8,54.3 1 1
github.com/aerol-ai/microvm/cmd/toolboxd/sessions/ring.go:55.2,55.15 1 1
github.com/aerol-ai/microvm/cmd/toolboxd/sessions/ring.go:60.34,64.17 4 1
github.com/aerol-ai/microvm/cmd/toolboxd/sessions/ring.go:64.17,66.3 1 1
github.com/aerol-ai/microvm/cmd/toolboxd/sessions/ring.go:67.2,68.20 2 1
github.com/aerol-ai/microvm/cmd/toolboxd/sessions/ring.go:68.20,70.3 1 1
github.com/aerol-ai/microvm/cmd/toolboxd/sessions/ring.go:71.2,72.20 2 1
github.com/aerol-ai/microvm/cmd/toolboxd/sessions/ring.go:72.20,74.3 1 1
github.com/aerol-ai/microvm/cmd/toolboxd/sessions/ring.go:75.2,75.12 1 1
github.com/aerol-ai/microvm/cmd/toolboxd/sessions/session.go:75.45,77.21 2 1
github.com/aerol-ai/microvm/cmd/toolboxd/sessions/session.go:77.21,78.10 1 1
github.com/aerol-ai/microvm/cmd/toolboxd/sessions/session.go:79.17,80.39 1 0
github.com/aerol-ai/microvm/cmd/toolboxd/sessions/session.go:81.27,82.39 1 0
github.com/aerol-ai/microvm/cmd/toolboxd/sessions/session.go:83.11,84.39 1 1
github.com/aerol-ai/microvm/cmd/toolboxd/sessions/session.go:87.2,102.3 1 1
github.com/aerol-ai/microvm/cmd/toolboxd/sessions/session.go:106.31,106.46 1 1
github.com/aerol-ai/microvm/cmd/toolboxd/sessions/session.go:109.33,109.50 1 0
github.com/aerol-ai/microvm/cmd/toolboxd/sessions/session.go:112.32,112.48 1 0
github.com/aerol-ai/microvm/cmd/toolboxd/sessions/session.go:115.42,115.61 1 1
github.com/aerol-ai/microvm/cmd/toolboxd/sessions/session.go:119.42,119.70 1 1
github.com/aerol-ai/microvm/cmd/toolboxd/sessions/session.go:123.44,124.22 1 1
github.com/aerol-ai/microvm/cmd/toolboxd/sessions/session.go:124.22,126.3 1 0
github.com/aerol-ai/microvm/cmd/toolboxd/sessions/session.go:127.2,127.33 1 1
github.com/aerol-ai/microvm/cmd/toolboxd/sessions/session.go:131.35,136.2 4 1
github.com/aerol-ai/microvm/cmd/toolboxd/sessions/session.go:143.54,148.21 5 1
github.com/aerol-ai/microvm/cmd/toolboxd/sessions/session.go:148.21,150.3 1 1
github.com/aerol-ai/microvm/cmd/toolboxd/sessions/session.go:151.2,152.22 2 1
github.com/aerol-ai/microvm/cmd/toolboxd/sessions/session.go:152.22,154.27 2 1
github.com/aerol-ai/microvm/cmd/toolboxd/sessions/session.go:154.27,156.4 1 1
github.com/aerol-ai/microvm/cmd/toolboxd/sessions/session.go:157.3,158.20 2 1
github.com/aerol-ai/microvm/cmd/toolboxd/sessions/session.go:159.8,161.3 1 1
github.com/aerol-ai/microvm/cmd/toolboxd/sessions/session.go:162.2,163.16 2 1
github.com/aerol-ai/microvm/cmd/toolboxd/sessions/session.go:163.16,165.3 1 1
github.com/aerol-ai/microvm/cmd/toolboxd/sessions/session.go:167.2,168.19 2 1
github.com/aerol-ai/microvm/cmd/toolboxd/sessions/session.go:168.19,169.18 1 1
github.com/aerol-ai/microvm/cmd/toolboxd/sessions/session.go:169.18,171.4 1 1
github.com/aerol-ai/microvm/cmd/toolboxd/sessions/session.go:172.3,172.18 1 1
github.com/aerol-ai/microvm/cmd/toolboxd/sessions/session.go:172.18,174.45 2 1
github.com/aerol-ai/microvm/cmd/toolboxd/sessions/session.go:174.45,177.5 2 0
github.com/aerol-ai/microvm/cmd/toolboxd/sessions/session.go:178.4,179.22 2 1
github.com/aerol-ai/microvm/cmd/toolboxd/sessions/session.go:182.2,182.19 1 1
github.com/aerol-ai/microvm/cmd/toolboxd/sessions/session.go:187.48,188.21 1 0
github.com/aerol-ai/microvm/cmd/toolboxd/sessions/session.go:188.21,190.3 1 0
github.com/aerol-ai/microvm/cmd/toolboxd/sessions/session.go:191.2,191.19 1 0
github.com/aerol-ai/microvm/cmd/toolboxd/sessions/session.go:191.19,193.24 1 0
github.com/aerol-ai/microvm/cmd/toolboxd/sessions/session.go:193.24,195.4 1 0
github.com/aerol-ai/microvm/cmd/toolboxd/sessions/session.go:196.3,196.25 1 0
github.com/aerol-ai/microvm/cmd/toolboxd/sessions/session.go:198.2,198.20 1 0
github.com/aerol-ai/microvm/cmd/toolboxd/sessions/session.go:198.20,200.3 1 0
github.com/aerol-ai/microvm/cmd/toolboxd/sessions/session.go:201.2,201.55 1 0
github.com/aerol-ai/microvm/cmd/toolboxd/sessions/session.go:205.38,206.20 1 0
github.com/aerol-ai/microvm/cmd/toolboxd/sessions/session.go:206.20,208.3 1 0
github.com/aerol-ai/microvm/cmd/toolboxd/sessions/session.go:209.2,209.19 1 0
github.com/aerol-ai/microvm/cmd/toolboxd/sessions/session.go:209.19,212.3 1 0
github.com/aerol-ai/microvm/cmd/toolboxd/sessions/session.go:213.2,213.12 1 0
github.com/aerol-ai/microvm/cmd/toolboxd/sessions/session.go:217.48,218.19 1 0
github.com/aerol-ai/microvm/cmd/toolboxd/sessions/session.go:218.19,220.3 1 0
github.com/aerol-ai/microvm/cmd/toolboxd/sessions/session.go:221.2,221.28 1 0
github.com/aerol-ai/microvm/cmd/toolboxd/sessions/session.go:221.28,223.3 1 0
github.com/aerol-ai/microvm/cmd/toolboxd/sessions/session.go:224.2,226.82 3 0
github.com/aerol-ai/microvm/cmd/toolboxd/sessions/session.go:231.45,232.42 1 1
github.com/aerol-ai/microvm/cmd/toolboxd/sessions/session.go:232.42,234.3 1 0
github.com/aerol-ai/microvm/cmd/toolboxd/sessions/session.go:235.2,236.16 2 1
github.com/aerol-ai/microvm/cmd/toolboxd/sessions/session.go:236.16,238.3 1 0
github.com/aerol-ai/microvm/cmd/toolboxd/sessions/session.go:240.2,240.63 1 1
github.com/aerol-ai/microvm/cmd/toolboxd/sessions/session.go:245.54,246.20 1 1
github.com/aerol-ai/microvm/cmd/toolboxd/sessions/session.go:246.20,248.3 1 0
github.com/aerol-ai/microvm/cmd/toolboxd/sessions/session.go:249.2,254.23 6 1
github.com/aerol-ai/microvm/cmd/toolboxd/sessions/session.go:254.23,256.3 1 1
github.com/aerol-ai/microvm/cmd/toolboxd/sessions/session.go:258.2,258.35 1 1
github.com/aerol-ai/microvm/cmd/toolboxd/sessions/session.go:258.35,259.10 1 1
github.com/aerol-ai/microvm/cmd/toolboxd/sessions/session.go:260.49,260.49 0 1
github.com/aerol-ai/microvm/cmd/toolboxd/sessions/session.go:261.11,261.11 0 0
github.com/aerol-ai/microvm/cmd/toolboxd/sessions/session.go:268.55,271.6 3 1
github.com/aerol-ai/microvm/cmd/toolboxd/sessions/session.go:271.6,273.12 2 1
github.com/aerol-ai/microvm/cmd/toolboxd/sessions/session.go:273.12,275.4 1 1
github.com/aerol-ai/microvm/cmd/toolboxd/sessions/session.go:276.3,276.17 1 1
github.com/aerol-ai/microvm/cmd/toolboxd/sessions/session.go:276.17,278.4 1 1
github.com/aerol-ai/microvm/cmd/toolboxd/sessions/session.go:284.64,285.43 1 1
github.com/aerol-ai/microvm/cmd/toolboxd/sessions/session.go:285.43,287.3 1 0
github.com/aerol-ai/microvm/cmd/toolboxd/sessions/session.go:288.2,294.36 6 1
github.com/aerol-ai/microvm/cmd/toolboxd/sessions/session.go:294.36,297.3 2 1
github.com/aerol-ai/microvm/cmd/toolboxd/sessions/session.go:298.2,300.23 2 1
github.com/aerol-ai/microvm/cmd/toolboxd/sessions/session.go:300.23,302.3 1 1
github.com/aerol-ai/microvm/cmd/toolboxd/sessions/session.go:303.2,303.19 1 1
github.com/aerol-ai/microvm/cmd/toolboxd/sessions/session.go:303.19,305.3 1 0
github.com/aerol-ai/microvm/cmd/toolboxd/sessions/session.go:306.2,306.17 1 1
github.com/aerol-ai/microvm/cmd/toolboxd/sessions/session.go:311.35,315.2 3 1
github.com/aerol-ai/microvm/cmd/toolboxd/sessions/session.go:319.30,320.21 1 1
github.com/aerol-ai/microvm/cmd/toolboxd/sessions/session.go:320.21,322.3 1 1
github.com/aerol-ai/microvm/cmd/toolboxd/sessions/session.go:323.2,323.42 1 1
github.com/aerol-ai/microvm/cmd/toolboxd/sessions/session.go:323.42,325.3 1 1
github.com/aerol-ai/microvm/cmd/toolboxd/sessions/session.go:330.47,332.16 2 1
github.com/aerol-ai/microvm/cmd/toolboxd/sessions/session.go:332.16,334.3 1 1
github.com/aerol-ai/microvm/cmd/toolboxd/sessions/session.go:335.2,336.25 2 1
github.com/aerol-ai/microvm/cmd/toolboxd/sessions/session.go:336.25,337.54 1 1
github.com/aerol-ai/microvm/cmd/toolboxd/sessions/session.go:337.54,338.25 1 1
github.com/aerol-ai/microvm/cmd/toolboxd/sessions/session.go:338.25,340.5 1 1
github.com/aerol-ai/microvm/cmd/toolboxd/sessions/session.go:341.4,341.34 1 0
github.com/aerol-ai/microvm/cmd/toolboxd/sessions/session.go:343.3,343.27 1 0
github.com/aerol-ai/microvm/cmd/toolboxd/sessions/session.go:345.2,345.24 1 0
github.com/aerol-ai/microvm/cmd/toolboxd/sessions/session.go:348.33,350.15 2 1
github.com/aerol-ai/microvm/cmd/toolboxd/sessions/session.go:351.13,352.24 1 0
github.com/aerol-ai/microvm/cmd/toolboxd/sessions/session.go:353.14,354.25 1 0
github.com/aerol-ai/microvm/cmd/toolboxd/sessions/session.go:355.14,356.25 1 1
github.com/aerol-ai/microvm/cmd/toolboxd/sessions/session.go:357.13,358.24 1 0
github.com/aerol-ai/microvm/cmd/toolboxd/sessions/session.go:359.14,360.25 1 0
github.com/aerol-ai/microvm/cmd/toolboxd/sessions/session.go:362.2,362.12 1 0
github.com/aerol-ai/microvm/cmd/toolboxd/sessions/session.go:368.66,370.2 1 1
github.com/aerol-ai/microvm/internal/store/store.go:22.40,23.63 1 1
github.com/aerol-ai/microvm/internal/store/store.go:23.63,25.3 1 0
github.com/aerol-ai/microvm/internal/store/store.go:27.2,28.16 2 1
github.com/aerol-ai/microvm/internal/store/store.go:28.16,30.3 1 0
github.com/aerol-ai/microvm/internal/store/store.go:32.2,81.29 2 1
github.com/aerol-ai/microvm/internal/store/store.go:81.29,82.42 1 1
github.com/aerol-ai/microvm/internal/store/store.go:82.42,85.4 2 0
github.com/aerol-ai/microvm/internal/store/store.go:92.2,100.34 2 1
github.com/aerol-ai/microvm/internal/store/store.go:100.34,101.101 1 1
github.com/aerol-ai/microvm/internal/store/store.go:101.101,104.4 2 0
github.com/aerol-ai/microvm/internal/store/store.go:107.2,107.28 1 1
github.com/aerol-ai/microvm/internal/store/store.go:110.31,111.29 1 1
github.com/aerol-ai/microvm/internal/store/store.go:111.29,113.3 1 0
github.com/aerol-ai/microvm/internal/store/store.go:114.2,114.21 1 1
github.com/aerol-ai/microvm/internal/store/store.go:117.76,119.16 2 1
github.com/aerol-ai/microvm/internal/store/store.go:119.16,121.3 1 0
github.com/aerol-ai/microvm/internal/store/store.go:122.2,123.16 2 1
github.com/aerol-ai/microvm/internal/store/store.go:123.16,125.3 1 0
github.com/aerol-ai/microvm/internal/store/store.go:127.2,160.16 2 1
github.com/aerol-ai/microvm/internal/store/store.go:160.16,162.3 1 1
github.com/aerol-ai/microvm/internal/store/store.go:163.2,163.12 1 1
github.com/aerol-ai/microvm/internal/store/store.go:166.76,168.16 2 1
github.com/aerol-ai/microvm/internal/store/store.go:168.16,170.3 1 0
github.com/aerol-ai/microvm/internal/store/store.go:171.2,172.16 2 1
github.com/aerol-ai/microvm/internal/store/store.go:172.16,174.3 1 0
github.com/aerol-ai/microvm/internal/store/store.go:176.2,232.16 2 1
github.com/aerol-ai/microvm/internal/store/store.go:232.16,234.3 1 0
github.com/aerol-ai/microvm/internal/store/store.go:235.2,235.12 1 1
github.com/aerol-ai/microvm/internal/store/store.go:238.78,249.16 3 1
github.com/aerol-ai/microvm/internal/store/store.go:249.16,250.36 1 1
github.com/aerol-ai/microvm/internal/store/store.go:250.36,252.4 1 1
github.com/aerol-ai/microvm/internal/store/store.go:253.3,253.18 1 0
github.com/aerol-ai/microvm/internal/store/store.go:256.2,257.16 2 1
github.com/aerol-ai/microvm/internal/store/store.go:257.16,259.3 1 0
github.com/aerol-ai/microvm/internal/store/store.go:260.2,262.21 2 1
github.com/aerol-ai/microvm/internal/store/store.go:265.70,274.16 2 1
github.com/aerol-ai/microvm/internal/store/store.go:274.16,276.3 1 0
github.com/aerol-ai/microvm/internal/store/store.go:277.2,281.18 4 1
github.com/aerol-ai/microvm/internal/store/store.go:281.18,283.17 2 1
github.com/aerol-ai/microvm/internal/store/store.go:283.17,285.4 1 0
github.com/aerol-ai/microvm/internal/store/store.go:286.3,287.29 2 1
github.com/aerol-ai/microvm/internal/store/store.go:290.2,290.35 1 1
github.com/aerol-ai/microvm/internal/store/store.go:290.35,292.3 1 0
github.com/aerol-ai/microvm/internal/store/store.go:298.2,298.24 1 1
github.com/aerol-ai/microvm/internal/store/store.go:298.24,299.54 1 1
github.com/aerol-ai/microvm/internal/store/store.go:299.54,301.4 1 0
github.com/aerol-ai/microvm/internal/store/store.go:304.2,304.23 1 1
github.com/aerol-ai/microvm/internal/store/store.go:315.93,321.16 2 1
github.com/aerol-ai/microvm/internal/store/store.go:321.16,323.3 1 0
github.com/aerol-ai/microvm/internal/store/store.go:324.2,326.18 2 1
github.com/aerol-ai/microvm/internal/store/store.go:326.18,328.114 2 1
github.com/aerol-ai/microvm/internal/store/store.go:328.114,330.4 1 0
github.com/aerol-ai/microvm/internal/store/store.go:331.3,331.45 1 1
github.com/aerol-ai/microvm/internal/store/store.go:331.45,333.4 1 1
github.com/aerol-ai/microvm/internal/store/store.go:336.2,336.35 1 1
github.com/aerol-ai/microvm/internal/store/store.go:336.35,338.3 1 0
github.com/aerol-ai/microvm/internal/store/store.go:339.2,339.12 1 1
github.com/aerol-ai/microvm/internal/store/store.go:349.84,350.17 1 1
github.com/aerol-ai/microvm/internal/store/store.go:350.17,352.3 1 1
github.com/aerol-ai/microvm/internal/store/store.go:353.2,359.35 3 1
github.com/aerol-ai/microvm/internal/store/store.go:359.35,361.3 1 1
github.com/aerol-ai/microvm/internal/store/store.go:362.2,362.16 1 1
github.com/aerol-ai/microvm/internal/store/store.go:362.16,364.3 1 0
github.com/aerol-ai/microvm/internal/store/store.go:365.2,365.18 1 1
github.com/aerol-ai/microvm/internal/store/store.go:372.91,389.16 2 1
github.com/aerol-ai/microvm/internal/store/store.go:389.16,391.3 1 0
github.com/aerol-ai/microvm/internal/store/store.go:392.2,393.33 2 1
github.com/aerol-ai/microvm/internal/store/store.go:393.33,395.3 1 1
github.com/aerol-ai/microvm/internal/store/store.go:396.2,396.12 1 1
github.com/aerol-ai/microvm/internal/store/store.go:406.92,411.16 2 1
github.com/aerol-ai/microvm/internal/store/store.go:411.16,413.3 1 0
github.com/aerol-ai/microvm/internal/store/store.go:414.2,415.16 2 1
github.com/aerol-ai/microvm/internal/store/store.go:415.16,420.3 1 0
github.com/aerol-ai/microvm/internal/store/store.go:421.2,421.22 1 1
github.com/aerol-ai/microvm/internal/store/store.go:424.62,426.16 2 1
github.com/aerol-ai/microvm/internal/store/store.go:426.16,428.3 1 0
github.com/aerol-ai/microvm/internal/store/store.go:429.2,430.33 2 1
github.com/aerol-ai/microvm/internal/store/store.go:430.33,432.3 1 1
github.com/aerol-ai/microvm/internal/store/store.go:433.2,433.12 1 1
github.com/aerol-ai/microvm/internal/store/store.go:436.115,442.16 2 1
github.com/aerol-ai/microvm/internal/store/store.go:442.16,444.3 1 0
github.com/aerol-ai/microvm/internal/store/store.go:445.2,446.33 2 1
github.com/aerol-ai/microvm/internal/store/store.go:446.33,448.3 1 0
github.com/aerol-ai/microvm/internal/store/store.go:449.2,449.12 1 1
github.com/aerol-ai/microvm/internal/store/store.go:452.106,458.16 2 1
github.com/aerol-ai/microvm/internal/store/store.go:458.16,460.3 1 0
github.com/aerol-ai/microvm/internal/store/store.go:461.2,462.33 2 1
github.com/aerol-ai/microvm/internal/store/store.go:462.33,464.3 1 0
github.com/aerol-ai/microvm/internal/store/store.go:465.2,465.12 1 1
github.com/aerol-ai/microvm/internal/store/store.go:468.75,474.16 2 1
github.com/aerol-ai/microvm/internal/store/store.go:474.16,476.3 1 0
github.com/aerol-ai/microvm/internal/store/store.go:477.2,477.12 1 1
github.com/aerol-ai/microvm/internal/store/store.go:480.84,488.16 2 1
github.com/aerol-ai/microvm/internal/store/store.go:488.16,490.3 1 0
github.com/aerol-ai/microvm/internal/store/store.go:491.2,491.12 1 1
github.com/aerol-ai/microvm/internal/store/store.go:494.83,496.16 2 1
github.com/aerol-ai/microvm/internal/store/store.go:496.16,498.3 1 0
github.com/aerol-ai/microvm/internal/store/store.go:499.2,499.12 1 1
github.com/aerol-ai/microvm/internal/store/store.go:502.96,509.16 2 1
github.com/aerol-ai/microvm/internal/store/store.go:509.16,511.3 1 0
github.com/aerol-ai/microvm/internal/store/store.go:512.2,515.18 3 1
github.com/aerol-ai/microvm/internal/store/store.go:515.18,517.114 2 1
github.com/aerol-ai/microvm/internal/store/store.go:517.114,519.4 1 0
github.com/aerol-ai/microvm/internal/store/store.go:520.3,520.34 1 1
github.com/aerol-ai/microvm/internal/store/store.go:523.2,523.35 1 1
github.com/aerol-ai/microvm/internal/store/store.go:523.35,525.3 1 0
github.com/aerol-ai/microvm/internal/store/store.go:527.2,527.19 1 1
github.com/aerol-ai/microvm/internal/store/store.go:532.29,566.16 8 1
github.com/aerol-ai/microvm/internal/store/store.go:566.16,568.3 1 1
github.com/aerol-ai/microvm/internal/store/store.go:570.2,570.19 1 1
github.com/aerol-ai/microvm/internal/store/store.go:570.19,571.71 1 1
github.com/aerol-ai/microvm/internal/store/store.go:571.71,573.4 1 1
github.com/aerol-ai/microvm/internal/store/store.go:575.2,575.23 1 1
github.com/aerol-ai/microvm/internal/store/store.go:575.23,576.88 1 1
github.com/aerol-ai/microvm/internal/store/store.go:576.88,578.4 1 0
github.com/aerol-ai/microvm/internal/store/store.go:581.2,590.22 4 1
github.com/aerol-ai/microvm/internal/store/store.go:593.62,594.18 1 1
github.com/aerol-ai/microvm/internal/store/store.go:594.18,596.3 1 1
github.com/aerol-ai/microvm/internal/store/store.go:597.2,598.16 2 1
github.com/aerol-ai/microvm/internal/store/store.go:598.16,600.3 1 0
github.com/aerol-ai/microvm/internal/store/store.go:601.2,601.29 1 1
github.com/aerol-ai/microvm/internal/store/store.go:604.32,605.11 1 1
github.com/aerol-ai/microvm/internal/store/store.go:605.11,607.3 1 1
github.com/aerol-ai/microvm/internal/store/store.go:608.2,608.10 1 0
github.com/aerol-ai/microvm/internal/store/store.go:615.87,623.16 2 0
github.com/aerol-ai/microvm/internal/store/store.go:623.16,625.3 1 0
github.com/aerol-ai/microvm/internal/store/store.go:626.2,626.12 1 0
github.com/aerol-ai/microvm/internal/store/store.go:630.82,633.40 3 0
github.com/aerol-ai/microvm/internal/store/store.go:633.40,634.36 1 0
github.com/aerol-ai/microvm/internal/store/store.go:634.36,636.4 1 0
github.com/aerol-ai/microvm/internal/store/store.go:637.3,637.56 1 0
github.com/aerol-ai/microvm/internal/store/store.go:639.2,639.18 1 0
github.com/aerol-ai/microvm/internal/store/store.go:645.75,647.16 2 0
github.com/aerol-ai/microvm/internal/store/store.go:647.16,649.3 1 0
github.com/aerol-ai/microvm/internal/store/store.go:650.2,650.12 1 0
github.com/aerol-ai/microvm/internal/service/events.go:24.58,25.31 1 0
github.com/aerol-ai/microvm/internal/service/events.go:25.31,27.3 1 0
github.com/aerol-ai/microvm/internal/service/events.go:29.2,29.27 1 0
github.com/aerol-ai/microvm/internal/service/events.go:32.56,34.6 2 0
github.com/aerol-ai/microvm/internal/service/events.go:34.6,35.23 1 0
github.com/aerol-ai/microvm/internal/service/events.go:35.23,37.4 1 0
github.com/aerol-ai/microvm/internal/service/events.go:39.3,43.13 4 0
github.com/aerol-ai/microvm/internal/service/events.go:43.13,46.4 2 0
github.com/aerol-ai/microvm/internal/service/events.go:49.3,53.23 4 0
github.com/aerol-ai/microvm/internal/service/events.go:53.23,55.4 1 0
github.com/aerol-ai/microvm/internal/service/events.go:57.3,57.17 1 0
github.com/aerol-ai/microvm/internal/service/events.go:57.17,59.4 1 0
github.com/aerol-ai/microvm/internal/service/events.go:59.9,61.4 1 0
github.com/aerol-ai/microvm/internal/service/events.go:63.3,63.10 1 0
github.com/aerol-ai/microvm/internal/service/events.go:64.21,65.10 1 0
github.com/aerol-ai/microvm/internal/service/events.go:66.30,66.30 0 0
github.com/aerol-ai/microvm/internal/service/events.go:69.3,70.34 2 0
github.com/aerol-ai/microvm/internal/service/events.go:70.34,72.4 1 0
github.com/aerol-ai/microvm/internal/service/events.go:76.88,77.28 1 0
github.com/aerol-ai/microvm/internal/service/events.go:77.28,78.23 1 0
github.com/aerol-ai/microvm/internal/service/events.go:78.23,80.4 1 0
github.com/aerol-ai/microvm/internal/service/events.go:81.3,81.57 1 0
github.com/aerol-ai/microvm/internal/service/events.go:81.57,87.4 1 0
github.com/aerol-ai/microvm/internal/service/events.go:91.90,93.16 2 0
github.com/aerol-ai/microvm/internal/service/events.go:93.16,94.40 1 0
github.com/aerol-ai/microvm/internal/service/events.go:94.40,99.4 1 0
github.com/aerol-ai/microvm/internal/service/events.go:100.3,100.45 1 0
github.com/aerol-ai/microvm/internal/service/events.go:103.2,103.22 1 0
github.com/aerol-ai/microvm/internal/service/events.go:104.28,105.80 1 0
github.com/aerol-ai/microvm/internal/service/events.go:106.17,107.82 1 0
github.com/aerol-ai/microvm/internal/service/events.go:108.15,109.42 1 0
github.com/aerol-ai/microvm/internal/service/events.go:110.10,111.13 1 0
github.com/aerol-ai/microvm/internal/service/events.go:115.145,120.45 4 0
github.com/aerol-ai/microvm/internal/service/events.go:120.45,122.3 1 0
github.com/aerol-ai/microvm/internal/service/events.go:123.2,123.27 1 0
github.com/aerol-ai/microvm/internal/service/events.go:123.27,125.3 1 0
github.com/aerol-ai/microvm/internal/service/events.go:125.8,125.57 1 0
github.com/aerol-ai/microvm/internal/service/events.go:125.57,127.3 1 0
github.com/aerol-ai/microvm/internal/service/events.go:129.2,129.53 1 0
github.com/aerol-ai/microvm/internal/service/events.go:129.53,131.3 1 0
github.com/aerol-ai/microvm/internal/service/events.go:135.2,135.68 1 0
github.com/aerol-ai/microvm/internal/service/events.go:135.68,137.3 1 0
github.com/aerol-ai/microvm/internal/service/events.go:138.2,138.44 1 0
github.com/aerol-ai/microvm/internal/service/events.go:138.44,139.77 1 0
github.com/aerol-ai/microvm/internal/service/events.go:139.77,141.4 1 0
github.com/aerol-ai/microvm/internal/service/events.go:143.2,143.22 1 0
github.com/aerol-ai/microvm/internal/service/events.go:143.22,144.64 1 0
github.com/aerol-ai/microvm/internal/service/events.go:144.64,146.4 1 0
github.com/aerol-ai/microvm/internal/service/events.go:149.2,160.45 2 0
github.com/aerol-ai/microvm/internal/service/events.go:160.45,162.3 1 0
github.com/aerol-ai/microvm/internal/service/events.go:163.2,163.12 1 0
github.com/aerol-ai/microvm/internal/service/events.go:166.88,171.16 2 0
github.com/aerol-ai/microvm/internal/service/events.go:171.16,173.3 1 0
github.com/aerol-ai/microvm/internal/service/events.go:174.2,174.31 1 0
github.com/aerol-ai/microvm/internal/service/events.go:174.31,176.3 1 0
github.com/aerol-ai/microvm/internal/service/events.go:178.2,178.48 1 0
github.com/aerol-ai/microvm/internal/service/events.go:178.48,184.3 1 0
github.com/aerol-ai/microvm/internal/service/events.go:186.2,189.53 4 0
github.com/aerol-ai/microvm/internal/service/events.go:189.53,191.3 1 0
github.com/aerol-ai/microvm/internal/service/events.go:193.2,193.108 1 0
github.com/aerol-ai/microvm/internal/service/events.go:193.108,195.3 1 0
github.com/aerol-ai/microvm/internal/service/events.go:196.2,196.44 1 0
github.com/aerol-ai/microvm/internal/service/events.go:196.44,197.98 1 0
github.com/aerol-ai/microvm/internal/service/events.go:197.98,199.4 1 0
github.com/aerol-ai/microvm/internal/service/events.go:201.2,202.12 2 0
github.com/aerol-ai/microvm/internal/service/service.go:40.215,51.2 1 0
github.com/aerol-ai/microvm/internal/service/service.go:53.126,55.21 2 0
github.com/aerol-ai/microvm/internal/service/service.go:55.21,57.3 1 0
github.com/aerol-ai/microvm/internal/service/service.go:59.2,59.50 1 0
github.com/aerol-ai/microvm/internal/service/service.go:59.50,61.3 1 0
github.com/aerol-ai/microvm/internal/service/service.go:62.2,62.28 1 0
github.com/aerol-ai/microvm/internal/service/service.go:62.28,63.72 1 0
github.com/aerol-ai/microvm/internal/service/service.go:63.72,65.4 1 0
github.com/aerol-ai/microvm/internal/service/service.go:68.2,69.26 2 0
github.com/aerol-ai/microvm/internal/service/service.go:69.26,70.50 1 0
github.com/aerol-ai/microvm/internal/service/service.go:70.50,72.4 1 0
github.com/aerol-ai/microvm/internal/service/service.go:73.3,73.29 1 0
github.com/aerol-ai/microvm/internal/service/service.go:76.2,77.16 2 0
github.com/aerol-ai/microvm/internal/service/service.go:77.16,79.3 1 0
github.com/aerol-ai/microvm/internal/service/service.go:81.2,82.16 2 0
github.com/aerol-ai/microvm/internal/service/service.go:82.16,84.3 1 0
github.com/aerol-ai/microvm/internal/service/service.go:86.2,87.16 2 0
github.com/aerol-ai/microvm/internal/service/service.go:87.16,89.3 1 0
github.com/aerol-ai/microvm/internal/service/service.go:93.2,94.16 2 0
github.com/aerol-ai/microvm/internal/service/service.go:94.16,96.3 1 0
github.com/aerol-ai/microvm/internal/service/service.go:102.2,102.23 1 0
github.com/aerol-ai/microvm/internal/service/service.go:102.23,106.18 1 0
github.com/aerol-ai/microvm/internal/service/service.go:106.18,108.4 1 0
github.com/aerol-ai/microvm/internal/service/service.go:110.2,110.29 1 0
github.com/aerol-ai/microvm/internal/service/service.go:110.29,111.24 1 0
github.com/aerol-ai/microvm/internal/service/service.go:111.24,113.4 1 0
github.com/aerol-ai/microvm/internal/service/service.go:116.2,117.16 2 0
github.com/aerol-ai/microvm/internal/service/service.go:117.16,120.3 2 0
github.com/aerol-ai/microvm/internal/service/service.go:121.2,121.26 1 0
github.com/aerol-ai/microvm/internal/service/service.go:121.26,122.56 1 0
github.com/aerol-ai/microvm/internal/service/service.go:122.56,124.4 1 0
github.com/aerol-ai/microvm/internal/service/service.go:127.2,128.16 2 0
github.com/aerol-ai/microvm/internal/service/service.go:128.16,132.3 3 0
github.com/aerol-ai/microvm/internal/service/service.go:134.2,158.108 3 0
github.com/aerol-ai/microvm/internal/service/service.go:158.108,163.3 4 0
github.com/aerol-ai/microvm/internal/service/service.go:165.2,165.53 1 0
github.com/aerol-ai/microvm/internal/service/service.go:165.53,171.3 5 0
github.com/aerol-ai/microvm/internal/service/service.go:173.2,173.27 1 0
github.com/aerol-ai/microvm/internal/service/service.go:173.27,174.74 1 0
github.com/aerol-ai/microvm/internal/service/service.go:174.74,181.4 6 0
github.com/aerol-ai/microvm/internal/service/service.go:184.2,194.16 3 0
github.com/aerol-ai/microvm/internal/service/service.go:194.16,196.3 1 0
github.com/aerol-ai/microvm/internal/service/service.go:197.2,200.8 1 0
github.com/aerol-ai/microvm/internal/service/service.go:205.72,206.21 1 0
github.com/aerol-ai/microvm/internal/service/service.go:206.21,208.3 1 0
github.com/aerol-ai/microvm/internal/service/service.go:209.2,210.16 2 0
github.com/aerol-ai/microvm/internal/service/service.go:210.16,212.3 1 0
github.com/aerol-ai/microvm/internal/service/service.go:213.2,214.16 2 0
github.com/aerol-ai/microvm/internal/service/service.go:214.16,216.3 1 0
github.com/aerol-ai/microvm/internal/service/service.go:217.2,217.20 1 0
github.com/aerol-ai/microvm/internal/service/service.go:222.97,224.16 2 0
github.com/aerol-ai/microvm/internal/service/service.go:224.16,225.40 1 0
github.com/aerol-ai/microvm/internal/service/service.go:225.40,227.4 1 0
github.com/aerol-ai/microvm/internal/service/service.go:228.3,228.18 1 0
github.com/aerol-ai/microvm/internal/service/service.go:230.2,231.16 2 0
github.com/aerol-ai/microvm/internal/service/service.go:231.16,233.3 1 0
github.com/aerol-ai/microvm/internal/service/service.go:234.2,235.53 2 0
github.com/aerol-ai/microvm/internal/service/service.go:235.53,237.3 1 0
github.com/aerol-ai/microvm/internal/service/service.go:238.2,238.25 1 0
github.com/aerol-ai/microvm/internal/service/service.go:243.105,244.55 1 0
github.com/aerol-ai/microvm/internal/service/service.go:244.55,246.3 1 0
github.com/aerol-ai/microvm/internal/service/service.go:247.2,248.16 2 0
github.com/aerol-ai/microvm/internal/service/service.go:248.16,250.3 1 0
github.com/aerol-ai/microvm/internal/service/service.go:251.2,251.40 1 0
github.com/aerol-ai/microvm/internal/service/service.go:258.80,260.16 2 0
github.com/aerol-ai/microvm/internal/service/service.go:260.16,262.3 1 0
github.com/aerol-ai/microvm/internal/service/service.go:263.2,264.16 2 0
github.com/aerol-ai/microvm/internal/service/service.go:264.16,266.3 1 0
github.com/aerol-ai/microvm/internal/service/service.go:267.2,269.16 3 0
github.com/aerol-ai/microvm/internal/service/service.go:269.16,271.3 1 0
github.com/aerol-ai/microvm/internal/service/service.go:272.2,273.42 2 0
github.com/aerol-ai/microvm/internal/service/service.go:276.87,278.2 1 0
github.com/aerol-ai/microvm/internal/service/service.go:280.81,282.2 1 0
github.com/aerol-ai/microvm/internal/service/service.go:284.89,286.16 2 0
github.com/aerol-ai/microvm/internal/service/service.go:286.16,288.3 1 0
github.com/aerol-ai/microvm/internal/service/service.go:290.2,291.16 2 0
[...]
github.com/aerol-ai/microvm/sdk/go/internal/apiclient/client.go:245.16,247.3 1 0
github.com/aerol-ai/microvm/sdk/go/internal/apiclient/client.go:248.2,249.12 2 0
github.com/aerol-ai/microvm/sdk/go/internal/apiclient/client.go:252.54,254.2 1 0
github.com/aerol-ai/microvm/sdk/go/internal/apiclient/client.go:256.73,258.16 2 0
github.com/aerol-ai/microvm/sdk/go/internal/apiclient/client.go:258.16,260.3 1 0
github.com/aerol-ai/microvm/sdk/go/internal/apiclient/client.go:261.2,262.12 2 0
github.com/aerol-ai/microvm/sdk/go/internal/apiclient/client.go:265.90,267.16 2 0
github.com/aerol-ai/microvm/sdk/go/internal/apiclient/client.go:267.16,269.3 1 0
github.com/aerol-ai/microvm/sdk/go/internal/apiclient/client.go:270.2,271.12 2 0
github.com/aerol-ai/microvm/sdk/go/internal/apiclient/client.go:274.108,276.24 2 1
github.com/aerol-ai/microvm/sdk/go/internal/apiclient/client.go:276.24,278.17 2 1
github.com/aerol-ai/microvm/sdk/go/internal/apiclient/client.go:278.17,280.4 1 0
github.com/aerol-ai/microvm/sdk/go/internal/apiclient/client.go:281.3,281.34 1 1
github.com/aerol-ai/microvm/sdk/go/internal/apiclient/client.go:284.2,285.16 2 1
github.com/aerol-ai/microvm/sdk/go/internal/apiclient/client.go:285.16,287.3 1 0
github.com/aerol-ai/microvm/sdk/go/internal/apiclient/client.go:288.2,288.24 1 1
github.com/aerol-ai/microvm/sdk/go/internal/apiclient/client.go:288.24,290.3 1 1
github.com/aerol-ai/microvm/sdk/go/internal/apiclient/client.go:291.2,294.16 3 1
github.com/aerol-ai/microvm/sdk/go/internal/apiclient/client.go:294.16,296.3 1 0
github.com/aerol-ai/microvm/sdk/go/internal/apiclient/client.go:297.2,299.32 2 1
github.com/aerol-ai/microvm/sdk/go/internal/apiclient/client.go:299.32,301.3 1 1
github.com/aerol-ai/microvm/sdk/go/internal/apiclient/client.go:302.2,302.72 1 1
github.com/aerol-ai/microvm/sdk/go/internal/apiclient/client.go:302.72,304.3 1 1
github.com/aerol-ai/microvm/sdk/go/internal/apiclient/client.go:305.2,305.60 1 1
github.com/aerol-ai/microvm/sdk/go/internal/apiclient/client.go:308.49,309.22 1 1
github.com/aerol-ai/microvm/sdk/go/internal/apiclient/client.go:309.22,311.3 1 1
github.com/aerol-ai/microvm/sdk/go/internal/apiclient/client.go:314.56,316.2 1 1
github.com/aerol-ai/microvm/sdk/go/internal/apiclient/client.go:318.49,320.95 2 1
github.com/aerol-ai/microvm/sdk/go/internal/apiclient/client.go:320.95,322.3 1 1
github.com/aerol-ai/microvm/sdk/go/internal/apiclient/client.go:323.2,323.73 1 0
github.com/aerol-ai/microvm/sdk/go/internal/apiclient/exec_stream.go:54.115,55.46 1 1
github.com/aerol-ai/microvm/sdk/go/internal/apiclient/exec_stream.go:55.46,57.3 1 0
github.com/aerol-ai/microvm/sdk/go/internal/apiclient/exec_stream.go:59.2,60.16 2 1
github.com/aerol-ai/microvm/sdk/go/internal/apiclient/exec_stream.go:60.16,62.3 1 0
github.com/aerol-ai/microvm/sdk/go/internal/apiclient/exec_stream.go:64.2,65.22 2 1
github.com/aerol-ai/microvm/sdk/go/internal/apiclient/exec_stream.go:65.22,67.3 1 1
github.com/aerol-ai/microvm/sdk/go/internal/apiclient/exec_stream.go:69.2,70.16 2 1
github.com/aerol-ai/microvm/sdk/go/internal/apiclient/exec_stream.go:70.16,72.3 1 0
github.com/aerol-ai/microvm/sdk/go/internal/apiclient/exec_stream.go:74.2,94.46 3 1
github.com/aerol-ai/microvm/sdk/go/internal/apiclient/exec_stream.go:94.46,97.3 2 0
github.com/aerol-ai/microvm/sdk/go/internal/apiclient/exec_stream.go:99.2,100.12 2 1
github.com/aerol-ai/microvm/sdk/go/internal/apiclient/exec_stream.go:100.12,101.10 1 1
github.com/aerol-ai/microvm/sdk/go/internal/apiclient/exec_stream.go:102.21,104.20 2 0
github.com/aerol-ai/microvm/sdk/go/internal/apiclient/exec_stream.go:105.22,105.22 0 1
github.com/aerol-ai/microvm/sdk/go/internal/apiclient/exec_stream.go:109.2,109.20 1 1
github.com/aerol-ai/microvm/sdk/go/internal/apiclient/exec_stream.go:112.53,114.2 1 1
github.com/aerol-ai/microvm/sdk/go/internal/apiclient/exec_stream.go:116.59,118.2 1 1
github.com/aerol-ai/microvm/sdk/go/internal/apiclient/exec_stream.go:120.57,122.2 1 1
github.com/aerol-ai/microvm/sdk/go/internal/apiclient/exec_stream.go:124.54,126.2 1 1
github.com/aerol-ai/microvm/sdk/go/internal/apiclient/exec_stream.go:128.42,130.2 1 0
github.com/aerol-ai/microvm/sdk/go/internal/apiclient/exec_stream.go:132.57,137.2 4 1
github.com/aerol-ai/microvm/sdk/go/internal/apiclient/exec_stream.go:139.64,140.6 1 1
github.com/aerol-ai/microvm/sdk/go/internal/apiclient/exec_stream.go:140.6,142.17 2 1
github.com/aerol-ai/microvm/sdk/go/internal/apiclient/exec_stream.go:142.17,145.4 2 0
github.com/aerol-ai/microvm/sdk/go/internal/apiclient/exec_stream.go:147.3,147.22 1 1
github.com/aerol-ai/microvm/sdk/go/internal/apiclient/exec_stream.go:148.30,150.60 2 1
github.com/aerol-ai/microvm/sdk/go/internal/apiclient/exec_stream.go:150.60,151.13 1 0
github.com/aerol-ai/microvm/sdk/go/internal/apiclient/exec_stream.go:153.4,153.24 1 1
github.com/aerol-ai/microvm/sdk/go/internal/apiclient/exec_stream.go:154.16,157.11 3 1
github.com/aerol-ai/microvm/sdk/go/internal/apiclient/exec_stream.go:158.17,159.31 1 0
github.com/aerol-ai/microvm/sdk/go/internal/apiclient/exec_stream.go:159.31,161.6 1 0
github.com/aerol-ai/microvm/sdk/go/internal/apiclient/exec_stream.go:162.5,162.30 1 0
github.com/aerol-ai/microvm/sdk/go/internal/apiclient/exec_stream.go:162.30,164.6 1 0
github.com/aerol-ai/microvm/sdk/go/internal/apiclient/exec_stream.go:165.5,167.11 3 0
github.com/aerol-ai/microvm/sdk/go/internal/apiclient/exec_stream.go:169.32,170.25 1 1
github.com/aerol-ai/microvm/sdk/go/internal/apiclient/exec_stream.go:170.25,171.13 1 0
github.com/aerol-ai/microvm/sdk/go/internal/apiclient/exec_stream.go:173.4,174.22 2 1
github.com/aerol-ai/microvm/sdk/go/internal/apiclient/exec_stream.go:175.28,176.32 1 1
github.com/aerol-ai/microvm/sdk/go/internal/apiclient/exec_stream.go:176.32,178.6 1 1
github.com/aerol-ai/microvm/sdk/go/internal/apiclient/exec_stream.go:179.28,180.32 1 1
github.com/aerol-ai/microvm/sdk/go/internal/apiclient/exec_stream.go:180.32,182.6 1 1
github.com/aerol-ai/microvm/sdk/go/internal/apiclient/exec_stream.go:188.57,192.2 3 1
github.com/aerol-ai/microvm/sdk/go/internal/apiclient/exec_stream.go:194.80,198.2 3 1
github.com/aerol-ai/microvm/sdk/go/internal/apiclient/exec_stream.go:200.65,201.25 1 1
github.com/aerol-ai/microvm/sdk/go/internal/apiclient/exec_stream.go:201.25,206.3 4 1
github.com/aerol-ai/microvm/sdk/go/internal/apiclient/exec_stream.go:209.57,211.16 2 1
github.com/aerol-ai/microvm/sdk/go/internal/apiclient/exec_stream.go:211.16,213.3 1 0
github.com/aerol-ai/microvm/sdk/go/internal/apiclient/exec_stream.go:214.2,214.23 1 1
github.com/aerol-ai/microvm/sdk/go/internal/apiclient/exec_stream.go:215.14,216.23 1 1
github.com/aerol-ai/microvm/sdk/go/internal/apiclient/exec_stream.go:217.15,218.24 1 0
github.com/aerol-ai/microvm/sdk/go/internal/apiclient/exec_stream.go:219.19,219.19 0 0
github.com/aerol-ai/microvm/sdk/go/internal/apiclient/exec_stream.go:220.10,221.73 1 0
github.com/aerol-ai/microvm/sdk/go/internal/apiclient/exec_stream.go:223.2,223.29 1 1
github.com/aerol-ai/microvm/sdk/go/internal/apiclient/sessions.go:28.114,32.2 3 1
github.com/aerol-ai/microvm/sdk/go/internal/apiclient/sessions.go:34.89,36.110 2 1
github.com/aerol-ai/microvm/sdk/go/internal/apiclient/sessions.go:36.110,38.3 1 0
github.com/aerol-ai/microvm/sdk/go/internal/apiclient/sessions.go:39.2,39.31 1 1
github.com/aerol-ai/microvm/sdk/go/internal/apiclient/sessions.go:42.96,46.2 3 1
github.com/aerol-ai/microvm/sdk/go/internal/apiclient/sessions.go:48.88,50.2 1 1
github.com/aerol-ai/microvm/sdk/go/internal/apiclient/sessions.go:52.96,54.2 1 1
github.com/aerol-ai/microvm/sdk/go/internal/apiclient/sessions.go:56.104,58.2 1 1
github.com/aerol-ai/microvm/sdk/go/internal/apiclient/sessions.go:62.95,64.16 2 1
github.com/aerol-ai/microvm/sdk/go/internal/apiclient/sessions.go:64.16,66.3 1 0
github.com/aerol-ai/microvm/sdk/go/internal/apiclient/sessions.go:67.2,70.16 3 1
github.com/aerol-ai/microvm/sdk/go/internal/apiclient/sessions.go:70.16,72.3 1 0
github.com/aerol-ai/microvm/sdk/go/internal/apiclient/sessions.go:73.2,74.32 2 1
github.com/aerol-ai/microvm/sdk/go/internal/apiclient/sessions.go:74.32,76.3 1 0
github.com/aerol-ai/microvm/sdk/go/internal/apiclient/sessions.go:77.2,77.34 1 1
github.com/aerol-ai/microvm/sdk/go/internal/apiclient/sessions.go:82.101,84.16 2 1
github.com/aerol-ai/microvm/sdk/go/internal/apiclient/sessions.go:84.16,86.3 1 0
github.com/aerol-ai/microvm/sdk/go/internal/apiclient/sessions.go:87.2,90.16 3 1
github.com/aerol-ai/microvm/sdk/go/internal/apiclient/sessions.go:90.16,92.3 1 0
github.com/aerol-ai/microvm/sdk/go/internal/apiclient/sessions.go:93.2,94.32 2 1
github.com/aerol-ai/microvm/sdk/go/internal/apiclient/sessions.go:94.32,96.3 1 0
github.com/aerol-ai/microvm/sdk/go/internal/apiclient/sessions.go:97.2,97.34 1 1
github.com/aerol-ai/microvm/sdk/go/internal/apiclient/sessions.go:145.142,146.40 1 0
github.com/aerol-ai/microvm/sdk/go/internal/apiclient/sessions.go:146.40,148.3 1 0
github.com/aerol-ai/microvm/sdk/go/internal/apiclient/sessions.go:149.2,150.16 2 0
github.com/aerol-ai/microvm/sdk/go/internal/apiclient/sessions.go:150.16,152.3 1 0
github.com/aerol-ai/microvm/sdk/go/internal/apiclient/sessions.go:153.2,154.22 2 0
github.com/aerol-ai/microvm/sdk/go/internal/apiclient/sessions.go:154.22,156.3 1 0
github.com/aerol-ai/microvm/sdk/go/internal/apiclient/sessions.go:157.2,158.16 2 0
github.com/aerol-ai/microvm/sdk/go/internal/apiclient/sessions.go:158.16,160.3 1 0
github.com/aerol-ai/microvm/sdk/go/internal/apiclient/sessions.go:162.2,167.42 2 0
github.com/aerol-ai/microvm/sdk/go/internal/apiclient/sessions.go:167.42,169.3 1 0
github.com/aerol-ai/microvm/sdk/go/internal/apiclient/sessions.go:171.2,172.12 2 0
github.com/aerol-ai/microvm/sdk/go/internal/apiclient/sessions.go:172.12,173.10 1 0
github.com/aerol-ai/microvm/sdk/go/internal/apiclient/sessions.go:174.21,176.20 2 0
github.com/aerol-ai/microvm/sdk/go/internal/apiclient/sessions.go:177.22,177.22 0 0
github.com/aerol-ai/microvm/sdk/go/internal/apiclient/sessions.go:181.2,181.20 1 0
github.com/aerol-ai/microvm/sdk/go/internal/apiclient/sessions.go:184.56,186.2 1 0
github.com/aerol-ai/microvm/sdk/go/internal/apiclient/sessions.go:188.62,190.2 1 0
github.com/aerol-ai/microvm/sdk/go/internal/apiclient/sessions.go:192.60,194.2 1 0
github.com/aerol-ai/microvm/sdk/go/internal/apiclient/sessions.go:196.57,198.2 1 0
github.com/aerol-ai/microvm/sdk/go/internal/apiclient/sessions.go:201.45,205.2 3 0
github.com/aerol-ai/microvm/sdk/go/internal/apiclient/sessions.go:209.59,214.2 4 0
github.com/aerol-ai/microvm/sdk/go/internal/apiclient/sessions.go:216.70,217.6 1 0
github.com/aerol-ai/microvm/sdk/go/internal/apiclient/sessions.go:217.6,219.17 2 0
github.com/aerol-ai/microvm/sdk/go/internal/apiclient/sessions.go:219.17,222.4 2 0
github.com/aerol-ai/microvm/sdk/go/internal/apiclient/sessions.go:223.3,223.22 1 0
github.com/aerol-ai/microvm/sdk/go/internal/apiclient/sessions.go:224.30,226.60 2 0
github.com/aerol-ai/microvm/sdk/go/internal/apiclient/sessions.go:226.60,227.13 1 0
github.com/aerol-ai/microvm/sdk/go/internal/apiclient/sessions.go:229.4,229.24 1 0
github.com/aerol-ai/microvm/sdk/go/internal/apiclient/sessions.go:230.16,231.30 1 0
github.com/aerol-ai/microvm/sdk/go/internal/apiclient/sessions.go:231.30,233.6 1 0
github.com/aerol-ai/microvm/sdk/go/internal/apiclient/sessions.go:234.5,236.11 3 0
github.com/aerol-ai/microvm/sdk/go/internal/apiclient/sessions.go:237.17,238.31 1 0
github.com/aerol-ai/microvm/sdk/go/internal/apiclient/sessions.go:238.31,240.6 1 0
github.com/aerol-ai/microvm/sdk/go/internal/apiclient/sessions.go:241.5,241.30 1 0
github.com/aerol-ai/microvm/sdk/go/internal/apiclient/sessions.go:241.30,243.6 1 0
github.com/aerol-ai/microvm/sdk/go/internal/apiclient/sessions.go:244.5,246.11 3 0
github.com/aerol-ai/microvm/sdk/go/internal/apiclient/sessions.go:248.32,249.25 1 0
github.com/aerol-ai/microvm/sdk/go/internal/apiclient/sessions.go:249.25,250.13 1 0
github.com/aerol-ai/microvm/sdk/go/internal/apiclient/sessions.go:252.4,253.22 2 0
github.com/aerol-ai/microvm/sdk/go/internal/apiclient/sessions.go:254.28,255.32 1 0
github.com/aerol-ai/microvm/sdk/go/internal/apiclient/sessions.go:255.32,257.6 1 0
github.com/aerol-ai/microvm/sdk/go/internal/apiclient/sessions.go:258.28,259.32 1 0
github.com/aerol-ai/microvm/sdk/go/internal/apiclient/sessions.go:259.32,261.6 1 0
github.com/aerol-ai/microvm/sdk/go/internal/apiclient/sessions.go:267.60,271.2 3 0
github.com/aerol-ai/microvm/sdk/go/internal/apiclient/sessions.go:273.83,277.2 3 0
github.com/aerol-ai/microvm/sdk/go/internal/apiclient/sessions.go:279.74,280.25 1 0
github.com/aerol-ai/microvm/sdk/go/internal/apiclient/sessions.go:280.25,285.3 4 0
github.com/aerol-ai/microvm/sdk/go/pkg/microvm/client.go:37.35,39.2 1 1
github.com/aerol-ai/microvm/sdk/go/pkg/microvm/client.go:41.75,46.19 4 1
github.com/aerol-ai/microvm/sdk/go/pkg/microvm/client.go:46.19,50.3 3 1
github.com/aerol-ai/microvm/sdk/go/pkg/microvm/client.go:52.2,52.20 1 1
github.com/aerol-ai/microvm/sdk/go/pkg/microvm/client.go:52.20,54.3 1 1
github.com/aerol-ai/microvm/sdk/go/pkg/microvm/client.go:55.2,55.18 1 1
github.com/aerol-ai/microvm/sdk/go/pkg/microvm/client.go:55.18,57.19 2 1
github.com/aerol-ai/microvm/sdk/go/pkg/microvm/client.go:57.19,59.4 1 1
github.com/aerol-ai/microvm/sdk/go/pkg/microvm/client.go:61.2,61.20 1 1
github.com/aerol-ai/microvm/sdk/go/pkg/microvm/client.go:61.20,63.3 1 1
github.com/aerol-ai/microvm/sdk/go/pkg/microvm/client.go:65.2,74.8 2 1
github.com/aerol-ai/microvm/sdk/go/pkg/microvm/client.go:77.100,79.16 2 1
github.com/aerol-ai/microvm/sdk/go/pkg/microvm/client.go:79.16,81.3 1 0
github.com/aerol-ai/microvm/sdk/go/pkg/microvm/client.go:82.2,84.21 3 1
github.com/aerol-ai/microvm/sdk/go/pkg/microvm/client.go:87.64,89.16 2 1
github.com/aerol-ai/microvm/sdk/go/pkg/microvm/client.go:89.16,91.3 1 0
github.com/aerol-ai/microvm/sdk/go/pkg/microvm/client.go:92.2,93.29 2 1
github.com/aerol-ai/microvm/sdk/go/pkg/microvm/client.go:93.29,95.3 1 0
github.com/aerol-ai/microvm/sdk/go/pkg/microvm/client.go:96.2,96.21 1 1
github.com/aerol-ai/microvm/sdk/go/pkg/microvm/client.go:99.72,101.16 2 0
github.com/aerol-ai/microvm/sdk/go/pkg/microvm/client.go:101.16,103.3 1 0
github.com/aerol-ai/microvm/sdk/go/pkg/microvm/client.go:104.2,104.34 1 0
github.com/aerol-ai/microvm/sdk/go/pkg/microvm/client.go:110.95,112.2 1 0
github.com/aerol-ai/microvm/sdk/go/pkg/microvm/client.go:114.74,116.16 2 0
github.com/aerol-ai/microvm/sdk/go/pkg/microvm/client.go:116.16,118.3 1 0
github.com/aerol-ai/microvm/sdk/go/pkg/microvm/client.go:119.2,119.34 1 0
github.com/aerol-ai/microvm/sdk/go/pkg/microvm/client.go:122.73,124.16 2 0
github.com/aerol-ai/microvm/sdk/go/pkg/microvm/client.go:124.16,126.3 1 0
github.com/aerol-ai/microvm/sdk/go/pkg/microvm/client.go:127.2,127.34 1 0
github.com/aerol-ai/microvm/sdk/go/pkg/microvm/client.go:130.64,132.2 1 0
github.com/aerol-ai/microvm/sdk/go/pkg/microvm/client.go:134.111,136.16 2 0
github.com/aerol-ai/microvm/sdk/go/pkg/microvm/client.go:136.16,138.3 1 0
github.com/aerol-ai/microvm/sdk/go/pkg/microvm/client.go:139.2,139.34 1 0
github.com/aerol-ai/microvm/sdk/go/pkg/microvm/client.go:146.114,148.16 2 0
github.com/aerol-ai/microvm/sdk/go/pkg/microvm/client.go:148.16,150.3 1 0
github.com/aerol-ai/microvm/sdk/go/pkg/microvm/client.go:151.2,151.34 1 0
github.com/aerol-ai/microvm/sdk/go/pkg/microvm/client.go:154.77,156.2 1 0
github.com/aerol-ai/microvm/sdk/go/pkg/microvm/client.go:158.124,160.16 2 1
github.com/aerol-ai/microvm/sdk/go/pkg/microvm/client.go:160.16,162.3 1 1
github.com/aerol-ai/microvm/sdk/go/pkg/microvm/client.go:163.2,163.46 1 0
github.com/aerol-ai/microvm/sdk/go/pkg/microvm/client.go:166.54,168.16 2 0
github.com/aerol-ai/microvm/sdk/go/pkg/microvm/client.go:168.16,170.3 1 0
github.com/aerol-ai/microvm/sdk/go/pkg/microvm/client.go:171.2,172.12 2 0
github.com/aerol-ai/microvm/sdk/go/pkg/microvm/client.go:175.104,177.2 1 0
github.com/aerol-ai/microvm/sdk/go/pkg/microvm/client.go:179.97,181.2 1 0
github.com/aerol-ai/microvm/sdk/go/pkg/microvm/client.go:183.114,185.2 1 1
github.com/aerol-ai/microvm/sdk/go/pkg/microvm/client.go:187.89,189.2 1 0
github.com/aerol-ai/microvm/sdk/go/pkg/microvm/client.go:191.88,193.2 1 0
github.com/aerol-ai/microvm/sdk/go/pkg/microvm/client.go:195.77,197.2 1 0
github.com/aerol-ai/microvm/sdk/go/pkg/microvm/client.go:199.69,201.2 1 0
github.com/aerol-ai/microvm/sdk/go/pkg/microvm/client.go:203.52,205.16 2 0
github.com/aerol-ai/microvm/sdk/go/pkg/microvm/client.go:205.16,207.3 1 0
github.com/aerol-ai/microvm/sdk/go/pkg/microvm/client.go:208.2,209.12 2 0
github.com/aerol-ai/microvm/sdk/go/pkg/microvm/client.go:212.51,214.16 2 0
github.com/aerol-ai/microvm/sdk/go/pkg/microvm/client.go:214.16,216.3 1 0
github.com/aerol-ai/microvm/sdk/go/pkg/microvm/client.go:217.2,218.12 2 0
github.com/aerol-ai/microvm/sdk/go/pkg/microvm/client.go:221.54,223.2 1 0
github.com/aerol-ai/microvm/sdk/go/pkg/microvm/client.go:225.89,227.16 2 0
github.com/aerol-ai/microvm/sdk/go/pkg/microvm/client.go:227.16,229.3 1 0
github.com/aerol-ai/microvm/sdk/go/pkg/microvm/client.go:230.2,231.12 2 0
github.com/aerol-ai/microvm/sdk/go/pkg/microvm/client.go:234.92,236.16 2 0
github.com/aerol-ai/microvm/sdk/go/pkg/microvm/client.go:236.16,238.3 1 0
github.com/aerol-ai/microvm/sdk/go/pkg/microvm/client.go:239.2,240.12 2 0
github.com/aerol-ai/microvm/sdk/go/pkg/microvm/client.go:243.53,245.2 1 0
github.com/aerol-ai/microvm/sdk/go/pkg/microvm/client.go:247.59,249.2 1 0
github.com/aerol-ai/microvm/sdk/go/pkg/microvm/client.go:251.57,253.2 1 0
github.com/aerol-ai/microvm/sdk/go/pkg/microvm/client.go:255.54,257.2 1 0
github.com/aerol-ai/microvm/sdk/go/pkg/microvm/client.go:259.42,261.2 1 0
github.com/aerol-ai/microvm/sdk/go/pkg/microvm/client.go:263.66,265.2 1 0
github.com/aerol-ai/microvm/sdk/go/pkg/microvm/client.go:267.68,268.17 1 1
github.com/aerol-ai/microvm/sdk/go/pkg/microvm/client.go:268.17,270.3 1 0
github.com/aerol-ai/microvm/sdk/go/pkg/microvm/client.go:271.2,274.3 1 1
github.com/aerol-ai/microvm/sdk/go/pkg/microvm/sessions.go:20.133,22.2 1 0
github.com/aerol-ai/microvm/sdk/go/pkg/microvm/sessions.go:24.98,26.2 1 0
github.com/aerol-ai/microvm/sdk/go/pkg/microvm/sessions.go:28.105,30.2 1 0
github.com/aerol-ai/microvm/sdk/go/pkg/microvm/sessions.go:32.88,34.2 1 0
github.com/aerol-ai/microvm/sdk/go/pkg/microvm/sessions.go:36.96,38.2 1 0
github.com/aerol-ai/microvm/sdk/go/pkg/microvm/sessions.go:40.104,42.2 1 0
github.com/aerol-ai/microvm/sdk/go/pkg/microvm/sessions.go:44.95,46.2 1 0
github.com/aerol-ai/microvm/sdk/go/pkg/microvm/sessions.go:48.101,50.2 1 0
github.com/aerol-ai/microvm/sdk/go/pkg/microvm/sessions.go:52.142,54.16 2 0
github.com/aerol-ai/microvm/sdk/go/pkg/microvm/sessions.go:54.16,56.3 1 0
github.com/aerol-ai/microvm/sdk/go/pkg/microvm/sessions.go:57.2,57.49 1 0
github.com/aerol-ai/microvm/sdk/go/pkg/microvm/sessions.go:62.116,64.2 1 0
github.com/aerol-ai/microvm/sdk/go/pkg/microvm/sessions.go:66.81,68.2 1 0
github.com/aerol-ai/microvm/sdk/go/pkg/microvm/sessions.go:70.95,72.2 1 0
github.com/aerol-ai/microvm/sdk/go/pkg/microvm/sessions.go:74.78,76.2 1 0
github.com/aerol-ai/microvm/sdk/go/pkg/microvm/sessions.go:78.86,80.2 1 0
github.com/aerol-ai/microvm/sdk/go/pkg/microvm/sessions.go:82.94,84.2 1 0
github.com/aerol-ai/microvm/sdk/go/pkg/microvm/sessions.go:86.85,88.2 1 0
github.com/aerol-ai/microvm/sdk/go/pkg/microvm/sessions.go:90.91,92.2 1 0
github.com/aerol-ai/microvm/sdk/go/pkg/microvm/sessions.go:94.132,96.2 1 0
github.com/aerol-ai/microvm/sdk/go/pkg/microvm/sessions.go:100.56,102.2 1 0
github.com/aerol-ai/microvm/sdk/go/pkg/microvm/sessions.go:104.62,106.2 1 0
github.com/aerol-ai/microvm/sdk/go/pkg/microvm/sessions.go:108.60,110.2 1 0
github.com/aerol-ai/microvm/sdk/go/pkg/microvm/sessions.go:112.57,114.2 1 0
github.com/aerol-ai/microvm/sdk/go/pkg/microvm/sessions.go:116.45,118.2 1 0
github.com/aerol-ai/microvm/sdk/go/pkg/microvm/sessions.go:120.59,122.2 1 0
