mode: set
github.com/aerol-ai/microvm/cmd/toolboxd/sessions/manager.go:51.61,52.19 1 1
github.com/aerol-ai/microvm/cmd/toolboxd/sessions/manager.go:52.19,54.3 1 0
github.com/aerol-ai/microvm/cmd/toolboxd/sessions/manager.go:55.2,55.28 1 1
github.com/aerol-ai/microvm/cmd/toolboxd/sessions/manager.go:55.28,57.3 1 0
github.com/aerol-ai/microvm/cmd/toolboxd/sessions/manager.go:58.2,58.26 1 1
github.com/aerol-ai/microvm/cmd/toolboxd/sessions/manager.go:58.26,60.3 1 0
github.com/aerol-ai/microvm/cmd/toolboxd/sessions/manager.go:61.2,61.28 1 1
github.com/aerol-ai/microvm/cmd/toolboxd/sessions/manager.go:61.28,63.3 1 1
github.com/aerol-ai/microvm/cmd/toolboxd/sessions/manager.go:64.2,64.39 1 1
github.com/aerol-ai/microvm/cmd/toolboxd/sessions/manager.go:64.39,66.3 1 0
github.com/aerol-ai/microvm/cmd/toolboxd/sessions/manager.go:67.2,67.91 1 1
github.com/aerol-ai/microvm/cmd/toolboxd/sessions/manager.go:67.91,69.3 1 0
github.com/aerol-ai/microvm/cmd/toolboxd/sessions/manager.go:71.2,79.15 3 1
github.com/aerol-ai/microvm/cmd/toolboxd/sessions/manager.go:83.27,84.9 1 1
github.com/aerol-ai/microvm/cmd/toolboxd/sessions/manager.go:85.19,85.19 0 0
github.com/aerol-ai/microvm/cmd/toolboxd/sessions/manager.go:86.10,87.19 1 1
github.com/aerol-ai/microvm/cmd/toolboxd/sessions/manager.go:89.2,91.27 3 1
github.com/aerol-ai/microvm/cmd/toolboxd/sessions/manager.go:91.27,93.3 1 1
github.com/aerol-ai/microvm/cmd/toolboxd/sessions/manager.go:94.2,95.29 2 1
github.com/aerol-ai/microvm/cmd/toolboxd/sessions/manager.go:95.29,97.3 1 1
github.com/aerol-ai/microvm/cmd/toolboxd/sessions/manager.go:102.43,105.27 3 1
github.com/aerol-ai/microvm/cmd/toolboxd/sessions/manager.go:105.27,107.3 1 1
github.com/aerol-ai/microvm/cmd/toolboxd/sessions/manager.go:108.2,109.38 2 1
github.com/aerol-ai/microvm/cmd/toolboxd/sessions/manager.go:109.38,109.90 1 1
github.com/aerol-ai/microvm/cmd/toolboxd/sessions/manager.go:110.2,110.12 1 1
github.com/aerol-ai/microvm/cmd/toolboxd/sessions/manager.go:114.52,118.14 4 1
github.com/aerol-ai/microvm/cmd/toolboxd/sessions/manager.go:118.14,120.3 1 1
github.com/aerol-ai/microvm/cmd/toolboxd/sessions/manager.go:121.2,121.15 1 0
github.com/aerol-ai/microvm/cmd/toolboxd/sessions/manager.go:127.109,129.16 2 1
github.com/aerol-ai/microvm/cmd/toolboxd/sessions/manager.go:129.16,131.3 1 0
github.com/aerol-ai/microvm/cmd/toolboxd/sessions/manager.go:133.2,134.67 2 1
github.com/aerol-ai/microvm/cmd/toolboxd/sessions/manager.go:134.67,137.3 2 1
github.com/aerol-ai/microvm/cmd/toolboxd/sessions/manager.go:138.2,141.16 3 1
github.com/aerol-ai/microvm/cmd/toolboxd/sessions/manager.go:141.16,143.3 1 0
github.com/aerol-ai/microvm/cmd/toolboxd/sessions/manager.go:144.2,144.27 1 1
github.com/aerol-ai/microvm/cmd/toolboxd/sessions/manager.go:148.98,150.16 2 1
github.com/aerol-ai/microvm/cmd/toolboxd/sessions/manager.go:150.16,152.3 1 0
github.com/aerol-ai/microvm/cmd/toolboxd/sessions/manager.go:153.2,154.16 2 1
github.com/aerol-ai/microvm/cmd/toolboxd/sessions/manager.go:154.16,156.3 1 0
github.com/aerol-ai/microvm/cmd/toolboxd/sessions/manager.go:157.2,158.16 2 1
github.com/aerol-ai/microvm/cmd/toolboxd/sessions/manager.go:158.16,160.3 1 0
github.com/aerol-ai/microvm/cmd/toolboxd/sessions/manager.go:162.2,163.23 2 1
github.com/aerol-ai/microvm/cmd/toolboxd/sessions/manager.go:163.23,165.3 1 0
github.com/aerol-ai/microvm/cmd/toolboxd/sessions/manager.go:166.2,192.16 5 1
github.com/aerol-ai/microvm/cmd/toolboxd/sessions/manager.go:192.16,194.3 1 0
github.com/aerol-ai/microvm/cmd/toolboxd/sessions/manager.go:194.8,196.3 1 1
github.com/aerol-ai/microvm/cmd/toolboxd/sessions/manager.go:198.2,198.13 1 1
github.com/aerol-ai/microvm/cmd/toolboxd/sessions/manager.go:198.13,200.17 2 0
github.com/aerol-ai/microvm/cmd/toolboxd/sessions/manager.go:200.17,204.4 3 0
github.com/aerol-ai/microvm/cmd/toolboxd/sessions/manager.go:205.3,208.35 4 0
github.com/aerol-ai/microvm/cmd/toolboxd/sessions/manager.go:209.8,211.17 2 1
github.com/aerol-ai/microvm/cmd/toolboxd/sessions/manager.go:211.17,213.4 1 0
github.com/aerol-ai/microvm/cmd/toolboxd/sessions/manager.go:214.3,215.17 2 1
github.com/aerol-ai/microvm/cmd/toolboxd/sessions/manager.go:215.17,218.4 2 0
github.com/aerol-ai/microvm/cmd/toolboxd/sessions/manager.go:219.3,220.17 2 1
github.com/aerol-ai/microvm/cmd/toolboxd/sessions/manager.go:220.17,223.4 2 0
github.com/aerol-ai/microvm/cmd/toolboxd/sessions/manager.go:224.3,224.37 1 1
github.com/aerol-ai/microvm/cmd/toolboxd/sessions/manager.go:224.37,229.4 4 0
github.com/aerol-ai/microvm/cmd/toolboxd/sessions/manager.go:230.3,234.37 5 1
github.com/aerol-ai/microvm/cmd/toolboxd/sessions/manager.go:237.2,242.12 5 1
github.com/aerol-ai/microvm/cmd/toolboxd/sessions/manager.go:242.12,247.26 3 1
github.com/aerol-ai/microvm/cmd/toolboxd/sessions/manager.go:247.26,249.4 1 1
github.com/aerol-ai/microvm/cmd/toolboxd/sessions/manager.go:250.3,256.4 2 1
github.com/aerol-ai/microvm/cmd/toolboxd/sessions/manager.go:259.2,265.15 2 1
github.com/aerol-ai/microvm/cmd/toolboxd/sessions/manager.go:270.43,273.9 3 1
github.com/aerol-ai/microvm/cmd/toolboxd/sessions/manager.go:273.9,276.3 2 0
github.com/aerol-ai/microvm/cmd/toolboxd/sessions/manager.go:277.2,278.27 2 1
github.com/aerol-ai/microvm/cmd/toolboxd/sessions/manager.go:278.27,280.3 1 1
github.com/aerol-ai/microvm/cmd/toolboxd/sessions/manager.go:281.2,283.12 3 1
github.com/aerol-ai/microvm/cmd/toolboxd/sessions/manager.go:288.32,289.35 1 1
github.com/aerol-ai/microvm/cmd/toolboxd/sessions/manager.go:289.35,291.3 1 1
github.com/aerol-ai/microvm/cmd/toolboxd/sessions/manager.go:292.2,296.6 4 0
github.com/aerol-ai/microvm/cmd/toolboxd/sessions/manager.go:296.6,297.10 1 0
github.com/aerol-ai/microvm/cmd/toolboxd/sessions/manager.go:298.20,299.10 1 0
github.com/aerol-ai/microvm/cmd/toolboxd/sessions/manager.go:300.19,301.17 1 0
github.com/aerol-ai/microvm/cmd/toolboxd/sessions/manager.go:306.31,309.16 3 0
github.com/aerol-ai/microvm/cmd/toolboxd/sessions/manager.go:309.16,311.3 1 0
github.com/aerol-ai/microvm/cmd/toolboxd/sessions/manager.go:312.2,315.25 4 0
github.com/aerol-ai/microvm/cmd/toolboxd/sessions/manager.go:315.25,317.3 1 0
github.com/aerol-ai/microvm/cmd/toolboxd/sessions/manager.go:318.2,320.28 2 0
github.com/aerol-ai/microvm/cmd/toolboxd/sessions/manager.go:320.28,321.16 1 0
github.com/aerol-ai/microvm/cmd/toolboxd/sessions/manager.go:321.16,322.12 1 0
github.com/aerol-ai/microvm/cmd/toolboxd/sessions/manager.go:324.3,324.44 1 0
github.com/aerol-ai/microvm/cmd/toolboxd/sessions/manager.go:324.44,325.12 1 0
github.com/aerol-ai/microvm/cmd/toolboxd/sessions/manager.go:329.3,329.34 1 0
github.com/aerol-ai/microvm/cmd/toolboxd/sessions/manager.go:329.34,330.12 1 0
github.com/aerol-ai/microvm/cmd/toolboxd/sessions/manager.go:332.3,333.17 2 0
github.com/aerol-ai/microvm/cmd/toolboxd/sessions/manager.go:333.17,334.12 1 0
github.com/aerol-ai/microvm/cmd/toolboxd/sessions/manager.go:336.3,336.36 1 0
github.com/aerol-ai/microvm/cmd/toolboxd/sessions/manager.go:336.36,338.42 2 0
github.com/aerol-ai/microvm/cmd/toolboxd/sessions/manager.go:338.42,340.5 1 0
github.com/aerol-ai/microvm/cmd/toolboxd/sessions/manager.go:348.37,350.42 2 1
github.com/aerol-ai/microvm/cmd/toolboxd/sessions/manager.go:350.42,352.3 1 0
github.com/aerol-ai/microvm/cmd/toolboxd/sessions/manager.go:353.2,353.46 1 1
github.com/aerol-ai/microvm/cmd/toolboxd/sessions/manager.go:356.49,358.26 2 1
github.com/aerol-ai/microvm/cmd/toolboxd/sessions/manager.go:358.26,360.3 1 0
github.com/aerol-ai/microvm/cmd/toolboxd/sessions/manager.go:361.2,361.13 1 1
github.com/aerol-ai/microvm/cmd/toolboxd/sessions/manager.go:364.37,365.12 1 1
github.com/aerol-ai/microvm/cmd/toolboxd/sessions/manager.go:365.12,367.3 1 1
github.com/aerol-ai/microvm/cmd/toolboxd/sessions/manager.go:368.2,368.10 1 0
github.com/aerol-ai/microvm/cmd/toolboxd/sessions/manager.go:373.67,374.23 1 1
github.com/aerol-ai/microvm/cmd/toolboxd/sessions/manager.go:374.23,376.3 1 0
github.com/aerol-ai/microvm/cmd/toolboxd/sessions/manager.go:377.2,377.54 1 1
github.com/aerol-ai/microvm/cmd/toolboxd/sessions/manager.go:377.54,380.3 2 1
github.com/aerol-ai/microvm/cmd/toolboxd/sessions/manager.go:382.2,383.36 2 0
github.com/aerol-ai/microvm/cmd/toolboxd/sessions/manager.go:383.36,385.3 1 0
github.com/aerol-ai/microvm/cmd/toolboxd/sessions/manager.go:386.2,386.35 1 0
github.com/aerol-ai/microvm/cmd/toolboxd/sessions/manager.go:389.27,390.52 1 1
github.com/aerol-ai/microvm/cmd/toolboxd/sessions/manager.go:390.52,392.3 1 1
github.com/aerol-ai/microvm/cmd/toolboxd/sessions/manager.go:393.2,393.50 1 0
github.com/aerol-ai/microvm/cmd/toolboxd/sessions/manager.go:393.50,395.3 1 0
github.com/aerol-ai/microvm/cmd/toolboxd/sessions/manager.go:396.2,396.18 1 0
github.com/aerol-ai/microvm/cmd/toolboxd/sessions/recorder.go:33.80,34.15 1 1
github.com/aerol-ai/microvm/cmd/toolboxd/sessions/recorder.go:34.15,36.3 1 0
github.com/aerol-ai/microvm/cmd/toolboxd/sessions/recorder.go:37.2,37.15 1 1
github.com/aerol-ai/microvm/cmd/toolboxd/sessions/recorder.go:37.15,39.3 1 0
github.com/aerol-ai/microvm/cmd/toolboxd/sessions/recorder.go:40.2,40.63 1 1
github.com/aerol-ai/microvm/cmd/toolboxd/sessions/recorder.go:40.63,42.3 1 0
github.com/aerol-ai/microvm/cmd/toolboxd/sessions/recorder.go:43.2,44.16 2 1
github.com/aerol-ai/microvm/cmd/toolboxd/sessions/recorder.go:44.16,46.3 1 0
github.com/aerol-ai/microvm/cmd/toolboxd/sessions/recorder.go:47.2,57.16 4 1
github.com/aerol-ai/microvm/cmd/toolboxd/sessions/recorder.go:57.16,60.3 2 0
github.com/aerol-ai/microvm/cmd/toolboxd/sessions/recorder.go:61.2,61.58 1 1
github.com/aerol-ai/microvm/cmd/toolboxd/sessions/recorder.go:61.58,64.3 2 0
github.com/aerol-ai/microvm/cmd/toolboxd/sessions/recorder.go:65.2,65.53 1 1
github.com/aerol-ai/microvm/cmd/toolboxd/sessions/recorder.go:69.42,70.14 1 1
github.com/aerol-ai/microvm/cmd/toolboxd/sessions/recorder.go:70.14,72.3 1 0
github.com/aerol-ai/microvm/cmd/toolboxd/sessions/recorder.go:73.2,75.16 3 1
github.com/aerol-ai/microvm/cmd/toolboxd/sessions/recorder.go:75.16,77.3 1 0
github.com/aerol-ai/microvm/cmd/toolboxd/sessions/recorder.go:78.2,80.53 3 1
github.com/aerol-ai/microvm/cmd/toolboxd/sessions/recorder.go:80.53,82.3 1 1
github.com/aerol-ai/microvm/cmd/toolboxd/sessions/recorder.go:87.41,88.14 1 0
github.com/aerol-ai/microvm/cmd/toolboxd/sessions/recorder.go:88.14,90.3 1 0
github.com/aerol-ai/microvm/cmd/toolboxd/sessions/recorder.go:91.2,93.16 3 0
github.com/aerol-ai/microvm/cmd/toolboxd/sessions/recorder.go:93.16,95.3 1 0
github.com/aerol-ai/microvm/cmd/toolboxd/sessions/recorder.go:96.2,98.53 3 0
github.com/aerol-ai/microvm/cmd/toolboxd/sessions/recorder.go:98.53,100.3 1 0
github.com/aerol-ai/microvm/cmd/toolboxd/sessions/recorder.go:104.34,105.14 1 1
github.com/aerol-ai/microvm/cmd/toolboxd/sessions/recorder.go:105.14,107.3 1 0
github.com/aerol-ai/microvm/cmd/toolboxd/sessions/recorder.go:108.2,110.16 3 1
github.com/aerol-ai/microvm/cmd/toolboxd/sessions/recorder.go:110.16,112.3 1 0
github.com/aerol-ai/microvm/cmd/toolboxd/sessions/recorder.go:113.2,115.12 3 1
github.com/aerol-ai/microvm/cmd/toolboxd/sessions/recorder.go:119.34,120.14 1 1
github.com/aerol-ai/microvm/cmd/toolboxd/sessions/recorder.go:120.14,122.3 1 0
github.com/aerol-ai/microvm/cmd/toolboxd/sessions/recorder.go:123.2,123.15 1 1
github.com/aerol-ai/microvm/cmd/toolboxd/sessions/ring.go:17.29,18.14 1 1
github.com/aerol-ai/microvm/cmd/toolboxd/sessions/ring.go:18.14,20.3 1 0
github.com/aerol-ai/microvm/cmd/toolboxd/sessions/ring.go:21.2,21.48 1 1
github.com/aerol-ai/microvm/cmd/toolboxd/sessions/ring.go:25.45,30.16 4 1
github.com/aerol-ai/microvm/cmd/toolboxd/sessions/ring.go:30.16,36.3 4 1
github.com/aerol-ai/microvm/cmd/toolboxd/sessions/ring.go:38.2,40.15 3 1
github.com/aerol-ai/microvm/cmd/toolboxd/sessions/ring.go:40.15,42.3 1 1
github.com/aerol-ai/microvm/cmd/toolboxd/sessions/ring.go:43.2,44.31 2 1
github.com/aerol-ai/microvm/cmd/toolboxd/sessions/ring.go:44.31,46.3 1 0
github.com/aerol-ai/microvm/cmd/toolboxd/sessions/ring.go:48.2,48.22 1 1
github.com/aerol-ai/microvm/cmd/toolboxd/sessions/ring.go:48.22,52.3 3 1
github.com/aerol-ai/microvm/cmd/toolboxd/sessions/ring.go:52.8,54.3 1 1
github.com/aerol-ai/microvm/cmd/toolboxd/sessions/ring.go:55.2,55.15 1 1
github.com/aerol-ai/microvm/cmd/toolboxd/sessions/ring.go:60.34,64.17 4 1
github.com/aerol-ai/microvm/cmd/toolboxd/sessions/ring.go:64.17,66.3 1 1
github.com/aerol-ai/microvm/cmd/toolboxd/sessions/ring.go:67.2,68.20 2 1
github.com/aerol-ai/microvm/cmd/toolboxd/sessions/ring.go:68.20,70.3 1 1
github.com/aerol-ai/microvm/cmd/toolboxd/sessions/ring.go:71.2,72.20 2 1
github.com/aerol-ai/microvm/cmd/toolboxd/sessions/ring.go:72.20,74.3 1 1
github.com/aerol-ai/microvm/cmd/toolboxd/sessions/ring.go:75.2,75.12 1 1
github.com/aerol-ai/microvm/cmd/toolboxd/sessions/session.go:75.45,77.21 2 1
github.com/aerol-ai/microvm/cmd/toolboxd/sessions/session.go:77.21,78.10 1 1
github.com/aerol-ai/microvm/cmd/toolboxd/sessions/session.go:79.17,80.39 1 0
github.com/aerol-ai/microvm/cmd/toolboxd/sessions/session.go:81.27,82.39 1 0
github.com/aerol-ai/microvm/cmd/toolboxd/sessions/session.go:83.11,84.39 1 1
github.com/aerol-ai/microvm/cmd/toolboxd/sessions/session.go:87.2,102.3 1 1
github.com/aerol-ai/microvm/cmd/toolboxd/sessions/session.go:106.31,106.46 1 1
github.com/aerol-ai/microvm/cmd/toolboxd/sessions/session.go:109.33,109.50 1 0
github.com/aerol-ai/microvm/cmd/toolboxd/sessions/session.go:112.32,112.48 1 0
github.com/aerol-ai/microvm/cmd/toolboxd/sessions/session.go:115.42,115.61 1 1
github.com/aerol-ai/microvm/cmd/toolboxd/sessions/session.go:119.42,119.70 1 1
github.com/aerol-ai/microvm/cmd/toolboxd/sessions/session.go:123.44,124.22 1 1
github.com/aerol-ai/microvm/cmd/toolboxd/sessions/session.go:124.22,126.3 1 0
github.com/aerol-ai/microvm/cmd/toolboxd/sessions/session.go:127.2,127.33 1 1
github.com/aerol-ai/microvm/cmd/toolboxd/sessions/session.go:131.35,136.2 4 1
github.com/aerol-ai/microvm/cmd/toolboxd/sessions/session.go:143.54,148.21 5 1
github.com/aerol-ai/microvm/cmd/toolboxd/sessions/session.go:148.21,150.3 1 1
github.com/aerol-ai/microvm/cmd/toolboxd/sessions/session.go:151.2,152.22 2 1
github.com/aerol-ai/microvm/cmd/toolboxd/sessions/session.go:152.22,154.27 2 1
github.com/aerol-ai/microvm/cmd/toolboxd/sessions/session.go:154.27,156.4 1 1
github.com/aerol-ai/microvm/cmd/toolboxd/sessions/session.go:157.3,158.20 2 1
github.com/aerol-ai/microvm/cmd/toolboxd/sessions/session.go:159.8,161.3 1 1
github.com/aerol-ai/microvm/cmd/toolboxd/sessions/session.go:162.2,163.16 2 1
github.com/aerol-ai/microvm/cmd/toolboxd/sessions/session.go:163.16,165.3 1 1
github.com/aerol-ai/microvm/cmd/toolboxd/sessions/session.go:167.2,168.19 2 1
github.com/aerol-ai/microvm/cmd/toolboxd/sessions/session.go:168.19,169.18 1 1
github.com/aerol-ai/microvm/cmd/toolboxd/sessions/session.go:169.18,171.4 1 1
github.com/aerol-ai/microvm/cmd/toolboxd/sessions/session.go:172.3,172.18 1 1
github.com/aerol-ai/microvm/cmd/toolboxd/sessions/session.go:172.18,174.45 2 1
github.com/aerol-ai/microvm/cmd/toolboxd/sessions/session.go:174.45,177.5 2 0
github.com/aerol-ai/microvm/cmd/toolboxd/sessions/session.go:178.4,179.22 2 1
github.com/aerol-ai/microvm/cmd/toolboxd/sessions/session.go:182.2,182.19 1 1
github.com/aerol-ai/microvm/cmd/toolboxd/sessions/session.go:187.48,188.21 1 0
github.com/aerol-ai/microvm/cmd/toolboxd/sessions/session.go:188.21,190.3 1 0
github.com/aerol-ai/microvm/cmd/toolboxd/sessions/session.go:191.2,191.19 1 0
github.com/aerol-ai/microvm/cmd/toolboxd/sessions/session.go:191.19,193.24 1 0
github.com/aerol-ai/microvm/cmd/toolboxd/sessions/session.go:193.24,195.4 1 0
github.com/aerol-ai/microvm/cmd/toolboxd/sessions/session.go:196.3,196.25 1 0
github.com/aerol-ai/microvm/cmd/toolboxd/sessions/session.go:198.2,198.20 1 0
github.com/aerol-ai/microvm/cmd/toolboxd/sessions/session.go:198.20,200.3 1 0
github.com/aerol-ai/microvm/cmd/toolboxd/sessions/session.go:201.2,201.55 1 0
github.com/aerol-ai/microvm/cmd/toolboxd/sessions/session.go:205.38,206.20 1 0
github.com/aerol-ai/microvm/cmd/toolboxd/sessions/session.go:206.20,208.3 1 0
github.com/aerol-ai/microvm/cmd/toolboxd/sessions/session.go:209.2,209.19 1 0
github.com/aerol-ai/microvm/cmd/toolboxd/sessions/session.go:209.19,212.3 1 0
github.com/aerol-ai/microvm/cmd/toolboxd/sessions/session.go:213.2,213.12 1 0
github.com/aerol-ai/microvm/cmd/toolboxd/sessions/session.go:217.48,218.19 1 0
github.com/aerol-ai/microvm/cmd/toolboxd/sessions/session.go:218.19,220.3 1 0
github.com/aerol-ai/microvm/cmd/toolboxd/sessions/session.go:221.2,221.28 1 0
github.com/aerol-ai/microvm/cmd/toolboxd/sessions/session.go:221.28,223.3 1 0
github.com/aerol-ai/microvm/cmd/toolboxd/sessions/session.go:224.2,226.82 3 0
github.com/aerol-ai/microvm/cmd/toolboxd/sessions/session.go:231.45,232.42 1 1
github.com/aerol-ai/microvm/cmd/toolboxd/sessions/session.go:232.42,234.3 1 0
github.com/aerol-ai/microvm/cmd/toolboxd/sessions/session.go:235.2,236.16 2 1
github.com/aerol-ai/microvm/cmd/toolboxd/sessions/session.go:236.16,238.3 1 0
github.com/aerol-ai/microvm/cmd/toolboxd/sessions/session.go:240.2,240.63 1 1
github.com/aerol-ai/microvm/cmd/toolboxd/sessions/session.go:245.54,246.20 1 1
github.com/aerol-ai/microvm/cmd/toolboxd/sessions/session.go:246.20,248.3 1 0
github.com/aerol-ai/microvm/cmd/toolboxd/sessions/session.go:249.2,254.23 6 1
github.com/aerol-ai/microvm/cmd/toolboxd/sessions/session.go:254.23,256.3 1 1
github.com/aerol-ai/microvm/cmd/toolboxd/sessions/session.go:258.2,258.35 1 1
github.com/aerol-ai/microvm/cmd/toolboxd/sessions/session.go:258.35,259.10 1 1
github.com/aerol-ai/microvm/cmd/toolboxd/sessions/session.go:260.49,260.49 0 1
github.com/aerol-ai/microvm/cmd/toolboxd/sessions/session.go:261.11,261.11 0 0
github.com/aerol-ai/microvm/cmd/toolboxd/sessions/session.go:268.55,271.6 3 1
github.com/aerol-ai/microvm/cmd/toolboxd/sessions/session.go:271.6,273.12 2 1
github.com/aerol-ai/microvm/cmd/toolboxd/sessions/session.go:273.12,275.4 1 1
github.com/aerol-ai/microvm/cmd/toolboxd/sessions/session.go:276.3,276.17 1 1
github.com/aerol-ai/microvm/cmd/toolboxd/sessions/session.go:276.17,278.4 1 1
github.com/aerol-ai/microvm/cmd/toolboxd/sessions/session.go:284.64,285.43 1 1
github.com/aerol-ai/microvm/cmd/toolboxd/sessions/session.go:285.43,287.3 1 0
github.com/aerol-ai/microvm/cmd/toolboxd/sessions/session.go:288.2,294.36 6 1
github.com/aerol-ai/microvm/cmd/toolboxd/sessions/session.go:294.36,297.3 2 1
github.com/aerol-ai/microvm/cmd/toolboxd/sessions/session.go:298.2,300.23 2 1
github.com/aerol-ai/microvm/cmd/toolboxd/sessions/session.go:300.23,302.3 1 1
github.com/aerol-ai/microvm/cmd/toolboxd/sessions/session.go:303.2,303.19 1 1
github.com/aerol-ai/microvm/cmd/toolboxd/sessions/session.go:303.19,305.3 1 0
github.com/aerol-ai/microvm/cmd/toolboxd/sessions/session.go:306.2,306.17 1 1
github.com/aerol-ai/microvm/cmd/toolboxd/sessions/session.go:311.35,315.2 3 1
github.com/aerol-ai/microvm/cmd/toolboxd/sessions/session.go:319.30,320.21 1 1
github.com/aerol-ai/microvm/cmd/toolboxd/sessions/session.go:320.21,322.3 1 1
github.com/aerol-ai/microvm/cmd/toolboxd/sessions/session.go:323.2,323.42 1 1
github.com/aerol-ai/microvm/cmd/toolboxd/sessions/session.go:323.42,325.3 1 1
github.com/aerol-ai/microvm/cmd/toolboxd/sessions/session.go:330.47,332.16 2 1
github.com/aerol-ai/microvm/cmd/toolboxd/sessions/session.go:332.16,334.3 1 1
github.com/aerol-ai/microvm/cmd/toolboxd/sessions/session.go:335.2,336.25 2 1
github.com/aerol-ai/microvm/cmd/toolboxd/sessions/session.go:336.25,337.54 1 1
github.com/aerol-ai/microvm/cmd/toolboxd/sessions/session.go:337.54,338.25 1 1
github.com/aerol-ai/microvm/cmd/toolboxd/sessions/session.go:338.25,340.5 1 1
github.com/aerol-ai/microvm/cmd/toolboxd/sessions/session.go:341.4,341.34 1 0
github.com/aerol-ai/microvm/cmd/toolboxd/sessions/session.go:343.3,343.27 1 0
github.com/aerol-ai/microvm/cmd/toolboxd/sessions/session.go:345.2,345.24 1 0
github.com/aerol-ai/microvm/cmd/toolboxd/sessions/session.go:348.33,350.15 2 1
github.com/aerol-ai/microvm/cmd/toolboxd/sessions/session.go:351.13,352.24 1 0
github.com/aerol-ai/microvm/cmd/toolboxd/sessions/session.go:353.14,354.25 1 0
github.com/aerol-ai/microvm/cmd/toolboxd/sessions/session.go:355.14,356.25 1 1
github.com/aerol-ai/microvm/cmd/toolboxd/sessions/session.go:357.13,358.24 1 0
github.com/aerol-ai/microvm/cmd/toolboxd/sessions/session.go:359.14,360.25 1 0
github.com/aerol-ai/microvm/cmd/toolboxd/sessions/session.go:362.2,362.12 1 0
github.com/aerol-ai/microvm/cmd/toolboxd/sessions/session.go:368.66,370.2 1 1
github.com/aerol-ai/microvm/cmd/toolboxd/exec_stream.go:33.46,33.61 1 0
github.com/aerol-ai/microvm/cmd/toolboxd/exec_stream.go:65.75,67.16 2 0
github.com/aerol-ai/microvm/cmd/toolboxd/exec_stream.go:67.16,71.3 2 0
github.com/aerol-ai/microvm/cmd/toolboxd/exec_stream.go:72.2,76.79 2 0
github.com/aerol-ai/microvm/cmd/toolboxd/exec_stream.go:76.79,78.3 1 0
github.com/aerol-ai/microvm/cmd/toolboxd/exec_stream.go:79.2,80.46 2 0
github.com/aerol-ai/microvm/cmd/toolboxd/exec_stream.go:80.46,83.3 2 0
github.com/aerol-ai/microvm/cmd/toolboxd/exec_stream.go:84.2,84.25 1 0
github.com/aerol-ai/microvm/cmd/toolboxd/exec_stream.go:84.25,87.3 2 0
github.com/aerol-ai/microvm/cmd/toolboxd/exec_stream.go:89.2,92.25 3 0
github.com/aerol-ai/microvm/cmd/toolboxd/exec_stream.go:92.25,94.3 1 0
github.com/aerol-ai/microvm/cmd/toolboxd/exec_stream.go:95.2,100.15 3 0
github.com/aerol-ai/microvm/cmd/toolboxd/exec_stream.go:100.15,102.3 1 0
github.com/aerol-ai/microvm/cmd/toolboxd/exec_stream.go:102.8,104.3 1 0
github.com/aerol-ai/microvm/cmd/toolboxd/exec_stream.go:107.93,109.15 2 0
github.com/aerol-ai/microvm/cmd/toolboxd/exec_stream.go:109.15,111.3 1 0
github.com/aerol-ai/microvm/cmd/toolboxd/exec_stream.go:112.2,112.15 1 0
github.com/aerol-ai/microvm/cmd/toolboxd/exec_stream.go:112.15,114.3 1 0
github.com/aerol-ai/microvm/cmd/toolboxd/exec_stream.go:116.2,117.16 2 0
github.com/aerol-ai/microvm/cmd/toolboxd/exec_stream.go:117.16,120.3 2 0
github.com/aerol-ai/microvm/cmd/toolboxd/exec_stream.go:121.2,126.12 3 0
github.com/aerol-ai/microvm/cmd/toolboxd/exec_stream.go:126.12,127.7 1 0
github.com/aerol-ai/microvm/cmd/toolboxd/exec_stream.go:127.7,129.18 2 0
github.com/aerol-ai/microvm/cmd/toolboxd/exec_stream.go:129.18,132.5 2 0
github.com/aerol-ai/microvm/cmd/toolboxd/exec_stream.go:133.4,133.19 1 0
github.com/aerol-ai/microvm/cmd/toolboxd/exec_stream.go:134.33,135.47 1 0
github.com/aerol-ai/microvm/cmd/toolboxd/exec_stream.go:135.47,137.6 1 0
github.com/aerol-ai/microvm/cmd/toolboxd/exec_stream.go:138.31,140.55 2 0
github.com/aerol-ai/microvm/cmd/toolboxd/exec_stream.go:140.55,141.14 1 0
github.com/aerol-ai/microvm/cmd/toolboxd/exec_stream.go:143.5,143.48 1 0
github.com/aerol-ai/microvm/cmd/toolboxd/exec_stream.go:149.2,149.99 1 0
github.com/aerol-ai/microvm/cmd/toolboxd/exec_stream.go:149.99,151.3 1 0
github.com/aerol-ai/microvm/cmd/toolboxd/exec_stream.go:153.2,155.98 3 0
github.com/aerol-ai/microvm/cmd/toolboxd/exec_stream.go:158.68,160.16 2 0
github.com/aerol-ai/microvm/cmd/toolboxd/exec_stream.go:160.16,163.3 2 0
github.com/aerol-ai/microvm/cmd/toolboxd/exec_stream.go:164.2,165.16 2 0
github.com/aerol-ai/microvm/cmd/toolboxd/exec_stream.go:165.16,168.3 2 0
github.com/aerol-ai/microvm/cmd/toolboxd/exec_stream.go:169.2,170.16 2 0
github.com/aerol-ai/microvm/cmd/toolboxd/exec_stream.go:170.16,173.3 2 0
github.com/aerol-ai/microvm/cmd/toolboxd/exec_stream.go:175.2,175.36 1 0
github.com/aerol-ai/microvm/cmd/toolboxd/exec_stream.go:175.36,178.3 2 0
github.com/aerol-ai/microvm/cmd/toolboxd/exec_stream.go:180.2,183.12 2 0
github.com/aerol-ai/microvm/cmd/toolboxd/exec_stream.go:183.12,184.7 1 0
github.com/aerol-ai/microvm/cmd/toolboxd/exec_stream.go:184.7,186.18 2 0
github.com/aerol-ai/microvm/cmd/toolboxd/exec_stream.go:186.18,189.5 2 0
github.com/aerol-ai/microvm/cmd/toolboxd/exec_stream.go:190.4,190.19 1 0
github.com/aerol-ai/microvm/cmd/toolboxd/exec_stream.go:191.33,192.52 1 0
github.com/aerol-ai/microvm/cmd/toolboxd/exec_stream.go:192.52,194.6 1 0
github.com/aerol-ai/microvm/cmd/toolboxd/exec_stream.go:195.31,197.55 2 0
github.com/aerol-ai/microvm/cmd/toolboxd/exec_stream.go:197.55,198.14 1 0
github.com/aerol-ai/microvm/cmd/toolboxd/exec_stream.go:200.5,200.30 1 0
github.com/aerol-ai/microvm/cmd/toolboxd/exec_stream.go:200.30,202.6 1 0
github.com/aerol-ai/microvm/cmd/toolboxd/exec_stream.go:208.2,209.12 2 0
github.com/aerol-ai/microvm/cmd/toolboxd/exec_stream.go:209.12,212.3 2 0
github.com/aerol-ai/microvm/cmd/toolboxd/exec_stream.go:215.2,216.12 2 0
github.com/aerol-ai/microvm/cmd/toolboxd/exec_stream.go:216.12,219.3 2 0
github.com/aerol-ai/microvm/cmd/toolboxd/exec_stream.go:221.2,227.92 6 0
github.com/aerol-ai/microvm/cmd/toolboxd/exec_stream.go:230.100,231.19 1 0
github.com/aerol-ai/microvm/cmd/toolboxd/exec_stream.go:232.16,233.39 1 0
github.com/aerol-ai/microvm/cmd/toolboxd/exec_stream.go:233.39,235.4 1 0
github.com/aerol-ai/microvm/cmd/toolboxd/exec_stream.go:236.3,236.107 1 0
github.com/aerol-ai/microvm/cmd/toolboxd/exec_stream.go:236.107,238.4 1 0
github.com/aerol-ai/microvm/cmd/toolboxd/exec_stream.go:239.16,240.36 1 0
github.com/aerol-ai/microvm/cmd/toolboxd/exec_stream.go:241.15,241.15 0 0
github.com/aerol-ai/microvm/cmd/toolboxd/exec_stream.go:246.50,247.38 1 0
github.com/aerol-ai/microvm/cmd/toolboxd/exec_stream.go:247.38,249.3 1 0
github.com/aerol-ai/microvm/cmd/toolboxd/exec_stream.go:250.2,251.16 2 0
github.com/aerol-ai/microvm/cmd/toolboxd/exec_stream.go:251.16,253.3 1 0
github.com/aerol-ai/microvm/cmd/toolboxd/exec_stream.go:255.2,255.58 1 0
github.com/aerol-ai/microvm/cmd/toolboxd/exec_stream.go:260.71,264.6 4 0
github.com/aerol-ai/microvm/cmd/toolboxd/exec_stream.go:264.6,266.12 2 0
github.com/aerol-ai/microvm/cmd/toolboxd/exec_stream.go:266.12,268.76 2 0
github.com/aerol-ai/microvm/cmd/toolboxd/exec_stream.go:268.76,270.5 1 0
github.com/aerol-ai/microvm/cmd/toolboxd/exec_stream.go:272.3,272.17 1 0
github.com/aerol-ai/microvm/cmd/toolboxd/exec_stream.go:272.17,274.4 1 0
github.com/aerol-ai/microvm/cmd/toolboxd/exec_stream.go:278.93,281.6 3 0
github.com/aerol-ai/microvm/cmd/toolboxd/exec_stream.go:281.6,283.12 2 0
github.com/aerol-ai/microvm/cmd/toolboxd/exec_stream.go:283.12,289.19 6 0
github.com/aerol-ai/microvm/cmd/toolboxd/exec_stream.go:289.19,291.5 1 0
github.com/aerol-ai/microvm/cmd/toolboxd/exec_stream.go:293.3,293.17 1 0
github.com/aerol-ai/microvm/cmd/toolboxd/exec_stream.go:293.17,295.4 1 0
github.com/aerol-ai/microvm/cmd/toolboxd/exec_stream.go:299.73,301.2 1 0
github.com/aerol-ai/microvm/cmd/toolboxd/exec_stream.go:303.50,305.16 2 0
github.com/aerol-ai/microvm/cmd/toolboxd/exec_stream.go:305.16,307.3 1 0
github.com/aerol-ai/microvm/cmd/toolboxd/exec_stream.go:308.2,309.25 2 0
github.com/aerol-ai/microvm/cmd/toolboxd/exec_stream.go:309.25,310.54 1 0
github.com/aerol-ai/microvm/cmd/toolboxd/exec_stream.go:310.54,311.25 1 0
github.com/aerol-ai/microvm/cmd/toolboxd/exec_stream.go:311.25,313.5 1 0
github.com/aerol-ai/microvm/cmd/toolboxd/exec_stream.go:314.4,314.34 1 0
github.com/aerol-ai/microvm/cmd/toolboxd/exec_stream.go:316.3,316.27 1 0
github.com/aerol-ai/microvm/cmd/toolboxd/exec_stream.go:318.2,318.24 1 0
github.com/aerol-ai/microvm/cmd/toolboxd/exec_stream.go:321.56,324.26 2 0
github.com/aerol-ai/microvm/cmd/toolboxd/exec_stream.go:324.26,326.3 1 0
github.com/aerol-ai/microvm/cmd/toolboxd/exec_stream.go:327.2,327.13 1 0
github.com/aerol-ai/microvm/cmd/toolboxd/exec_stream.go:330.39,331.14 1 0
github.com/aerol-ai/microvm/cmd/toolboxd/exec_stream.go:332.23,333.24 1 0
github.com/aerol-ai/microvm/cmd/toolboxd/exec_stream.go:334.25,335.25 1 0
github.com/aerol-ai/microvm/cmd/toolboxd/exec_stream.go:336.25,337.25 1 0
github.com/aerol-ai/microvm/cmd/toolboxd/exec_stream.go:338.23,339.24 1 0
github.com/aerol-ai/microvm/cmd/toolboxd/exec_stream.go:340.25,341.25 1 0
github.com/aerol-ai/microvm/cmd/toolboxd/exec_stream.go:343.2,343.12 1 0
github.com/aerol-ai/microvm/cmd/toolboxd/main.go:43.47,45.26 2 0
github.com/aerol-ai/microvm/cmd/toolboxd/main.go:45.26,46.26 1 0
github.com/aerol-ai/microvm/cmd/toolboxd/main.go:46.26,48.4 1 0
github.com/aerol-ai/microvm/cmd/toolboxd/main.go:50.2,52.15 3 0
github.com/aerol-ai/microvm/cmd/toolboxd/main.go:55.45,60.2 4 0
github.com/aerol-ai/microvm/cmd/toolboxd/main.go:62.13,81.16 5 0
github.com/aerol-ai/microvm/cmd/toolboxd/main.go:81.16,83.3 1 0
github.com/aerol-ai/microvm/cmd/toolboxd/main.go:83.8,86.3 2 0
github.com/aerol-ai/microvm/cmd/toolboxd/main.go:88.2,88.22 1 0
github.com/aerol-ai/microvm/cmd/toolboxd/main.go:88.22,90.3 1 0
github.com/aerol-ai/microvm/cmd/toolboxd/main.go:92.2,102.93 5 0
github.com/aerol-ai/microvm/cmd/toolboxd/main.go:102.93,105.3 2 0
github.com/aerol-ai/microvm/cmd/toolboxd/main.go:108.59,114.36 6 0
github.com/aerol-ai/microvm/cmd/toolboxd/main.go:114.36,117.3 2 0
github.com/aerol-ai/microvm/cmd/toolboxd/main.go:118.2,119.46 2 0
github.com/aerol-ai/microvm/cmd/toolboxd/main.go:119.46,121.3 1 0
github.com/aerol-ai/microvm/cmd/toolboxd/main.go:122.2,122.74 1 0
github.com/aerol-ai/microvm/cmd/toolboxd/main.go:129.68,135.24 5 0
github.com/aerol-ai/microvm/cmd/toolboxd/main.go:135.24,138.77 1 0
github.com/aerol-ai/microvm/cmd/toolboxd/main.go:138.77,140.4 1 0
github.com/aerol-ai/microvm/cmd/toolboxd/main.go:143.2,145.50 3 0
github.com/aerol-ai/microvm/cmd/toolboxd/main.go:145.50,147.3 1 0
github.com/aerol-ai/microvm/cmd/toolboxd/main.go:150.39,153.12 3 0
github.com/aerol-ai/microvm/cmd/toolboxd/main.go:153.12,154.18 1 0
github.com/aerol-ai/microvm/cmd/toolboxd/main.go:154.18,155.8 1 0
github.com/aerol-ai/microvm/cmd/toolboxd/main.go:155.8,158.31 3 0
github.com/aerol-ai/microvm/cmd/toolboxd/main.go:158.31,159.11 1 0
github.com/aerol-ai/microvm/cmd/toolboxd/main.go:161.5,161.12 1 0
github.com/aerol-ai/microvm/cmd/toolboxd/main.go:162.51,163.81 1 0
github.com/aerol-ai/microvm/cmd/toolboxd/main.go:164.53,165.79 1 0
github.com/aerol-ai/microvm/cmd/toolboxd/main.go:166.13,167.47 1 0
github.com/aerol-ai/microvm/cmd/toolboxd/main.go:174.40,175.71 1 0
github.com/aerol-ai/microvm/cmd/toolboxd/main.go:175.71,178.10 2 0
github.com/aerol-ai/microvm/cmd/toolboxd/main.go:179.56,183.6 1 0
github.com/aerol-ai/microvm/cmd/toolboxd/main.go:184.62,185.91 1 0
github.com/aerol-ai/microvm/cmd/toolboxd/main.go:186.63,187.75 1 0
github.com/aerol-ai/microvm/cmd/toolboxd/main.go:188.49,189.23 1 0
github.com/aerol-ai/microvm/cmd/toolboxd/main.go:190.72,191.28 1 0
github.com/aerol-ai/microvm/cmd/toolboxd/main.go:191.28,193.5 1 0
github.com/aerol-ai/microvm/cmd/toolboxd/main.go:194.4,194.22 1 0
github.com/aerol-ai/microvm/cmd/toolboxd/main.go:195.69,196.28 1 0
github.com/aerol-ai/microvm/cmd/toolboxd/main.go:196.28,198.5 1 0
github.com/aerol-ai/microvm/cmd/toolboxd/main.go:199.4,199.24 1 0
github.com/aerol-ai/microvm/cmd/toolboxd/main.go:200.70,201.28 1 0
github.com/aerol-ai/microvm/cmd/toolboxd/main.go:201.28,203.5 1 0
github.com/aerol-ai/microvm/cmd/toolboxd/main.go:204.4,204.26 1 0
github.com/aerol-ai/microvm/cmd/toolboxd/main.go:205.76,206.28 1 0
github.com/aerol-ai/microvm/cmd/toolboxd/main.go:206.28,208.5 1 0
github.com/aerol-ai/microvm/cmd/toolboxd/main.go:209.4,209.33 1 0
github.com/aerol-ai/microvm/cmd/toolboxd/main.go:210.75,211.28 1 0
github.com/aerol-ai/microvm/cmd/toolboxd/main.go:211.28,213.5 1 0
github.com/aerol-ai/microvm/cmd/toolboxd/main.go:214.4,214.28 1 0
github.com/aerol-ai/microvm/cmd/toolboxd/main.go:215.51,216.28 1 0
github.com/aerol-ai/microvm/cmd/toolboxd/main.go:216.28,218.5 1 0
github.com/aerol-ai/microvm/cmd/toolboxd/main.go:219.4,219.36 1 0
github.com/aerol-ai/microvm/cmd/toolboxd/main.go:219.36,221.5 1 0
github.com/aerol-ai/microvm/cmd/toolboxd/main.go:222.11,223.51 1 0
github.com/aerol-ai/microvm/cmd/toolboxd/main.go:228.68,231.2 2 0
github.com/aerol-ai/microvm/cmd/toolboxd/main.go:233.29,235.16 2 0
github.com/aerol-ai/microvm/cmd/toolboxd/main.go:235.16,237.3 1 0
github.com/aerol-ai/microvm/cmd/toolboxd/main.go:238.2,238.37 1 0
github.com/aerol-ai/microvm/cmd/toolboxd/main.go:241.49,243.2 1 1
github.com/aerol-ai/microvm/cmd/toolboxd/main.go:245.58,246.16 1 1
github.com/aerol-ai/microvm/cmd/toolboxd/main.go:246.16,248.3 1 0
github.com/aerol-ai/microvm/cmd/toolboxd/main.go:250.2,250.21 1 1
github.com/aerol-ai/microvm/cmd/toolboxd/main.go:250.21,252.43 2 1
github.com/aerol-ai/microvm/cmd/toolboxd/main.go:252.43,254.4 1 1
github.com/aerol-ai/microvm/cmd/toolboxd/main.go:255.3,255.42 1 1
github.com/aerol-ai/microvm/cmd/toolboxd/main.go:255.42,257.21 2 1
github.com/aerol-ai/microvm/cmd/toolboxd/main.go:257.21,259.5 1 0
github.com/aerol-ai/microvm/cmd/toolboxd/main.go:260.4,260.18 1 1
github.com/aerol-ai/microvm/cmd/toolboxd/main.go:264.2,265.19 2 1
github.com/aerol-ai/microvm/cmd/toolboxd/main.go:265.19,267.3 1 0
github.com/aerol-ai/microvm/cmd/toolboxd/main.go:269.2,270.12 2 1
github.com/aerol-ai/microvm/cmd/toolboxd/main.go:270.12,271.38 1 0
github.com/aerol-ai/microvm/cmd/toolboxd/main.go:271.38,273.4 1 0
github.com/aerol-ai/microvm/cmd/toolboxd/main.go:274.3,274.13 1 0
github.com/aerol-ai/microvm/cmd/toolboxd/main.go:277.2,277.17 1 1
github.com/aerol-ai/microvm/cmd/toolboxd/main.go:277.17,279.3 1 0
github.com/aerol-ai/microvm/cmd/toolboxd/main.go:281.2,282.35 2 1
github.com/aerol-ai/microvm/cmd/toolboxd/main.go:282.35,284.3 1 1
github.com/aerol-ai/microvm/cmd/toolboxd/main.go:286.2,286.13 1 1
github.com/aerol-ai/microvm/cmd/toolboxd/main.go:289.43,290.9 1 1
github.com/aerol-ai/microvm/cmd/toolboxd/main.go:291.19,292.14 1 1
github.com/aerol-ai/microvm/cmd/toolboxd/main.go:293.25,294.14 1 0
github.com/aerol-ai/microvm/cmd/toolboxd/main.go:295.26,296.14 1 0
github.com/aerol-ai/microvm/cmd/toolboxd/main.go:297.44,298.14 1 0
github.com/aerol-ai/microvm/cmd/toolboxd/main.go:299.42,300.14 1 0
github.com/aerol-ai/microvm/cmd/toolboxd/main.go:301.42,302.14 1 1
github.com/aerol-ai/microvm/cmd/toolboxd/main.go:303.68,304.14 1 0
github.com/aerol-ai/microvm/cmd/toolboxd/main.go:305.10,306.15 1 1
github.com/aerol-ai/microvm/cmd/toolboxd/main.go:310.75,311.23 1 0
github.com/aerol-ai/microvm/cmd/toolboxd/main.go:311.23,313.3 1 0
github.com/aerol-ai/microvm/cmd/toolboxd/main.go:314.2,316.107 3 0
github.com/aerol-ai/microvm/cmd/toolboxd/main.go:316.107,319.3 2 0
github.com/aerol-ai/microvm/cmd/toolboxd/main.go:320.2,320.13 1 0
github.com/aerol-ai/microvm/cmd/toolboxd/main.go:323.69,325.61 2 0
github.com/aerol-ai/microvm/cmd/toolboxd/main.go:325.61,328.3 2 0
github.com/aerol-ai/microvm/cmd/toolboxd/main.go:329.2,329.42 1 0
github.com/aerol-ai/microvm/cmd/toolboxd/main.go:329.42,332.3 2 0
github.com/aerol-ai/microvm/cmd/toolboxd/main.go:334.2,335.18 2 0
github.com/aerol-ai/microvm/cmd/toolboxd/main.go:335.18,337.3 1 0
github.com/aerol-ai/microvm/cmd/toolboxd/main.go:339.2,343.16 4 0
github.com/aerol-ai/microvm/cmd/toolboxd/main.go:343.16,346.3 2 0
github.com/aerol-ai/microvm/cmd/toolboxd/main.go:348.2,351.23 4 0
github.com/aerol-ai/microvm/cmd/toolboxd/main.go:351.23,353.3 1 0
github.com/aerol-ai/microvm/cmd/toolboxd/main.go:355.2,356.16 2 0
github.com/aerol-ai/microvm/cmd/toolboxd/main.go:356.16,359.3 2 0
github.com/aerol-ai/microvm/cmd/toolboxd/main.go:360.2,361.16 2 0
github.com/aerol-ai/microvm/cmd/toolboxd/main.go:361.16,364.3 2 0
github.com/aerol-ai/microvm/cmd/toolboxd/main.go:366.2,366.36 1 0
github.com/aerol-ai/microvm/cmd/toolboxd/main.go:366.36,369.3 2 0
github.com/aerol-ai/microvm/cmd/toolboxd/main.go:371.2,381.20 5 0
github.com/aerol-ai/microvm/cmd/toolboxd/main.go:381.20,383.35 2 0
github.com/aerol-ai/microvm/cmd/toolboxd/main.go:383.35,385.4 1 0
github.com/aerol-ai/microvm/cmd/toolboxd/main.go:385.9,388.4 2 0
github.com/aerol-ai/microvm/cmd/toolboxd/main.go:389.8,391.3 1 0
github.com/aerol-ai/microvm/cmd/toolboxd/main.go:393.2,393.37 1 0
github.com/aerol-ai/microvm/cmd/toolboxd/main.go:396.71,399.55 3 0
github.com/aerol-ai/microvm/cmd/toolboxd/main.go:399.55,402.3 2 0
github.com/aerol-ai/microvm/cmd/toolboxd/main.go:404.2,405.22 2 0
github.com/aerol-ai/microvm/cmd/toolboxd/main.go:405.22,407.3 1 0
github.com/aerol-ai/microvm/cmd/toolboxd/main.go:408.2,408.22 1 0
github.com/aerol-ai/microvm/cmd/toolboxd/main.go:408.22,411.3 2 0
github.com/aerol-ai/microvm/cmd/toolboxd/main.go:413.2,414.16 2 0
github.com/aerol-ai/microvm/cmd/toolboxd/main.go:414.16,417.3 2 0
github.com/aerol-ai/microvm/cmd/toolboxd/main.go:418.2,420.69 2 0
github.com/aerol-ai/microvm/cmd/toolboxd/main.go:420.69,423.3 2 0
github.com/aerol-ai/microvm/cmd/toolboxd/main.go:425.2,425.61 1 0
github.com/aerol-ai/microvm/cmd/toolboxd/main.go:425.61,428.3 2 0
github.com/aerol-ai/microvm/cmd/toolboxd/main.go:430.2,433.4 1 0
github.com/aerol-ai/microvm/cmd/toolboxd/main.go:436.73,438.22 2 0
github.com/aerol-ai/microvm/cmd/toolboxd/main.go:438.22,441.3 2 0
github.com/aerol-ai/microvm/cmd/toolboxd/main.go:443.2,444.16 2 0
github.com/aerol-ai/microvm/cmd/toolboxd/main.go:444.16,446.37 2 0
github.com/aerol-ai/microvm/cmd/toolboxd/main.go:446.37,448.4 1 0
github.com/aerol-ai/microvm/cmd/toolboxd/main.go:449.3,450.9 2 0
github.com/aerol-ai/microvm/cmd/toolboxd/main.go:453.2,456.22 4 0
github.com/aerol-ai/microvm/cmd/toolboxd/main.go:459.80,463.62 2 0
github.com/aerol-ai/microvm/cmd/toolboxd/main.go:463.62,466.3 2 0
github.com/aerol-ai/microvm/cmd/toolboxd/main.go:467.2,469.82 3 0
github.com/aerol-ai/microvm/cmd/toolboxd/main.go:472.70,474.64 2 0
github.com/aerol-ai/microvm/cmd/toolboxd/main.go:474.64,477.3 2 0
github.com/aerol-ai/microvm/cmd/toolboxd/main.go:479.2,480.45 2 0
github.com/aerol-ai/microvm/cmd/toolboxd/main.go:480.45,483.3 2 0
github.com/aerol-ai/microvm/cmd/toolboxd/main.go:485.2,485.26 1 0
github.com/aerol-ai/microvm/cmd/toolboxd/main.go:485.26,488.3 2 0
github.com/aerol-ai/microvm/cmd/toolboxd/main.go:490.2,491.16 2 0
github.com/aerol-ai/microvm/cmd/toolboxd/main.go:491.16,494.3 2 0
github.com/aerol-ai/microvm/cmd/toolboxd/main.go:496.2,497.23 2 0
github.com/aerol-ai/microvm/cmd/toolboxd/main.go:497.23,499.3 1 0
github.com/aerol-ai/microvm/cmd/toolboxd/main.go:501.2,503.43 3 0
github.com/aerol-ai/microvm/cmd/toolboxd/main.go:503.43,507.3 3 0
github.com/aerol-ai/microvm/cmd/toolboxd/main.go:508.2,508.79 1 0
github.com/aerol-ai/microvm/cmd/toolboxd/main.go:508.79,510.3 1 0
github.com/aerol-ai/microvm/cmd/toolboxd/main.go:511.2,511.23 1 0
github.com/aerol-ai/microvm/cmd/toolboxd/main.go:514.36,515.46 1 0
github.com/aerol-ai/microvm/cmd/toolboxd/main.go:515.46,517.3 1 0
github.com/aerol-ai/microvm/cmd/toolboxd/main.go:518.2,519.16 2 0
github.com/aerol-ai/microvm/cmd/toolboxd/main.go:519.16,521.3 1 0
github.com/aerol-ai/microvm/cmd/toolboxd/main.go:522.2,522.54 1 0
github.com/aerol-ai/microvm/cmd/toolboxd/main.go:525.55,526.22 1 0
github.com/aerol-ai/microvm/cmd/toolboxd/main.go:526.22,528.3 1 0
github.com/aerol-ai/microvm/cmd/toolboxd/main.go:530.2,531.33 2 0
github.com/aerol-ai/microvm/cmd/toolboxd/main.go:531.33,533.3 1 0
github.com/aerol-ai/microvm/cmd/toolboxd/main.go:534.2,534.15 1 0
github.com/aerol-ai/microvm/cmd/toolboxd/main.go:537.65,539.16 2 0
github.com/aerol-ai/microvm/cmd/toolboxd/main.go:539.16,541.3 1 0
github.com/aerol-ai/microvm/cmd/toolboxd/main.go:542.2,544.12 3 0
github.com/aerol-ai/microvm/cmd/toolboxd/main.go:547.43,549.17 2 0
github.com/aerol-ai/microvm/cmd/toolboxd/main.go:549.17,551.3 1 0
github.com/aerol-ai/microvm/cmd/toolboxd/main.go:552.2,553.16 2 0
github.com/aerol-ai/microvm/cmd/toolboxd/main.go:553.16,555.3 1 0
github.com/aerol-ai/microvm/cmd/toolboxd/main.go:556.2,556.15 1 0
github.com/aerol-ai/microvm/cmd/toolboxd/main.go:559.49,561.17 2 0
github.com/aerol-ai/microvm/cmd/toolboxd/main.go:561.17,563.3 1 0
github.com/aerol-ai/microvm/cmd/toolboxd/main.go:564.2,565.16 2 0
github.com/aerol-ai/microvm/cmd/toolboxd/main.go:565.16,567.3 1 0
github.com/aerol-ai/microvm/cmd/toolboxd/main.go:568.2,568.15 1 0
github.com/aerol-ai/microvm/cmd/toolboxd/main.go:571.45,573.17 2 0
github.com/aerol-ai/microvm/cmd/toolboxd/main.go:573.17,575.3 1 0
github.com/aerol-ai/microvm/cmd/toolboxd/main.go:576.2,576.14 1 0
github.com/aerol-ai/microvm/cmd/toolboxd/main.go:579.68,581.17 2 0
github.com/aerol-ai/microvm/cmd/toolboxd/main.go:581.17,583.3 1 0
github.com/aerol-ai/microvm/cmd/toolboxd/main.go:584.2,585.16 2 0
github.com/aerol-ai/microvm/cmd/toolboxd/main.go:585.16,587.3 1 0
github.com/aerol-ai/microvm/cmd/toolboxd/main.go:588.2,588.15 1 0
github.com/aerol-ai/microvm/cmd/toolboxd/main.go:591.62,595.2 3 0
github.com/aerol-ai/microvm/cmd/toolboxd/main.go:597.68,599.2 1 0
github.com/aerol-ai/microvm/cmd/toolboxd/sessions_handler.go:42.46,42.61 1 0
github.com/aerol-ai/microvm/cmd/toolboxd/sessions_handler.go:62.79,63.23 1 0
github.com/aerol-ai/microvm/cmd/toolboxd/sessions_handler.go:63.23,66.3 2 0
github.com/aerol-ai/microvm/cmd/toolboxd/sessions_handler.go:67.2,68.61 2 0
github.com/aerol-ai/microvm/cmd/toolboxd/sessions_handler.go:68.61,71.3 2 0
github.com/aerol-ai/microvm/cmd/toolboxd/sessions_handler.go:72.2,73.16 2 0
github.com/aerol-ai/microvm/cmd/toolboxd/sessions_handler.go:73.16,76.3 2 0
github.com/aerol-ai/microvm/cmd/toolboxd/sessions_handler.go:77.2,77.51 1 0
github.com/aerol-ai/microvm/cmd/toolboxd/sessions_handler.go:80.77,81.23 1 0
github.com/aerol-ai/microvm/cmd/toolboxd/sessions_handler.go:81.23,84.3 2 0
github.com/aerol-ai/microvm/cmd/toolboxd/sessions_handler.go:85.2,85.78 1 0
github.com/aerol-ai/microvm/cmd/toolboxd/sessions_handler.go:88.86,89.23 1 0
github.com/aerol-ai/microvm/cmd/toolboxd/sessions_handler.go:89.23,92.3 2 0
github.com/aerol-ai/microvm/cmd/toolboxd/sessions_handler.go:93.2,94.16 2 0
github.com/aerol-ai/microvm/cmd/toolboxd/sessions_handler.go:94.16,97.3 2 0
github.com/aerol-ai/microvm/cmd/toolboxd/sessions_handler.go:98.2,98.46 1 0
github.com/aerol-ai/microvm/cmd/toolboxd/sessions_handler.go:101.89,102.23 1 0
github.com/aerol-ai/microvm/cmd/toolboxd/sessions_handler.go:102.23,105.3 2 0
github.com/aerol-ai/microvm/cmd/toolboxd/sessions_handler.go:106.2,106.46 1 0
github.com/aerol-ai/microvm/cmd/toolboxd/sessions_handler.go:106.46,109.3 2 0
github.com/aerol-ai/microvm/cmd/toolboxd/sessions_handler.go:110.2,110.37 1 0
github.com/aerol-ai/microvm/cmd/toolboxd/sessions_handler.go:113.89,114.23 1 0
github.com/aerol-ai/microvm/cmd/toolboxd/sessions_handler.go:114.23,117.3 2 0
github.com/aerol-ai/microvm/cmd/toolboxd/sessions_handler.go:118.2,119.16 2 0
github.com/aerol-ai/microvm/cmd/toolboxd/sessions_handler.go:119.16,122.3 2 0
github.com/aerol-ai/microvm/cmd/toolboxd/sessions_handler.go:123.2,124.62 2 0
github.com/aerol-ai/microvm/cmd/toolboxd/sessions_handler.go:124.62,127.3 2 0
github.com/aerol-ai/microvm/cmd/toolboxd/sessions_handler.go:128.2,128.49 1 0
github.com/aerol-ai/microvm/cmd/toolboxd/sessions_handler.go:128.49,131.3 2 0
github.com/aerol-ai/microvm/cmd/toolboxd/sessions_handler.go:132.2,132.64 1 0
github.com/aerol-ai/microvm/cmd/toolboxd/sessions_handler.go:135.89,136.23 1 0
github.com/aerol-ai/microvm/cmd/toolboxd/sessions_handler.go:136.23,139.3 2 0
github.com/aerol-ai/microvm/cmd/toolboxd/sessions_handler.go:140.2,141.16 2 0
github.com/aerol-ai/microvm/cmd/toolboxd/sessions_handler.go:141.16,144.3 2 0
github.com/aerol-ai/microvm/cmd/toolboxd/sessions_handler.go:145.2,146.62 2 0
github.com/aerol-ai/microvm/cmd/toolboxd/sessions_handler.go:146.62,149.3 2 0
github.com/aerol-ai/microvm/cmd/toolboxd/sessions_handler.go:150.2,150.58 1 0
github.com/aerol-ai/microvm/cmd/toolboxd/sessions_handler.go:150.58,153.3 2 0
github.com/aerol-ai/microvm/cmd/toolboxd/sessions_handler.go:154.2,154.64 1 0
github.com/aerol-ai/microvm/cmd/toolboxd/sessions_handler.go:157.86,158.23 1 0
github.com/aerol-ai/microvm/cmd/toolboxd/sessions_handler.go:158.23,161.3 2 0
github.com/aerol-ai/microvm/cmd/toolboxd/sessions_handler.go:162.2,163.16 2 0
github.com/aerol-ai/microvm/cmd/toolboxd/sessions_handler.go:163.16,166.3 2 0
github.com/aerol-ai/microvm/cmd/toolboxd/sessions_handler.go:167.2,169.31 3 0
github.com/aerol-ai/microvm/cmd/toolboxd/sessions_handler.go:172.92,173.23 1 0
github.com/aerol-ai/microvm/cmd/toolboxd/sessions_handler.go:173.23,176.3 2 0
github.com/aerol-ai/microvm/cmd/toolboxd/sessions_handler.go:177.2,178.16 2 0
github.com/aerol-ai/microvm/cmd/toolboxd/sessions_handler.go:178.16,181.3 2 0
github.com/aerol-ai/microvm/cmd/toolboxd/sessions_handler.go:182.2,183.16 2 0
github.com/aerol-ai/microvm/cmd/toolboxd/sessions_handler.go:183.16,186.3 2 0
github.com/aerol-ai/microvm/cmd/toolboxd/sessions_handler.go:187.2,188.16 2 0
github.com/aerol-ai/microvm/cmd/toolboxd/sessions_handler.go:188.16,191.3 2 0
github.com/aerol-ai/microvm/cmd/toolboxd/sessions_handler.go:192.2,196.29 5 0
github.com/aerol-ai/microvm/cmd/toolboxd/sessions_handler.go:201.71,204.6 3 0
github.com/aerol-ai/microvm/cmd/toolboxd/sessions_handler.go:204.6,206.12 2 0
github.com/aerol-ai/microvm/cmd/toolboxd/sessions_handler.go:206.12,207.48 1 0
github.com/aerol-ai/microvm/cmd/toolboxd/sessions_handler.go:207.48,209.5 1 0
github.com/aerol-ai/microvm/cmd/toolboxd/sessions_handler.go:210.4,211.43 2 0
github.com/aerol-ai/microvm/cmd/toolboxd/sessions_handler.go:211.43,213.5 1 0
github.com/aerol-ai/microvm/cmd/toolboxd/sessions_handler.go:215.3,215.17 1 0
github.com/aerol-ai/microvm/cmd/toolboxd/sessions_handler.go:215.17,216.30 1 0
github.com/aerol-ai/microvm/cmd/toolboxd/sessions_handler.go:216.30,218.5 1 0
github.com/aerol-ai/microvm/cmd/toolboxd/sessions_handler.go:219.4,219.21 1 0
github.com/aerol-ai/microvm/cmd/toolboxd/sessions_handler.go:226.89,227.23 1 0
github.com/aerol-ai/microvm/cmd/toolboxd/sessions_handler.go:227.23,230.3 2 0
github.com/aerol-ai/microvm/cmd/toolboxd/sessions_handler.go:231.2,232.16 2 0
github.com/aerol-ai/microvm/cmd/toolboxd/sessions_handler.go:232.16,235.3 2 0
github.com/aerol-ai/microvm/cmd/toolboxd/sessions_handler.go:237.2,238.16 2 0
github.com/aerol-ai/microvm/cmd/toolboxd/sessions_handler.go:238.16,241.3 2 0
github.com/aerol-ai/microvm/cmd/toolboxd/sessions_handler.go:242.2,244.28 2 0
github.com/aerol-ai/microvm/cmd/toolboxd/sessions_handler.go:247.75,253.12 4 0
github.com/aerol-ai/microvm/cmd/toolboxd/sessions_handler.go:253.12,255.7 2 0
github.com/aerol-ai/microvm/cmd/toolboxd/sessions_handler.go:255.7,257.18 2 0
github.com/aerol-ai/microvm/cmd/toolboxd/sessions_handler.go:257.18,259.5 1 0
github.com/aerol-ai/microvm/cmd/toolboxd/sessions_handler.go:260.4,260.19 1 0
github.com/aerol-ai/microvm/cmd/toolboxd/sessions_handler.go:261.33,262.47 1 0
github.com/aerol-ai/microvm/cmd/toolboxd/sessions_handler.go:262.47,264.6 1 0
github.com/aerol-ai/microvm/cmd/toolboxd/sessions_handler.go:265.31,267.55 2 0
github.com/aerol-ai/microvm/cmd/toolboxd/sessions_handler.go:267.55,268.14 1 0
github.com/aerol-ai/microvm/cmd/toolboxd/sessions_handler.go:270.5,270.22 1 0
github.com/aerol-ai/microvm/cmd/toolboxd/sessions_handler.go:271.19,272.43 1 0
github.com/aerol-ai/microvm/cmd/toolboxd/sessions_handler.go:273.19,274.34 1 0
github.com/aerol-ai/microvm/cmd/toolboxd/sessions_handler.go:275.18,276.12 1 0
github.com/aerol-ai/microvm/cmd/toolboxd/sessions_handler.go:283.2,283.6 1 0
github.com/aerol-ai/microvm/cmd/toolboxd/sessions_handler.go:283.6,284.10 1 0
github.com/aerol-ai/microvm/cmd/toolboxd/sessions_handler.go:285.17,286.10 1 0
github.com/aerol-ai/microvm/cmd/toolboxd/sessions_handler.go:287.22,292.10 4 0
github.com/aerol-ai/microvm/cmd/toolboxd/sessions_handler.go:293.30,294.11 1 0
github.com/aerol-ai/microvm/cmd/toolboxd/sessions_handler.go:294.11,298.5 3 0
github.com/aerol-ai/microvm/cmd/toolboxd/sessions_handler.go:299.4,300.45 2 0
github.com/aerol-ai/microvm/cmd/toolboxd/sessions_handler.go:300.45,302.5 1 0
github.com/aerol-ai/microvm/cmd/toolboxd/sessions_handler.go:303.4,303.108 1 0
github.com/aerol-ai/microvm/cmd/toolboxd/sessions_handler.go:303.108,305.5 1 0
github.com/aerol-ai/microvm/cmd/toolboxd/sessions_handler.go:310.64,312.6 2 0
github.com/aerol-ai/microvm/cmd/toolboxd/sessions_handler.go:312.6,313.10 1 0
github.com/aerol-ai/microvm/cmd/toolboxd/sessions_handler.go:314.30,315.11 1 0
github.com/aerol-ai/microvm/cmd/toolboxd/sessions_handler.go:315.11,317.5 1 0
github.com/aerol-ai/microvm/cmd/toolboxd/sessions_handler.go:318.4,319.45 2 0
github.com/aerol-ai/microvm/cmd/toolboxd/sessions_handler.go:319.45,321.5 1 0
github.com/aerol-ai/microvm/cmd/toolboxd/sessions_handler.go:322.4,322.89 1 0
github.com/aerol-ai/microvm/cmd/toolboxd/sessions_handler.go:323.11,324.34 1 0
github.com/aerol-ai/microvm/cmd/toolboxd/sessions_handler.go:324.34,326.5 1 0
github.com/aerol-ai/microvm/cmd/toolboxd/sessions_handler.go:327.4,327.37 1 0
github.com/aerol-ai/microvm/cmd/toolboxd/sessions_handler.go:334.83,336.25 2 0
github.com/aerol-ai/microvm/cmd/toolboxd/sessions_handler.go:336.25,337.19 1 0
github.com/aerol-ai/microvm/cmd/toolboxd/sessions_handler.go:338.24,339.32 1 0
github.com/aerol-ai/microvm/cmd/toolboxd/sessions_handler.go:340.23,341.30 1 0
github.com/aerol-ai/microvm/cmd/toolboxd/sessions_handler.go:342.11,343.68 1 0
github.com/aerol-ai/microvm/cmd/toolboxd/sessions_handler.go:345.3,345.14 1 0
github.com/aerol-ai/microvm/cmd/toolboxd/sessions_handler.go:347.2,348.38 2 0
github.com/aerol-ai/microvm/cmd/toolboxd/sessions_handler.go:348.38,350.3 1 0
github.com/aerol-ai/microvm/cmd/toolboxd/sessions_handler.go:351.2,353.14 3 0
github.com/aerol-ai/microvm/cmd/toolboxd/sessions_handler.go:353.14,356.3 2 0
github.com/aerol-ai/microvm/cmd/toolboxd/sessions_handler.go:357.2,357.16 1 0
github.com/aerol-ai/microvm/cmd/toolboxd/sessions_handler.go:358.10,359.19 1 0
github.com/aerol-ai/microvm/cmd/toolboxd/sessions_handler.go:360.23,361.32 1 0
github.com/aerol-ai/microvm/cmd/toolboxd/sessions_handler.go:362.26,363.35 1 0
github.com/aerol-ai/microvm/cmd/toolboxd/sessions_handler.go:364.11,365.68 1 0
github.com/aerol-ai/microvm/cmd/toolboxd/sessions_handler.go:367.16,368.34 1 0
github.com/aerol-ai/microvm/cmd/toolboxd/sessions_handler.go:368.34,371.4 2 0
github.com/aerol-ai/microvm/cmd/toolboxd/sessions_handler.go:372.3,372.34 1 0
github.com/aerol-ai/microvm/cmd/toolboxd/sessions_handler.go:373.16,374.34 1 0
github.com/aerol-ai/microvm/cmd/toolboxd/sessions_handler.go:374.34,377.4 2 0
github.com/aerol-ai/microvm/cmd/toolboxd/sessions_handler.go:378.3,378.34 1 0
github.com/aerol-ai/microvm/cmd/toolboxd/sessions_handler.go:379.13,380.33 1 0
github.com/aerol-ai/microvm/cmd/toolboxd/sessions_handler.go:380.33,383.4 2 0
github.com/aerol-ai/microvm/cmd/toolboxd/sessions_handler.go:384.3,384.31 1 0
github.com/aerol-ai/microvm/cmd/toolboxd/sessions_handler.go:385.19,386.33 1 0
github.com/aerol-ai/microvm/cmd/toolboxd/sessions_handler.go:386.33,389.4 2 0
github.com/aerol-ai/microvm/cmd/toolboxd/sessions_handler.go:390.3,390.37 1 0
github.com/aerol-ai/microvm/cmd/toolboxd/sessions_handler.go:391.16,392.33 1 0
github.com/aerol-ai/microvm/cmd/toolboxd/sessions_handler.go:392.33,395.4 2 0
github.com/aerol-ai/microvm/cmd/toolboxd/sessions_handler.go:396.3,396.34 1 0
github.com/aerol-ai/microvm/cmd/toolboxd/sessions_handler.go:397.10,398.50 1 0
github.com/aerol-ai/microvm/cmd/toolboxd/sessions_handler.go:400.2,400.13 1 0
github.com/aerol-ai/microvm/pkg/models/mounts.go:89.61,90.14 1 1
github.com/aerol-ai/microvm/pkg/models/mounts.go:90.14,92.3 1 0
github.com/aerol-ai/microvm/pkg/models/mounts.go:93.2,93.16 1 1
github.com/aerol-ai/microvm/pkg/models/mounts.go:94.66,94.66 0 1
github.com/aerol-ai/microvm/pkg/models/mounts.go:95.10,96.57 1 1
github.com/aerol-ai/microvm/pkg/models/mounts.go:99.2,100.18 2 1
github.com/aerol-ai/microvm/pkg/models/mounts.go:100.18,102.3 1 1
github.com/aerol-ai/microvm/pkg/models/mounts.go:103.2,103.25 1 1
github.com/aerol-ai/microvm/pkg/models/mounts.go:103.25,105.3 1 1
github.com/aerol-ai/microvm/pkg/models/mounts.go:106.2,107.23 2 1
github.com/aerol-ai/microvm/pkg/models/mounts.go:107.23,109.3 1 1
github.com/aerol-ai/microvm/pkg/models/mounts.go:110.2,110.36 1 1
github.com/aerol-ai/microvm/pkg/models/mounts.go:110.36,112.3 1 0
github.com/aerol-ai/microvm/pkg/models/mounts.go:113.2,113.54 1 1
github.com/aerol-ai/microvm/pkg/models/mounts.go:113.54,115.3 1 1
github.com/aerol-ai/microvm/pkg/models/mounts.go:116.2,116.71 1 1
github.com/aerol-ai/microvm/pkg/models/mounts.go:116.71,118.3 1 1
github.com/aerol-ai/microvm/pkg/models/mounts.go:120.2,120.39 1 1
github.com/aerol-ai/microvm/pkg/models/mounts.go:120.39,122.3 1 1
github.com/aerol-ai/microvm/pkg/models/mounts.go:123.2,123.57 1 1
github.com/aerol-ai/microvm/pkg/models/mounts.go:123.57,125.3 1 1
github.com/aerol-ai/microvm/pkg/models/mounts.go:127.2,127.44 1 1
github.com/aerol-ai/microvm/pkg/models/mounts.go:127.44,129.3 1 1
github.com/aerol-ai/microvm/pkg/models/mounts.go:130.2,131.34 2 1
github.com/aerol-ai/microvm/pkg/models/mounts.go:131.34,132.73 1 1
github.com/aerol-ai/microvm/pkg/models/mounts.go:132.73,134.4 1 1
github.com/aerol-ai/microvm/pkg/models/mounts.go:135.3,135.32 1 1
github.com/aerol-ai/microvm/pkg/models/mounts.go:137.2,137.37 1 1
github.com/aerol-ai/microvm/pkg/models/mounts.go:137.37,139.3 1 1
github.com/aerol-ai/microvm/pkg/models/mounts.go:141.2,141.12 1 1
github.com/aerol-ai/microvm/pkg/models/mounts.go:144.55,146.11 2 1
github.com/aerol-ai/microvm/pkg/models/mounts.go:147.19,150.108 1 1
github.com/aerol-ai/microvm/pkg/models/mounts.go:150.108,152.4 1 1
github.com/aerol-ai/microvm/pkg/models/mounts.go:153.20,155.72 1 1
github.com/aerol-ai/microvm/pkg/models/mounts.go:155.72,157.4 1 1
github.com/aerol-ai/microvm/pkg/models/mounts.go:158.22,160.71 1 1
github.com/aerol-ai/microvm/pkg/models/mounts.go:160.71,162.4 1 1
github.com/aerol-ai/microvm/pkg/models/mounts.go:163.23,165.72 1 1
github.com/aerol-ai/microvm/pkg/models/mounts.go:165.72,167.4 1 1
github.com/aerol-ai/microvm/pkg/models/mounts.go:169.2,169.12 1 1
github.com/aerol-ai/microvm/pkg/models/mounts.go:173.48,182.2 1 1
github.com/aerol-ai/microvm/pkg/models/mounts.go:185.59,187.24 2 0
github.com/aerol-ai/microvm/pkg/models/mounts.go:187.24,189.3 1 0
github.com/aerol-ai/microvm/pkg/models/mounts.go:190.2,190.12 1 0
github.com/aerol-ai/microvm/pkg/models/mounts.go:193.60,194.18 1 1
github.com/aerol-ai/microvm/pkg/models/mounts.go:194.18,196.3 1 0
github.com/aerol-ai/microvm/pkg/models/mounts.go:197.2,198.23 2 1
github.com/aerol-ai/microvm/pkg/models/mounts.go:198.23,200.3 1 1
github.com/aerol-ai/microvm/pkg/models/mounts.go:201.2,201.12 1 1
github.com/aerol-ai/microvm/internal/store/store.go:22.40,23.63 1 1
github.com/aerol-ai/microvm/internal/store/store.go:23.63,25.3 1 0
github.com/aerol-ai/microvm/internal/store/store.go:27.2,28.16 2 1
github.com/aerol-ai/microvm/internal/store/store.go:28.16,30.3 1 0
github.com/aerol-ai/microvm/internal/store/store.go:32.2,75.29 2 1
github.com/aerol-ai/microvm/internal/store/store.go:75.29,76.42 1 1
github.com/aerol-ai/microvm/internal/store/store.go:76.42,79.4 2 0
github.com/aerol-ai/microvm/internal/store/store.go:83.2,87.34 2 1
github.com/aerol-ai/microvm/internal/store/store.go:87.34,88.101 1 1
github.com/aerol-ai/microvm/internal/store/store.go:88.101,91.4 2 0
github.com/aerol-ai/microvm/internal/store/store.go:94.2,94.28 1 1
github.com/aerol-ai/microvm/internal/store/store.go:97.31,98.29 1 1
github.com/aerol-ai/microvm/internal/store/store.go:98.29,100.3 1 0
github.com/aerol-ai/microvm/internal/store/store.go:101.2,101.21 1 1
github.com/aerol-ai/microvm/internal/store/store.go:104.76,106.16 2 1
github.com/aerol-ai/microvm/internal/store/store.go:106.16,108.3 1 0
github.com/aerol-ai/microvm/internal/store/store.go:109.2,110.16 2 1
github.com/aerol-ai/microvm/internal/store/store.go:110.16,112.3 1 0
github.com/aerol-ai/microvm/internal/store/store.go:114.2,142.16 2 1
github.com/aerol-ai/microvm/internal/store/store.go:142.16,144.3 1 1
github.com/aerol-ai/microvm/internal/store/store.go:145.2,145.12 1 1
github.com/aerol-ai/microvm/internal/store/store.go:148.76,150.16 2 1
github.com/aerol-ai/microvm/internal/store/store.go:150.16,152.3 1 0
github.com/aerol-ai/microvm/internal/store/store.go:153.2,154.16 2 1
github.com/aerol-ai/microvm/internal/store/store.go:154.16,156.3 1 0
github.com/aerol-ai/microvm/internal/store/store.go:158.2,205.16 2 1
github.com/aerol-ai/microvm/internal/store/store.go:205.16,207.3 1 0
github.com/aerol-ai/microvm/internal/store/store.go:208.2,208.12 1 1
github.com/aerol-ai/microvm/internal/store/store.go:211.78,221.16 3 1
github.com/aerol-ai/microvm/internal/store/store.go:221.16,222.36 1 1
github.com/aerol-ai/microvm/internal/store/store.go:222.36,224.4 1 1
github.com/aerol-ai/microvm/internal/store/store.go:225.3,225.18 1 0
github.com/aerol-ai/microvm/internal/store/store.go:228.2,229.16 2 1
github.com/aerol-ai/microvm/internal/store/store.go:229.16,231.3 1 0
github.com/aerol-ai/microvm/internal/store/store.go:232.2,234.21 2 1
github.com/aerol-ai/microvm/internal/store/store.go:237.70,245.16 2 1
github.com/aerol-ai/microvm/internal/store/store.go:245.16,247.3 1 0
github.com/aerol-ai/microvm/internal/store/store.go:248.2,251.18 3 1
github.com/aerol-ai/microvm/internal/store/store.go:251.18,253.17 2 1
github.com/aerol-ai/microvm/internal/store/store.go:253.17,255.4 1 0
github.com/aerol-ai/microvm/internal/store/store.go:256.3,257.17 2 1
github.com/aerol-ai/microvm/internal/store/store.go:257.17,259.4 1 0
github.com/aerol-ai/microvm/internal/store/store.go:260.3,261.41 2 1
github.com/aerol-ai/microvm/internal/store/store.go:264.2,264.35 1 1
github.com/aerol-ai/microvm/internal/store/store.go:264.35,266.3 1 0
github.com/aerol-ai/microvm/internal/store/store.go:268.2,268.23 1 1
github.com/aerol-ai/microvm/internal/store/store.go:271.62,273.16 2 1
github.com/aerol-ai/microvm/internal/store/store.go:273.16,275.3 1 0
github.com/aerol-ai/microvm/internal/store/store.go:276.2,277.33 2 1
github.com/aerol-ai/microvm/internal/store/store.go:277.33,279.3 1 1
github.com/aerol-ai/microvm/internal/store/store.go:280.2,280.12 1 1
github.com/aerol-ai/microvm/internal/store/store.go:283.115,289.16 2 1
github.com/aerol-ai/microvm/internal/store/store.go:289.16,291.3 1 0
github.com/aerol-ai/microvm/internal/store/store.go:292.2,293.33 2 1
github.com/aerol-ai/microvm/internal/store/store.go:293.33,295.3 1 0
github.com/aerol-ai/microvm/internal/store/store.go:296.2,296.12 1 1
github.com/aerol-ai/microvm/internal/store/store.go:299.106,305.16 2 1
github.com/aerol-ai/microvm/internal/store/store.go:305.16,307.3 1 0
github.com/aerol-ai/microvm/internal/store/store.go:308.2,309.33 2 1
github.com/aerol-ai/microvm/internal/store/store.go:309.33,311.3 1 0
github.com/aerol-ai/microvm/internal/store/store.go:312.2,312.12 1 1
github.com/aerol-ai/microvm/internal/store/store.go:315.75,321.16 2 1
github.com/aerol-ai/microvm/internal/store/store.go:321.16,323.3 1 0
github.com/aerol-ai/microvm/internal/store/store.go:324.2,324.12 1 1
github.com/aerol-ai/microvm/internal/store/store.go:327.84,335.16 2 1
github.com/aerol-ai/microvm/internal/store/store.go:335.16,337.3 1 0
github.com/aerol-ai/microvm/internal/store/store.go:338.2,338.12 1 1
github.com/aerol-ai/microvm/internal/store/store.go:341.83,343.16 2 1
github.com/aerol-ai/microvm/internal/store/store.go:343.16,345.3 1 0
github.com/aerol-ai/microvm/internal/store/store.go:346.2,346.12 1 1
github.com/aerol-ai/microvm/internal/store/store.go:349.96,356.16 2 1
github.com/aerol-ai/microvm/internal/store/store.go:356.16,358.3 1 0
github.com/aerol-ai/microvm/internal/store/store.go:359.2,362.18 3 1
github.com/aerol-ai/microvm/internal/store/store.go:362.18,364.114 2 1
github.com/aerol-ai/microvm/internal/store/store.go:364.114,366.4 1 0
github.com/aerol-ai/microvm/internal/store/store.go:367.3,367.34 1 1
github.com/aerol-ai/microvm/internal/store/store.go:370.2,370.35 1 1
github.com/aerol-ai/microvm/internal/store/store.go:370.35,372.3 1 0
github.com/aerol-ai/microvm/internal/store/store.go:374.2,374.19 1 1
github.com/aerol-ai/microvm/internal/store/store.go:379.29,408.16 7 1
github.com/aerol-ai/microvm/internal/store/store.go:408.16,410.3 1 1
github.com/aerol-ai/microvm/internal/store/store.go:412.2,412.19 1 1
github.com/aerol-ai/microvm/internal/store/store.go:412.19,413.71 1 1
github.com/aerol-ai/microvm/internal/store/store.go:413.71,415.4 1 1
github.com/aerol-ai/microvm/internal/store/store.go:417.2,417.23 1 1
github.com/aerol-ai/microvm/internal/store/store.go:417.23,418.88 1 1
github.com/aerol-ai/microvm/internal/store/store.go:418.88,420.4 1 0
github.com/aerol-ai/microvm/internal/store/store.go:423.2,426.22 3 1
github.com/aerol-ai/microvm/internal/store/store.go:429.62,430.18 1 1
github.com/aerol-ai/microvm/internal/store/store.go:430.18,432.3 1 1
github.com/aerol-ai/microvm/internal/store/store.go:433.2,434.16 2 1
github.com/aerol-ai/microvm/internal/store/store.go:434.16,436.3 1 0
github.com/aerol-ai/microvm/internal/store/store.go:437.2,437.29 1 1
github.com/aerol-ai/microvm/internal/store/store.go:440.32,441.11 1 1
github.com/aerol-ai/microvm/internal/store/store.go:441.11,443.3 1 1
github.com/aerol-ai/microvm/internal/store/store.go:444.2,444.10 1 0
github.com/aerol-ai/microvm/internal/store/store.go:451.87,459.16 2 0
github.com/aerol-ai/microvm/internal/store/store.go:459.16,461.3 1 0
github.com/aerol-ai/microvm/internal/store/store.go:462.2,462.12 1 0
github.com/aerol-ai/microvm/internal/store/store.go:466.82,469.40 3 0
github.com/aerol-ai/microvm/internal/store/store.go:469.40,470.36 1 0
github.com/aerol-ai/microvm/internal/store/store.go:470.36,472.4 1 0
github.com/aerol-ai/microvm/internal/store/store.go:473.3,473.56 1 0
github.com/aerol-ai/microvm/internal/store/store.go:475.2,475.18 1 0
github.com/aerol-ai/microvm/internal/store/store.go:481.75,483.16 2 0
github.com/aerol-ai/microvm/internal/store/store.go:483.16,485.3 1 0
github.com/aerol-ai/microvm/internal/store/store.go:486.2,486.12 1 0
github.com/aerol-ai/microvm/pkg/mounts/manager.go:63.61,64.19 1 1
github.com/aerol-ai/microvm/pkg/mounts/manager.go:64.19,66.3 1 0
github.com/aerol-ai/microvm/pkg/mounts/manager.go:67.2,67.34 1 1
github.com/aerol-ai/microvm/pkg/mounts/manager.go:67.34,69.3 1 0
github.com/aerol-ai/microvm/pkg/mounts/manager.go:70.2,70.34 1 1
github.com/aerol-ai/microvm/pkg/mounts/manager.go:70.34,72.3 1 0
github.com/aerol-ai/microvm/pkg/mounts/manager.go:73.2,73.26 1 1
github.com/aerol-ai/microvm/pkg/mounts/manager.go:73.26,75.3 1 1
github.com/aerol-ai/microvm/pkg/mounts/manager.go:76.2,76.56 1 1
github.com/aerol-ai/microvm/pkg/mounts/manager.go:76.56,78.3 1 0
github.com/aerol-ai/microvm/pkg/mounts/manager.go:79.2,79.56 1 1
github.com/aerol-ai/microvm/pkg/mounts/manager.go:79.56,81.3 1 0
github.com/aerol-ai/microvm/pkg/mounts/manager.go:83.2,91.8 1 1
github.com/aerol-ai/microvm/pkg/mounts/manager.go:96.27,97.9 1 1
github.com/aerol-ai/microvm/pkg/mounts/manager.go:98.19,98.19 0 0
github.com/aerol-ai/microvm/pkg/mounts/manager.go:99.10,100.19 1 1
github.com/aerol-ai/microvm/pkg/mounts/manager.go:106.119,107.22 1 1
github.com/aerol-ai/microvm/pkg/mounts/manager.go:107.22,109.3 1 0
github.com/aerol-ai/microvm/pkg/mounts/manager.go:110.2,110.80 1 1
github.com/aerol-ai/microvm/pkg/mounts/manager.go:110.80,112.3 1 0
github.com/aerol-ai/microvm/pkg/mounts/manager.go:114.2,117.30 3 1
github.com/aerol-ai/microvm/pkg/mounts/manager.go:117.30,119.17 2 1
github.com/aerol-ai/microvm/pkg/mounts/manager.go:119.17,121.34 1 1
github.com/aerol-ai/microvm/pkg/mounts/manager.go:121.34,123.5 1 1
github.com/aerol-ai/microvm/pkg/mounts/manager.go:124.4,125.66 2 1
github.com/aerol-ai/microvm/pkg/mounts/manager.go:127.3,128.30 2 1
github.com/aerol-ai/microvm/pkg/mounts/manager.go:131.2,134.19 4 1
github.com/aerol-ai/microvm/pkg/mounts/manager.go:138.54,145.27 6 1
github.com/aerol-ai/microvm/pkg/mounts/manager.go:145.27,146.63 1 1
github.com/aerol-ai/microvm/pkg/mounts/manager.go:146.63,148.4 1 0
github.com/aerol-ai/microvm/pkg/mounts/manager.go:150.2,150.93 1 1
github.com/aerol-ai/microvm/pkg/mounts/manager.go:150.93,152.3 1 0
github.com/aerol-ai/microvm/pkg/mounts/manager.go:153.2,153.17 1 1
github.com/aerol-ai/microvm/pkg/mounts/manager.go:158.66,163.27 5 1
github.com/aerol-ai/microvm/pkg/mounts/manager.go:163.27,169.3 1 1
github.com/aerol-ai/microvm/pkg/mounts/manager.go:170.2,170.14 1 1
github.com/aerol-ai/microvm/pkg/mounts/manager.go:183.51,185.16 2 1
github.com/aerol-ai/microvm/pkg/mounts/manager.go:185.16,186.38 1 1
github.com/aerol-ai/microvm/pkg/mounts/manager.go:186.38,188.4 1 0
github.com/aerol-ai/microvm/pkg/mounts/manager.go:189.3,189.9 1 1
github.com/aerol-ai/microvm/pkg/mounts/manager.go:192.2,194.26 3 1
github.com/aerol-ai/microvm/pkg/mounts/manager.go:194.26,196.3 1 1
github.com/aerol-ai/microvm/pkg/mounts/manager.go:197.2,199.28 2 1
github.com/aerol-ai/microvm/pkg/mounts/manager.go:199.28,200.17 1 1
github.com/aerol-ai/microvm/pkg/mounts/manager.go:200.17,201.12 1 0
github.com/aerol-ai/microvm/pkg/mounts/manager.go:203.3,204.28 2 1
github.com/aerol-ai/microvm/pkg/mounts/manager.go:204.28,205.12 1 1
github.com/aerol-ai/microvm/pkg/mounts/manager.go:207.3,207.31 1 1
github.com/aerol-ai/microvm/pkg/mounts/manager.go:207.31,209.12 1 1
github.com/aerol-ai/microvm/pkg/mounts/manager.go:211.3,213.27 3 1
github.com/aerol-ai/microvm/pkg/mounts/manager.go:219.48,222.42 3 1
github.com/aerol-ai/microvm/pkg/mounts/manager.go:222.42,224.3 1 0
github.com/aerol-ai/microvm/pkg/mounts/manager.go:229.103,233.44 4 1
github.com/aerol-ai/microvm/pkg/mounts/manager.go:233.44,236.3 1 1
github.com/aerol-ai/microvm/pkg/mounts/manager.go:238.2,238.13 1 1
github.com/aerol-ai/microvm/pkg/mounts/manager.go:238.13,240.3 1 0
github.com/aerol-ai/microvm/pkg/mounts/manager.go:241.2,242.12 2 1
github.com/aerol-ai/microvm/pkg/mounts/manager.go:247.137,249.9 2 1
github.com/aerol-ai/microvm/pkg/mounts/manager.go:249.9,251.3 1 0
github.com/aerol-ai/microvm/pkg/mounts/manager.go:253.2,254.53 2 1
github.com/aerol-ai/microvm/pkg/mounts/manager.go:254.53,256.3 1 0
github.com/aerol-ai/microvm/pkg/mounts/manager.go:258.2,259.16 2 1
github.com/aerol-ai/microvm/pkg/mounts/manager.go:259.16,261.3 1 1
github.com/aerol-ai/microvm/pkg/mounts/manager.go:263.2,263.25 1 1
github.com/aerol-ai/microvm/pkg/mounts/manager.go:263.25,264.69 1 1
github.com/aerol-ai/microvm/pkg/mounts/manager.go:264.69,266.4 1 0
github.com/aerol-ai/microvm/pkg/mounts/manager.go:269.2,278.24 2 1
github.com/aerol-ai/microvm/pkg/mounts/manager.go:278.24,282.24 2 1
github.com/aerol-ai/microvm/pkg/mounts/manager.go:282.24,284.4 1 0
github.com/aerol-ai/microvm/pkg/mounts/manager.go:285.3,286.20 2 1
github.com/aerol-ai/microvm/pkg/mounts/manager.go:286.20,289.4 2 0
github.com/aerol-ai/microvm/pkg/mounts/manager.go:291.3,292.26 2 1
github.com/aerol-ai/microvm/pkg/mounts/manager.go:296.2,297.23 2 0
github.com/aerol-ai/microvm/pkg/mounts/manager.go:297.23,299.3 1 0
github.com/aerol-ai/microvm/pkg/mounts/manager.go:300.2,301.36 2 0
github.com/aerol-ai/microvm/pkg/mounts/manager.go:301.36,304.3 2 0
github.com/aerol-ai/microvm/pkg/mounts/manager.go:305.2,307.62 2 0
github.com/aerol-ai/microvm/pkg/mounts/manager.go:307.62,311.3 3 0
github.com/aerol-ai/microvm/pkg/mounts/manager.go:313.2,313.44 1 0
github.com/aerol-ai/microvm/pkg/mounts/manager.go:313.44,315.3 1 0
github.com/aerol-ai/microvm/pkg/mounts/manager.go:317.2,321.25 4 0
github.com/aerol-ai/microvm/pkg/mounts/manager.go:326.52,327.22 1 1
github.com/aerol-ai/microvm/pkg/mounts/manager.go:327.22,329.3 1 0
github.com/aerol-ai/microvm/pkg/mounts/manager.go:330.2,338.28 6 1
github.com/aerol-ai/microvm/pkg/mounts/manager.go:338.28,339.17 1 1
github.com/aerol-ai/microvm/pkg/mounts/manager.go:339.17,341.9 2 1
github.com/aerol-ai/microvm/pkg/mounts/manager.go:344.2,344.19 1 1
github.com/aerol-ai/microvm/pkg/mounts/manager.go:344.19,346.3 1 0
github.com/aerol-ai/microvm/pkg/mounts/manager.go:347.2,347.20 1 1
github.com/aerol-ai/microvm/pkg/mounts/manager.go:347.20,349.3 1 0
github.com/aerol-ai/microvm/pkg/mounts/manager.go:351.2,365.18 6 1
github.com/aerol-ai/microvm/pkg/mounts/manager.go:365.18,370.3 3 1
github.com/aerol-ai/microvm/pkg/mounts/manager.go:373.2,373.31 1 1
github.com/aerol-ai/microvm/pkg/mounts/manager.go:373.31,375.3 1 0
github.com/aerol-ai/microvm/pkg/mounts/manager.go:376.2,377.29 2 1
github.com/aerol-ai/microvm/pkg/mounts/manager.go:377.29,379.3 1 0
github.com/aerol-ai/microvm/pkg/mounts/manager.go:380.2,381.36 2 1
github.com/aerol-ai/microvm/pkg/mounts/manager.go:381.36,385.3 3 0
github.com/aerol-ai/microvm/pkg/mounts/manager.go:386.2,388.27 2 1
github.com/aerol-ai/microvm/pkg/mounts/manager.go:392.54,393.26 1 1
github.com/aerol-ai/microvm/pkg/mounts/manager.go:393.26,395.3 1 1
github.com/aerol-ai/microvm/pkg/mounts/manager.go:395.8,396.19 1 0
github.com/aerol-ai/microvm/pkg/mounts/manager.go:396.19,398.4 1 0
github.com/aerol-ai/microvm/pkg/mounts/manager.go:399.3,399.30 1 0
github.com/aerol-ai/microvm/pkg/mounts/manager.go:401.2,401.27 1 1
github.com/aerol-ai/microvm/pkg/mounts/manager.go:401.27,403.3 1 1
github.com/aerol-ai/microvm/pkg/mounts/manager.go:404.2,404.12 1 1
github.com/aerol-ai/microvm/pkg/mounts/manager.go:407.51,408.25 1 0
github.com/aerol-ai/microvm/pkg/mounts/manager.go:408.25,410.3 1 0
github.com/aerol-ai/microvm/pkg/mounts/manager.go:415.52,416.63 1 1
github.com/aerol-ai/microvm/pkg/mounts/manager.go:416.63,418.3 1 0
github.com/aerol-ai/microvm/pkg/mounts/manager.go:419.2,420.16 2 1
github.com/aerol-ai/microvm/pkg/mounts/manager.go:420.16,422.3 1 0
github.com/aerol-ai/microvm/pkg/mounts/manager.go:423.2,423.41 1 1
github.com/aerol-ai/microvm/pkg/mounts/manager.go:423.41,427.3 3 0
github.com/aerol-ai/microvm/pkg/mounts/manager.go:428.2,428.34 1 1
github.com/aerol-ai/microvm/pkg/mounts/manager.go:428.34,430.3 1 0
github.com/aerol-ai/microvm/pkg/mounts/manager.go:431.2,431.12 1 1
github.com/aerol-ai/microvm/pkg/mounts/manager.go:437.65,440.16 3 0
github.com/aerol-ai/microvm/pkg/mounts/manager.go:440.16,442.3 1 0
github.com/aerol-ai/microvm/pkg/mounts/manager.go:443.2,445.34 3 0
github.com/aerol-ai/microvm/pkg/mounts/manager.go:445.34,447.17 2 0
github.com/aerol-ai/microvm/pkg/mounts/manager.go:447.17,449.66 2 0
github.com/aerol-ai/microvm/pkg/mounts/manager.go:449.66,451.5 1 0
github.com/aerol-ai/microvm/pkg/mounts/manager.go:453.3,453.37 1 0
github.com/aerol-ai/microvm/pkg/mounts/manager.go:455.2,455.66 1 0
github.com/aerol-ai/microvm/pkg/mounts/manager.go:459.37,460.38 1 0
github.com/aerol-ai/microvm/pkg/mounts/manager.go:460.38,462.3 1 0
github.com/aerol-ai/microvm/pkg/mounts/manager.go:463.2,464.16 2 0
github.com/aerol-ai/microvm/pkg/mounts/manager.go:464.16,466.3 1 0
github.com/aerol-ai/microvm/pkg/mounts/manager.go:467.2,469.12 3 0
github.com/aerol-ai/microvm/pkg/mounts/manager.go:469.12,472.3 2 0
github.com/aerol-ai/microvm/pkg/mounts/manager.go:473.2,473.9 1 0
github.com/aerol-ai/microvm/pkg/mounts/manager.go:474.14,474.14 0 0
github.com/aerol-ai/microvm/pkg/mounts/manager.go:475.37,477.9 2 0
github.com/aerol-ai/microvm/pkg/mounts/manager.go:479.2,479.12 1 0
github.com/aerol-ai/microvm/pkg/mounts/manager.go:483.37,484.59 1 1
github.com/aerol-ai/microvm/pkg/mounts/manager.go:484.59,486.3 1 0
github.com/aerol-ai/microvm/pkg/mounts/manager.go:487.2,487.49 1 1
github.com/aerol-ai/microvm/pkg/mounts/sweep.go:18.60,20.16 2 1
github.com/aerol-ai/microvm/pkg/mounts/sweep.go:20.16,23.3 1 1
github.com/aerol-ai/microvm/pkg/mounts/sweep.go:24.2,25.39 2 0
github.com/aerol-ai/microvm/pkg/mounts/sweep.go:25.39,27.3 1 0
github.com/aerol-ai/microvm/pkg/mounts/sweep.go:29.2,29.28 1 0
github.com/aerol-ai/microvm/pkg/mounts/sweep.go:29.28,30.17 1 0
github.com/aerol-ai/microvm/pkg/mounts/sweep.go:30.17,31.12 1 0
github.com/aerol-ai/microvm/pkg/mounts/sweep.go:33.3,35.17 3 0
github.com/aerol-ai/microvm/pkg/mounts/sweep.go:35.17,36.12 1 0
github.com/aerol-ai/microvm/pkg/mounts/sweep.go:38.3,39.17 2 0
github.com/aerol-ai/microvm/pkg/mounts/sweep.go:39.17,40.12 1 0
github.com/aerol-ai/microvm/pkg/mounts/sweep.go:44.3,44.108 1 0
github.com/aerol-ai/microvm/pkg/mounts/sweep.go:44.108,45.12 1 0
github.com/aerol-ai/microvm/pkg/mounts/sweep.go:47.3,50.18 3 0
github.com/aerol-ai/microvm/pkg/mounts/sweep.go:50.18,52.4 1 0
github.com/aerol-ai/microvm/pkg/mounts/sweep.go:52.9,54.4 1 0
github.com/aerol-ai/microvm/pkg/mounts/sweep.go:60.51,70.78 5 1
github.com/aerol-ai/microvm/pkg/mounts/sweep.go:70.78,71.17 1 1
github.com/aerol-ai/microvm/pkg/mounts/sweep.go:71.17,73.4 1 0
github.com/aerol-ai/microvm/pkg/mounts/sweep.go:74.3,74.17 1 1
github.com/aerol-ai/microvm/pkg/mounts/sweep.go:74.17,76.4 1 0
github.com/aerol-ai/microvm/pkg/mounts/sweep.go:77.3,78.35 2 1
github.com/aerol-ai/microvm/pkg/mounts/sweep.go:78.35,80.4 1 0
github.com/aerol-ai/microvm/pkg/mounts/sweep.go:81.3,81.13 1 1
github.com/aerol-ai/microvm/pkg/mounts/sweep.go:84.2,84.39 1 1
github.com/aerol-ai/microvm/pkg/mounts/sweep.go:84.39,86.60 2 0
github.com/aerol-ai/microvm/pkg/mounts/sweep.go:86.60,87.12 1 0
github.com/aerol-ai/microvm/pkg/mounts/sweep.go:89.3,89.66 1 0
github.com/aerol-ai/microvm/pkg/mounts/sweep.go:89.66,91.4 1 0
github.com/aerol-ai/microvm/pkg/mounts/sweep.go:95.32,97.16 2 1
github.com/aerol-ai/microvm/pkg/mounts/sweep.go:97.16,99.3 1 0
github.com/aerol-ai/microvm/pkg/mounts/sweep.go:100.2,101.9 2 1
github.com/aerol-ai/microvm/pkg/mounts/sweep.go:101.9,103.3 1 0
github.com/aerol-ai/microvm/pkg/mounts/sweep.go:104.2,104.24 1 1
github.com/aerol-ai/microvm/pkg/secrets/secrets.go:27.62,29.16 2 1
github.com/aerol-ai/microvm/pkg/secrets/secrets.go:29.16,31.3 1 1
github.com/aerol-ai/microvm/pkg/secrets/secrets.go:32.2,33.16 2 1
github.com/aerol-ai/microvm/pkg/secrets/secrets.go:33.16,35.3 1 0
github.com/aerol-ai/microvm/pkg/secrets/secrets.go:36.2,37.16 2 1
github.com/aerol-ai/microvm/pkg/secrets/secrets.go:37.16,39.3 1 0
github.com/aerol-ai/microvm/pkg/secrets/secrets.go:40.2,40.31 1 1
github.com/aerol-ai/microvm/pkg/secrets/secrets.go:45.56,46.30 1 1
github.com/aerol-ai/microvm/pkg/secrets/secrets.go:46.30,48.3 1 0
github.com/aerol-ai/microvm/pkg/secrets/secrets.go:49.2,50.59 2 1
github.com/aerol-ai/microvm/pkg/secrets/secrets.go:50.59,52.3 1 0
github.com/aerol-ai/microvm/pkg/secrets/secrets.go:53.2,54.38 2 1
github.com/aerol-ai/microvm/pkg/secrets/secrets.go:59.57,60.30 1 1
github.com/aerol-ai/microvm/pkg/secrets/secrets.go:60.30,62.3 1 0
github.com/aerol-ai/microvm/pkg/secrets/secrets.go:63.2,63.37 1 1
github.com/aerol-ai/microvm/pkg/secrets/secrets.go:63.37,65.3 1 1
github.com/aerol-ai/microvm/pkg/secrets/secrets.go:66.2,68.16 3 1
github.com/aerol-ai/microvm/pkg/secrets/secrets.go:68.16,70.3 1 1
github.com/aerol-ai/microvm/pkg/secrets/secrets.go:71.2,71.19 1 1
github.com/aerol-ai/microvm/pkg/secrets/secrets.go:74.69,75.18 1 1
github.com/aerol-ai/microvm/pkg/secrets/secrets.go:75.18,77.17 2 1
github.com/aerol-ai/microvm/pkg/secrets/secrets.go:77.17,79.4 1 1
github.com/aerol-ai/microvm/pkg/secrets/secrets.go:80.3,80.25 1 1
github.com/aerol-ai/microvm/pkg/secrets/secrets.go:80.25,82.4 1 1
github.com/aerol-ai/microvm/pkg/secrets/secrets.go:83.3,83.22 1 1
github.com/aerol-ai/microvm/pkg/secrets/secrets.go:86.2,86.24 1 1
github.com/aerol-ai/microvm/pkg/secrets/secrets.go:86.24,88.3 1 0
github.com/aerol-ai/microvm/pkg/secrets/secrets.go:90.2,90.56 1 1
github.com/aerol-ai/microvm/pkg/secrets/secrets.go:90.56,92.42 2 1
github.com/aerol-ai/microvm/pkg/secrets/secrets.go:92.42,94.4 1 0
github.com/aerol-ai/microvm/pkg/secrets/secrets.go:95.3,95.22 1 1
github.com/aerol-ai/microvm/pkg/secrets/secrets.go:96.8,96.44 1 1
github.com/aerol-ai/microvm/pkg/secrets/secrets.go:96.44,98.3 1 0
github.com/aerol-ai/microvm/pkg/secrets/secrets.go:100.2,100.71 1 1
github.com/aerol-ai/microvm/pkg/secrets/secrets.go:100.71,102.3 1 0
github.com/aerol-ai/microvm/pkg/secrets/secrets.go:103.2,104.62 2 1
github.com/aerol-ai/microvm/pkg/secrets/secrets.go:104.62,106.3 1 0
github.com/aerol-ai/microvm/pkg/secrets/secrets.go:107.2,108.75 2 1
github.com/aerol-ai/microvm/pkg/secrets/secrets.go:108.75,110.3 1 0
github.com/aerol-ai/microvm/pkg/secrets/secrets.go:111.2,111.22 1 1
github.com/aerol-ai/microvm/sdk/go/internal/apiclient/client.go:42.62,44.23 2 1
github.com/aerol-ai/microvm/sdk/go/internal/apiclient/client.go:44.23,46.3 1 0
github.com/aerol-ai/microvm/sdk/go/internal/apiclient/client.go:47.2,51.3 1 1
github.com/aerol-ai/microvm/sdk/go/internal/apiclient/client.go:54.92,56.89 2 1
github.com/aerol-ai/microvm/sdk/go/internal/apiclient/client.go:56.89,58.3 1 1
github.com/aerol-ai/microvm/sdk/go/internal/apiclient/client.go:59.2,59.62 1 1
github.com/aerol-ai/microvm/sdk/go/internal/apiclient/client.go:62.64,64.87 2 0
github.com/aerol-ai/microvm/sdk/go/internal/apiclient/client.go:64.87,66.3 1 0
github.com/aerol-ai/microvm/sdk/go/internal/apiclient/client.go:67.2,68.32 2 0
github.com/aerol-ai/microvm/sdk/go/internal/apiclient/client.go:68.32,70.3 1 0
github.com/aerol-ai/microvm/sdk/go/internal/apiclient/client.go:71.2,71.19 1 0
github.com/aerol-ai/microvm/sdk/go/internal/apiclient/client.go:74.72,76.91 2 0
github.com/aerol-ai/microvm/sdk/go/internal/apiclient/client.go:76.91,78.3 1 0
github.com/aerol-ai/microvm/sdk/go/internal/apiclient/client.go:79.2,79.30 1 0
github.com/aerol-ai/microvm/sdk/go/internal/apiclient/client.go:82.74,84.101 2 0
github.com/aerol-ai/microvm/sdk/go/internal/apiclient/client.go:84.101,86.3 1 0
github.com/aerol-ai/microvm/sdk/go/internal/apiclient/client.go:87.2,87.30 1 0
github.com/aerol-ai/microvm/sdk/go/internal/apiclient/client.go:90.73,92.100 2 0
github.com/aerol-ai/microvm/sdk/go/internal/apiclient/client.go:92.100,94.3 1 0
github.com/aerol-ai/microvm/sdk/go/internal/apiclient/client.go:95.2,95.30 1 0
github.com/aerol-ai/microvm/sdk/go/internal/apiclient/client.go:98.64,100.2 1 0
github.com/aerol-ai/microvm/sdk/go/internal/apiclient/client.go:102.95,104.103 2 0
github.com/aerol-ai/microvm/sdk/go/internal/apiclient/client.go:104.103,106.3 1 0
github.com/aerol-ai/microvm/sdk/go/internal/apiclient/client.go:107.2,107.30 1 0
github.com/aerol-ai/microvm/sdk/go/internal/apiclient/client.go:110.93,114.101 2 0
github.com/aerol-ai/microvm/sdk/go/internal/apiclient/client.go:114.101,116.3 1 0
github.com/aerol-ai/microvm/sdk/go/internal/apiclient/client.go:117.2,117.29 1 0
github.com/aerol-ai/microvm/sdk/go/internal/apiclient/client.go:120.96,124.2 3 0
github.com/aerol-ai/microvm/sdk/go/internal/apiclient/client.go:126.92,131.16 5 1
github.com/aerol-ai/microvm/sdk/go/internal/apiclient/client.go:131.16,133.3 1 0
github.com/aerol-ai/microvm/sdk/go/internal/apiclient/client.go:134.2,134.44 1 1
github.com/aerol-ai/microvm/sdk/go/internal/apiclient/client.go:134.44,136.3 1 0
github.com/aerol-ai/microvm/sdk/go/internal/apiclient/client.go:137.2,137.39 1 1
github.com/aerol-ai/microvm/sdk/go/internal/apiclient/client.go:137.39,139.3 1 0
github.com/aerol-ai/microvm/sdk/go/internal/apiclient/client.go:141.2,142.16 2 1
github.com/aerol-ai/microvm/sdk/go/internal/apiclient/client.go:142.16,144.3 1 0
github.com/aerol-ai/microvm/sdk/go/internal/apiclient/client.go:145.2,149.16 4 1
github.com/aerol-ai/microvm/sdk/go/internal/apiclient/client.go:149.16,151.3 1 0
github.com/aerol-ai/microvm/sdk/go/internal/apiclient/client.go:152.2,153.32 2 1
github.com/aerol-ai/microvm/sdk/go/internal/apiclient/client.go:153.32,155.3 1 0
github.com/aerol-ai/microvm/sdk/go/internal/apiclient/client.go:156.2,156.12 1 1
github.com/aerol-ai/microvm/sdk/go/internal/apiclient/client.go:159.91,162.16 3 0
github.com/aerol-ai/microvm/sdk/go/internal/apiclient/client.go:162.16,164.3 1 0
github.com/aerol-ai/microvm/sdk/go/internal/apiclient/client.go:165.2,168.16 3 0
github.com/aerol-ai/microvm/sdk/go/internal/apiclient/client.go:168.16,170.3 1 0
github.com/aerol-ai/microvm/sdk/go/internal/apiclient/client.go:171.2,172.32 2 0
github.com/aerol-ai/microvm/sdk/go/internal/apiclient/client.go:172.32,174.3 1 0
github.com/aerol-ai/microvm/sdk/go/internal/apiclient/client.go:175.2,175.34 1 0
github.com/aerol-ai/microvm/sdk/go/internal/apiclient/client.go:178.87,184.2 3 0
github.com/aerol-ai/microvm/sdk/go/internal/apiclient/client.go:186.79,188.2 1 0
github.com/aerol-ai/microvm/sdk/go/internal/apiclient/client.go:190.68,194.2 3 1
github.com/aerol-ai/microvm/sdk/go/internal/apiclient/client.go:196.54,198.16 2 0
[...]
github.com/aerol-ai/microvm/sdk/go/internal/apiclient/exec_stream.go:132.57,137.2 4 1
github.com/aerol-ai/microvm/sdk/go/internal/apiclient/exec_stream.go:139.64,140.6 1 1
github.com/aerol-ai/microvm/sdk/go/internal/apiclient/exec_stream.go:140.6,142.17 2 1
github.com/aerol-ai/microvm/sdk/go/internal/apiclient/exec_stream.go:142.17,145.4 2 0
github.com/aerol-ai/microvm/sdk/go/internal/apiclient/exec_stream.go:147.3,147.22 1 1
github.com/aerol-ai/microvm/sdk/go/internal/apiclient/exec_stream.go:148.30,150.60 2 1
github.com/aerol-ai/microvm/sdk/go/internal/apiclient/exec_stream.go:150.60,151.13 1 0
github.com/aerol-ai/microvm/sdk/go/internal/apiclient/exec_stream.go:153.4,153.24 1 1
github.com/aerol-ai/microvm/sdk/go/internal/apiclient/exec_stream.go:154.16,157.11 3 1
github.com/aerol-ai/microvm/sdk/go/internal/apiclient/exec_stream.go:158.17,159.31 1 0
github.com/aerol-ai/microvm/sdk/go/internal/apiclient/exec_stream.go:159.31,161.6 1 0
github.com/aerol-ai/microvm/sdk/go/internal/apiclient/exec_stream.go:162.5,162.30 1 0
github.com/aerol-ai/microvm/sdk/go/internal/apiclient/exec_stream.go:162.30,164.6 1 0
github.com/aerol-ai/microvm/sdk/go/internal/apiclient/exec_stream.go:165.5,167.11 3 0
github.com/aerol-ai/microvm/sdk/go/internal/apiclient/exec_stream.go:169.32,170.25 1 1
github.com/aerol-ai/microvm/sdk/go/internal/apiclient/exec_stream.go:170.25,171.13 1 0
github.com/aerol-ai/microvm/sdk/go/internal/apiclient/exec_stream.go:173.4,174.22 2 1
github.com/aerol-ai/microvm/sdk/go/internal/apiclient/exec_stream.go:175.28,176.32 1 1
github.com/aerol-ai/microvm/sdk/go/internal/apiclient/exec_stream.go:176.32,178.6 1 1
github.com/aerol-ai/microvm/sdk/go/internal/apiclient/exec_stream.go:179.28,180.32 1 1
github.com/aerol-ai/microvm/sdk/go/internal/apiclient/exec_stream.go:180.32,182.6 1 1
github.com/aerol-ai/microvm/sdk/go/internal/apiclient/exec_stream.go:188.57,192.2 3 1
github.com/aerol-ai/microvm/sdk/go/internal/apiclient/exec_stream.go:194.80,198.2 3 1
github.com/aerol-ai/microvm/sdk/go/internal/apiclient/exec_stream.go:200.65,201.25 1 1
github.com/aerol-ai/microvm/sdk/go/internal/apiclient/exec_stream.go:201.25,206.3 4 1
github.com/aerol-ai/microvm/sdk/go/internal/apiclient/exec_stream.go:209.57,211.16 2 1
github.com/aerol-ai/microvm/sdk/go/internal/apiclient/exec_stream.go:211.16,213.3 1 0
github.com/aerol-ai/microvm/sdk/go/internal/apiclient/exec_stream.go:214.2,214.23 1 1
github.com/aerol-ai/microvm/sdk/go/internal/apiclient/exec_stream.go:215.14,216.23 1 1
github.com/aerol-ai/microvm/sdk/go/internal/apiclient/exec_stream.go:217.15,218.24 1 0
github.com/aerol-ai/microvm/sdk/go/internal/apiclient/exec_stream.go:219.19,219.19 0 0
github.com/aerol-ai/microvm/sdk/go/internal/apiclient/exec_stream.go:220.10,221.73 1 0
github.com/aerol-ai/microvm/sdk/go/internal/apiclient/exec_stream.go:223.2,223.29 1 1
github.com/aerol-ai/microvm/sdk/go/internal/apiclient/sessions.go:28.114,32.2 3 1
github.com/aerol-ai/microvm/sdk/go/internal/apiclient/sessions.go:34.89,36.110 2 1
github.com/aerol-ai/microvm/sdk/go/internal/apiclient/sessions.go:36.110,38.3 1 0
github.com/aerol-ai/microvm/sdk/go/internal/apiclient/sessions.go:39.2,39.31 1 1
github.com/aerol-ai/microvm/sdk/go/internal/apiclient/sessions.go:42.96,46.2 3 1
github.com/aerol-ai/microvm/sdk/go/internal/apiclient/sessions.go:48.88,50.2 1 1
github.com/aerol-ai/microvm/sdk/go/internal/apiclient/sessions.go:52.96,54.2 1 1
github.com/aerol-ai/microvm/sdk/go/internal/apiclient/sessions.go:56.104,58.2 1 1
github.com/aerol-ai/microvm/sdk/go/internal/apiclient/sessions.go:62.95,64.16 2 1
github.com/aerol-ai/microvm/sdk/go/internal/apiclient/sessions.go:64.16,66.3 1 0
github.com/aerol-ai/microvm/sdk/go/internal/apiclient/sessions.go:67.2,70.16 3 1
github.com/aerol-ai/microvm/sdk/go/internal/apiclient/sessions.go:70.16,72.3 1 0
github.com/aerol-ai/microvm/sdk/go/internal/apiclient/sessions.go:73.2,74.32 2 1
github.com/aerol-ai/microvm/sdk/go/internal/apiclient/sessions.go:74.32,76.3 1 0
github.com/aerol-ai/microvm/sdk/go/internal/apiclient/sessions.go:77.2,77.34 1 1
github.com/aerol-ai/microvm/sdk/go/internal/apiclient/sessions.go:82.101,84.16 2 1
github.com/aerol-ai/microvm/sdk/go/internal/apiclient/sessions.go:84.16,86.3 1 0
github.com/aerol-ai/microvm/sdk/go/internal/apiclient/sessions.go:87.2,90.16 3 1
github.com/aerol-ai/microvm/sdk/go/internal/apiclient/sessions.go:90.16,92.3 1 0
github.com/aerol-ai/microvm/sdk/go/internal/apiclient/sessions.go:93.2,94.32 2 1
github.com/aerol-ai/microvm/sdk/go/internal/apiclient/sessions.go:94.32,96.3 1 0
github.com/aerol-ai/microvm/sdk/go/internal/apiclient/sessions.go:97.2,97.34 1 1
github.com/aerol-ai/microvm/sdk/go/internal/apiclient/sessions.go:145.142,146.40 1 0
github.com/aerol-ai/microvm/sdk/go/internal/apiclient/sessions.go:146.40,148.3 1 0
github.com/aerol-ai/microvm/sdk/go/internal/apiclient/sessions.go:149.2,150.16 2 0
github.com/aerol-ai/microvm/sdk/go/internal/apiclient/sessions.go:150.16,152.3 1 0
github.com/aerol-ai/microvm/sdk/go/internal/apiclient/sessions.go:153.2,154.22 2 0
github.com/aerol-ai/microvm/sdk/go/internal/apiclient/sessions.go:154.22,156.3 1 0
github.com/aerol-ai/microvm/sdk/go/internal/apiclient/sessions.go:157.2,158.16 2 0
github.com/aerol-ai/microvm/sdk/go/internal/apiclient/sessions.go:158.16,160.3 1 0
github.com/aerol-ai/microvm/sdk/go/internal/apiclient/sessions.go:162.2,167.42 2 0
github.com/aerol-ai/microvm/sdk/go/internal/apiclient/sessions.go:167.42,169.3 1 0
github.com/aerol-ai/microvm/sdk/go/internal/apiclient/sessions.go:171.2,172.12 2 0
github.com/aerol-ai/microvm/sdk/go/internal/apiclient/sessions.go:172.12,173.10 1 0
github.com/aerol-ai/microvm/sdk/go/internal/apiclient/sessions.go:174.21,176.20 2 0
github.com/aerol-ai/microvm/sdk/go/internal/apiclient/sessions.go:177.22,177.22 0 0
github.com/aerol-ai/microvm/sdk/go/internal/apiclient/sessions.go:181.2,181.20 1 0
github.com/aerol-ai/microvm/sdk/go/internal/apiclient/sessions.go:184.56,186.2 1 0
github.com/aerol-ai/microvm/sdk/go/internal/apiclient/sessions.go:188.62,190.2 1 0
github.com/aerol-ai/microvm/sdk/go/internal/apiclient/sessions.go:192.60,194.2 1 0
github.com/aerol-ai/microvm/sdk/go/internal/apiclient/sessions.go:196.57,198.2 1 0
github.com/aerol-ai/microvm/sdk/go/internal/apiclient/sessions.go:201.45,205.2 3 0
github.com/aerol-ai/microvm/sdk/go/internal/apiclient/sessions.go:209.59,214.2 4 0
github.com/aerol-ai/microvm/sdk/go/internal/apiclient/sessions.go:216.70,217.6 1 0
github.com/aerol-ai/microvm/sdk/go/internal/apiclient/sessions.go:217.6,219.17 2 0
github.com/aerol-ai/microvm/sdk/go/internal/apiclient/sessions.go:219.17,222.4 2 0
github.com/aerol-ai/microvm/sdk/go/internal/apiclient/sessions.go:223.3,223.22 1 0
github.com/aerol-ai/microvm/sdk/go/internal/apiclient/sessions.go:224.30,226.60 2 0
github.com/aerol-ai/microvm/sdk/go/internal/apiclient/sessions.go:226.60,227.13 1 0
github.com/aerol-ai/microvm/sdk/go/internal/apiclient/sessions.go:229.4,229.24 1 0
github.com/aerol-ai/microvm/sdk/go/internal/apiclient/sessions.go:230.16,231.30 1 0
github.com/aerol-ai/microvm/sdk/go/internal/apiclient/sessions.go:231.30,233.6 1 0
github.com/aerol-ai/microvm/sdk/go/internal/apiclient/sessions.go:234.5,236.11 3 0
github.com/aerol-ai/microvm/sdk/go/internal/apiclient/sessions.go:237.17,238.31 1 0
github.com/aerol-ai/microvm/sdk/go/internal/apiclient/sessions.go:238.31,240.6 1 0
github.com/aerol-ai/microvm/sdk/go/internal/apiclient/sessions.go:241.5,241.30 1 0
github.com/aerol-ai/microvm/sdk/go/internal/apiclient/sessions.go:241.30,243.6 1 0
github.com/aerol-ai/microvm/sdk/go/internal/apiclient/sessions.go:244.5,246.11 3 0
github.com/aerol-ai/microvm/sdk/go/internal/apiclient/sessions.go:248.32,249.25 1 0
github.com/aerol-ai/microvm/sdk/go/internal/apiclient/sessions.go:249.25,250.13 1 0
github.com/aerol-ai/microvm/sdk/go/internal/apiclient/sessions.go:252.4,253.22 2 0
github.com/aerol-ai/microvm/sdk/go/internal/apiclient/sessions.go:254.28,255.32 1 0
github.com/aerol-ai/microvm/sdk/go/internal/apiclient/sessions.go:255.32,257.6 1 0
github.com/aerol-ai/microvm/sdk/go/internal/apiclient/sessions.go:258.28,259.32 1 0
github.com/aerol-ai/microvm/sdk/go/internal/apiclient/sessions.go:259.32,261.6 1 0
github.com/aerol-ai/microvm/sdk/go/internal/apiclient/sessions.go:267.60,271.2 3 0
github.com/aerol-ai/microvm/sdk/go/internal/apiclient/sessions.go:273.83,277.2 3 0
github.com/aerol-ai/microvm/sdk/go/internal/apiclient/sessions.go:279.74,280.25 1 0
github.com/aerol-ai/microvm/sdk/go/internal/apiclient/sessions.go:280.25,285.3 4 0
github.com/aerol-ai/microvm/sdk/go/pkg/microvm/client.go:37.35,39.2 1 1
github.com/aerol-ai/microvm/sdk/go/pkg/microvm/client.go:41.75,46.19 4 1
github.com/aerol-ai/microvm/sdk/go/pkg/microvm/client.go:46.19,50.3 3 1
github.com/aerol-ai/microvm/sdk/go/pkg/microvm/client.go:52.2,52.20 1 1
github.com/aerol-ai/microvm/sdk/go/pkg/microvm/client.go:52.20,54.3 1 1
github.com/aerol-ai/microvm/sdk/go/pkg/microvm/client.go:55.2,55.18 1 1
github.com/aerol-ai/microvm/sdk/go/pkg/microvm/client.go:55.18,57.19 2 1
github.com/aerol-ai/microvm/sdk/go/pkg/microvm/client.go:57.19,59.4 1 1
github.com/aerol-ai/microvm/sdk/go/pkg/microvm/client.go:61.2,61.20 1 1
github.com/aerol-ai/microvm/sdk/go/pkg/microvm/client.go:61.20,63.3 1 1
github.com/aerol-ai/microvm/sdk/go/pkg/microvm/client.go:65.2,74.8 2 1
github.com/aerol-ai/microvm/sdk/go/pkg/microvm/client.go:77.100,79.16 2 1
github.com/aerol-ai/microvm/sdk/go/pkg/microvm/client.go:79.16,81.3 1 0
github.com/aerol-ai/microvm/sdk/go/pkg/microvm/client.go:82.2,84.21 3 1
github.com/aerol-ai/microvm/sdk/go/pkg/microvm/client.go:87.64,89.16 2 1
github.com/aerol-ai/microvm/sdk/go/pkg/microvm/client.go:89.16,91.3 1 0
github.com/aerol-ai/microvm/sdk/go/pkg/microvm/client.go:92.2,93.29 2 1
github.com/aerol-ai/microvm/sdk/go/pkg/microvm/client.go:93.29,95.3 1 0
github.com/aerol-ai/microvm/sdk/go/pkg/microvm/client.go:96.2,96.21 1 1
github.com/aerol-ai/microvm/sdk/go/pkg/microvm/client.go:99.72,101.16 2 0
github.com/aerol-ai/microvm/sdk/go/pkg/microvm/client.go:101.16,103.3 1 0
github.com/aerol-ai/microvm/sdk/go/pkg/microvm/client.go:104.2,104.34 1 0
github.com/aerol-ai/microvm/sdk/go/pkg/microvm/client.go:110.95,112.2 1 0
github.com/aerol-ai/microvm/sdk/go/pkg/microvm/client.go:114.74,116.16 2 0
github.com/aerol-ai/microvm/sdk/go/pkg/microvm/client.go:116.16,118.3 1 0
github.com/aerol-ai/microvm/sdk/go/pkg/microvm/client.go:119.2,119.34 1 0
github.com/aerol-ai/microvm/sdk/go/pkg/microvm/client.go:122.73,124.16 2 0
github.com/aerol-ai/microvm/sdk/go/pkg/microvm/client.go:124.16,126.3 1 0
github.com/aerol-ai/microvm/sdk/go/pkg/microvm/client.go:127.2,127.34 1 0
github.com/aerol-ai/microvm/sdk/go/pkg/microvm/client.go:130.64,132.2 1 0
github.com/aerol-ai/microvm/sdk/go/pkg/microvm/client.go:134.111,136.16 2 0
github.com/aerol-ai/microvm/sdk/go/pkg/microvm/client.go:136.16,138.3 1 0
github.com/aerol-ai/microvm/sdk/go/pkg/microvm/client.go:139.2,139.34 1 0
github.com/aerol-ai/microvm/sdk/go/pkg/microvm/client.go:142.77,144.2 1 0
github.com/aerol-ai/microvm/sdk/go/pkg/microvm/client.go:146.124,148.16 2 1
github.com/aerol-ai/microvm/sdk/go/pkg/microvm/client.go:148.16,150.3 1 1
github.com/aerol-ai/microvm/sdk/go/pkg/microvm/client.go:151.2,151.46 1 0
github.com/aerol-ai/microvm/sdk/go/pkg/microvm/client.go:154.54,156.16 2 0
github.com/aerol-ai/microvm/sdk/go/pkg/microvm/client.go:156.16,158.3 1 0
github.com/aerol-ai/microvm/sdk/go/pkg/microvm/client.go:159.2,160.12 2 0
github.com/aerol-ai/microvm/sdk/go/pkg/microvm/client.go:163.104,165.2 1 0
github.com/aerol-ai/microvm/sdk/go/pkg/microvm/client.go:167.97,169.2 1 0
github.com/aerol-ai/microvm/sdk/go/pkg/microvm/client.go:171.114,173.2 1 1
github.com/aerol-ai/microvm/sdk/go/pkg/microvm/client.go:175.89,177.2 1 0
github.com/aerol-ai/microvm/sdk/go/pkg/microvm/client.go:179.88,181.2 1 0
github.com/aerol-ai/microvm/sdk/go/pkg/microvm/client.go:183.77,185.2 1 0
github.com/aerol-ai/microvm/sdk/go/pkg/microvm/client.go:187.69,189.2 1 0
github.com/aerol-ai/microvm/sdk/go/pkg/microvm/client.go:191.52,193.16 2 0
github.com/aerol-ai/microvm/sdk/go/pkg/microvm/client.go:193.16,195.3 1 0
github.com/aerol-ai/microvm/sdk/go/pkg/microvm/client.go:196.2,197.12 2 0
github.com/aerol-ai/microvm/sdk/go/pkg/microvm/client.go:200.51,202.16 2 0
github.com/aerol-ai/microvm/sdk/go/pkg/microvm/client.go:202.16,204.3 1 0
github.com/aerol-ai/microvm/sdk/go/pkg/microvm/client.go:205.2,206.12 2 0
github.com/aerol-ai/microvm/sdk/go/pkg/microvm/client.go:209.54,211.2 1 0
github.com/aerol-ai/microvm/sdk/go/pkg/microvm/client.go:213.89,215.16 2 0
github.com/aerol-ai/microvm/sdk/go/pkg/microvm/client.go:215.16,217.3 1 0
github.com/aerol-ai/microvm/sdk/go/pkg/microvm/client.go:218.2,219.12 2 0
github.com/aerol-ai/microvm/sdk/go/pkg/microvm/client.go:222.53,224.2 1 0
github.com/aerol-ai/microvm/sdk/go/pkg/microvm/client.go:226.59,228.2 1 0
github.com/aerol-ai/microvm/sdk/go/pkg/microvm/client.go:230.57,232.2 1 0
github.com/aerol-ai/microvm/sdk/go/pkg/microvm/client.go:234.54,236.2 1 0
github.com/aerol-ai/microvm/sdk/go/pkg/microvm/client.go:238.42,240.2 1 0
github.com/aerol-ai/microvm/sdk/go/pkg/microvm/client.go:242.66,244.2 1 0
github.com/aerol-ai/microvm/sdk/go/pkg/microvm/client.go:246.68,247.17 1 1
github.com/aerol-ai/microvm/sdk/go/pkg/microvm/client.go:247.17,249.3 1 0
github.com/aerol-ai/microvm/sdk/go/pkg/microvm/client.go:250.2,253.3 1 1
github.com/aerol-ai/microvm/sdk/go/pkg/microvm/sessions.go:20.133,22.2 1 0
github.com/aerol-ai/microvm/sdk/go/pkg/microvm/sessions.go:24.98,26.2 1 0
github.com/aerol-ai/microvm/sdk/go/pkg/microvm/sessions.go:28.105,30.2 1 0
github.com/aerol-ai/microvm/sdk/go/pkg/microvm/sessions.go:32.88,34.2 1 0
github.com/aerol-ai/microvm/sdk/go/pkg/microvm/sessions.go:36.96,38.2 1 0
github.com/aerol-ai/microvm/sdk/go/pkg/microvm/sessions.go:40.104,42.2 1 0
github.com/aerol-ai/microvm/sdk/go/pkg/microvm/sessions.go:44.95,46.2 1 0
github.com/aerol-ai/microvm/sdk/go/pkg/microvm/sessions.go:48.101,50.2 1 0
github.com/aerol-ai/microvm/sdk/go/pkg/microvm/sessions.go:52.142,54.16 2 0
github.com/aerol-ai/microvm/sdk/go/pkg/microvm/sessions.go:54.16,56.3 1 0
github.com/aerol-ai/microvm/sdk/go/pkg/microvm/sessions.go:57.2,57.49 1 0
github.com/aerol-ai/microvm/sdk/go/pkg/microvm/sessions.go:62.116,64.2 1 0
github.com/aerol-ai/microvm/sdk/go/pkg/microvm/sessions.go:66.81,68.2 1 0
github.com/aerol-ai/microvm/sdk/go/pkg/microvm/sessions.go:70.95,72.2 1 0
github.com/aerol-ai/microvm/sdk/go/pkg/microvm/sessions.go:74.78,76.2 1 0
github.com/aerol-ai/microvm/sdk/go/pkg/microvm/sessions.go:78.86,80.2 1 0
github.com/aerol-ai/microvm/sdk/go/pkg/microvm/sessions.go:82.94,84.2 1 0
github.com/aerol-ai/microvm/sdk/go/pkg/microvm/sessions.go:86.85,88.2 1 0
github.com/aerol-ai/microvm/sdk/go/pkg/microvm/sessions.go:90.91,92.2 1 0
github.com/aerol-ai/microvm/sdk/go/pkg/microvm/sessions.go:94.132,96.2 1 0
github.com/aerol-ai/microvm/sdk/go/pkg/microvm/sessions.go:100.56,102.2 1 0
github.com/aerol-ai/microvm/sdk/go/pkg/microvm/sessions.go:104.62,106.2 1 0
github.com/aerol-ai/microvm/sdk/go/pkg/microvm/sessions.go:108.60,110.2 1 0
github.com/aerol-ai/microvm/sdk/go/pkg/microvm/sessions.go:112.57,114.2 1 0
github.com/aerol-ai/microvm/sdk/go/pkg/microvm/sessions.go:116.45,118.2 1 0
github.com/aerol-ai/microvm/sdk/go/pkg/microvm/sessions.go:120.59,122.2 1 0
github.com/aerol-ai/microvm/pkg/docker/netrules/manager.go:16.42,17.41 1 0
github.com/aerol-ai/microvm/pkg/docker/netrules/manager.go:17.41,19.3 1 0
github.com/aerol-ai/microvm/pkg/docker/netrules/manager.go:21.2,22.16 2 0
github.com/aerol-ai/microvm/pkg/docker/netrules/manager.go:22.16,24.3 1 0
github.com/aerol-ai/microvm/pkg/docker/netrules/manager.go:26.2,29.8 1 0
github.com/aerol-ai/microvm/pkg/docker/netrules/manager.go:32.34,34.2 1 0
github.com/aerol-ai/microvm/pkg/docker/netrules/manager.go:43.60,44.39 1 0
github.com/aerol-ai/microvm/pkg/docker/netrules/manager.go:44.39,46.3 1 0
github.com/aerol-ai/microvm/pkg/docker/netrules/manager.go:48.2,49.16 2 0
github.com/aerol-ai/microvm/pkg/docker/netrules/manager.go:49.16,51.3 1 0
github.com/aerol-ai/microvm/pkg/docker/netrules/manager.go:52.2,52.12 1 0
github.com/aerol-ai/microvm/pkg/docker/netrules/manager.go:52.12,54.3 1 0
github.com/aerol-ai/microvm/pkg/docker/netrules/manager.go:56.2,56.98 1 0
github.com/aerol-ai/microvm/pkg/docker/netrules/manager.go:56.98,58.3 1 0
github.com/aerol-ai/microvm/pkg/docker/netrules/manager.go:60.2,60.12 1 0
github.com/aerol-ai/microvm/pkg/docker/netrules/manager.go:63.65,64.39 1 0
github.com/aerol-ai/microvm/pkg/docker/netrules/manager.go:64.39,66.3 1 0
github.com/aerol-ai/microvm/pkg/docker/netrules/manager.go:68.2,69.75 2 0
github.com/aerol-ai/microvm/pkg/docker/netrules/manager.go:69.75,71.3 1 0
github.com/aerol-ai/microvm/pkg/docker/netrules/manager.go:73.2,73.12 1 0
github.com/aerol-ai/microvm/pkg/mounts/adapters/adapter.go:44.46,51.2 1 0
github.com/aerol-ai/microvm/pkg/mounts/adapters/nfs.go:13.112,15.16 2 0
github.com/aerol-ai/microvm/pkg/mounts/adapters/nfs.go:15.16,16.20 1 0
github.com/aerol-ai/microvm/pkg/mounts/adapters/nfs.go:16.20,18.4 1 0
github.com/aerol-ai/microvm/pkg/mounts/adapters/nfs.go:18.9,20.4 1 0
github.com/aerol-ai/microvm/pkg/mounts/adapters/nfs.go:21.8,21.26 1 0
github.com/aerol-ai/microvm/pkg/mounts/adapters/nfs.go:21.26,23.3 1 0
github.com/aerol-ai/microvm/pkg/mounts/adapters/nfs.go:25.2,30.8 2 0
github.com/aerol-ai/microvm/pkg/mounts/adapters/rclone.go:16.115,18.16 2 0
github.com/aerol-ai/microvm/pkg/mounts/adapters/rclone.go:18.16,20.3 1 0
github.com/aerol-ai/microvm/pkg/mounts/adapters/rclone.go:22.2,30.19 3 0
github.com/aerol-ai/microvm/pkg/mounts/adapters/rclone.go:30.19,32.3 1 0
github.com/aerol-ai/microvm/pkg/mounts/adapters/rclone.go:34.2,39.8 1 0
github.com/aerol-ai/microvm/pkg/mounts/adapters/rclone.go:42.41,43.13 1 0
github.com/aerol-ai/microvm/pkg/mounts/adapters/rclone.go:43.13,45.3 1 0
github.com/aerol-ai/microvm/pkg/mounts/adapters/rclone.go:46.2,46.10 1 0
github.com/aerol-ai/microvm/pkg/mounts/adapters/s3.go:16.111,18.18 2 0
github.com/aerol-ai/microvm/pkg/mounts/adapters/s3.go:18.18,20.3 1 0
github.com/aerol-ai/microvm/pkg/mounts/adapters/s3.go:22.2,26.18 4 0
github.com/aerol-ai/microvm/pkg/mounts/adapters/s3.go:26.18,28.3 1 0
github.com/aerol-ai/microvm/pkg/mounts/adapters/s3.go:29.2,29.52 1 0
github.com/aerol-ai/microvm/pkg/mounts/adapters/s3.go:29.52,31.3 1 0
github.com/aerol-ai/microvm/pkg/mounts/adapters/s3.go:32.2,32.58 1 0
github.com/aerol-ai/microvm/pkg/mounts/adapters/s3.go:32.58,34.3 1 0
github.com/aerol-ai/microvm/pkg/mounts/adapters/s3.go:35.2,35.19 1 0
github.com/aerol-ai/microvm/pkg/mounts/adapters/s3.go:35.19,37.3 1 0
github.com/aerol-ai/microvm/pkg/mounts/adapters/s3.go:38.2,38.54 1 0
github.com/aerol-ai/microvm/pkg/mounts/adapters/s3.go:38.54,42.3 1 0
github.com/aerol-ai/microvm/pkg/mounts/adapters/s3.go:44.2,55.8 2 0
github.com/aerol-ai/microvm/pkg/mounts/adapters/s3.go:58.59,61.45 3 0
github.com/aerol-ai/microvm/pkg/mounts/adapters/s3.go:61.45,63.3 1 0
github.com/aerol-ai/microvm/pkg/mounts/adapters/s3.go:64.2,64.19 1 0
github.com/aerol-ai/microvm/pkg/mounts/adapters/s3.go:67.62,70.42 3 0
github.com/aerol-ai/microvm/pkg/mounts/adapters/s3.go:70.42,72.3 1 0
github.com/aerol-ai/microvm/pkg/mounts/adapters/s3.go:73.2,73.46 1 0
github.com/aerol-ai/microvm/pkg/mounts/adapters/s3.go:73.46,75.3 1 0
github.com/aerol-ai/microvm/pkg/mounts/adapters/s3.go:76.2,76.42 1 0
github.com/aerol-ai/microvm/pkg/mounts/adapters/s3.go:76.42,78.3 1 0
github.com/aerol-ai/microvm/pkg/mounts/adapters/s3.go:79.2,79.27 1 0
github.com/aerol-ai/microvm/pkg/mounts/adapters/sshfs.go:17.114,19.15 2 0
github.com/aerol-ai/microvm/pkg/mounts/adapters/sshfs.go:19.15,21.3 1 0
github.com/aerol-ai/microvm/pkg/mounts/adapters/sshfs.go:23.2,28.19 3 0
github.com/aerol-ai/microvm/pkg/mounts/adapters/sshfs.go:28.19,30.3 1 0
github.com/aerol-ai/microvm/pkg/mounts/adapters/sshfs.go:32.2,39.8 2 0
